[0.015s] Invoking command in '/home/shiyuanduan/RapidTile/rapid_tile_ws/build/kinematics_utils': CMAKE_PREFIX_PATH=${CMAKE_PREFIX_PATH}:/opt/ros/humble /usr/bin/cmake --build /home/shiyuanduan/RapidTile/rapid_tile_ws/build/kinematics_utils -- -j16 -l16
[0.033s] -- Found ament_cmake: 1.3.3 (/opt/ros/humble/share/ament_cmake/cmake)
[0.163s] -- Found rclcpp: 16.0.3 (/opt/ros/humble/share/rclcpp/cmake)
[0.274s] -- Found rosidl_generator_c: 3.1.4 (/opt/ros/humble/share/rosidl_generator_c/cmake)
[0.275s] -- Found rosidl_adapter: 3.1.4 (/opt/ros/humble/share/rosidl_adapter/cmake)
[0.279s] -- Found rosidl_generator_cpp: 3.1.4 (/opt/ros/humble/share/rosidl_generator_cpp/cmake)
[0.285s] -- Using all available rosidl_typesupport_c: rosidl_typesupport_fastrtps_c;rosidl_typesupport_introspection_c
[0.294s] -- Using all available rosidl_typesupport_cpp: rosidl_typesupport_fastrtps_cpp;rosidl_typesupport_introspection_cpp
[0.328s] -- Found rmw_implementation_cmake: 6.1.1 (/opt/ros/humble/share/rmw_implementation_cmake/cmake)
[0.329s] -- Found rmw_fastrtps_cpp: 6.2.2 (/opt/ros/humble/share/rmw_fastrtps_cpp/cmake)
[3.410s] -- Using RMW implementation 'rmw_fastrtps_cpp' as default
[3.502s] -- Found example_interfaces: 0.9.3 (/opt/ros/humble/share/example_interfaces/cmake)
[3.581s] -- Found geometry_msgs: 4.2.3 (/opt/ros/humble/share/geometry_msgs/cmake)
[3.607s] -- Found rosidl_default_generators: 1.2.0 (/opt/ros/humble/share/rosidl_default_generators/cmake)
[3.610s] -- Found ament_lint_auto: 0.12.5 (/opt/ros/humble/share/ament_lint_auto/cmake)
[3.655s] -- Added test 'cppcheck' to perform static code analysis on C / C++ code
[3.655s] -- Configured cppcheck include dirs: 
[3.655s] -- Configured cppcheck exclude dirs and/or files: 
[3.655s] -- Added test 'lint_cmake' to check CMake code style
[3.656s] -- Added test 'uncrustify' to check C / C++ code style
[3.656s] -- Configured uncrustify additional arguments: 
[3.656s] -- Added test 'xmllint' to check XML markup files
[3.656s] -- Configuring done
[3.662s] -- Generating done
[3.664s] -- Build files have been written to: /home/shiyuanduan/RapidTile/rapid_tile_ws/build/kinematics_utils
[3.681s] [ 50%] [32mBuilding CXX object CMakeFiles/IKServer.dir/src/SolveIK.cpp.o[0m
[3.799s] [01m[K/home/shiyuanduan/RapidTile/rapid_tile_ws/src/kinematics_utils/src/SolveIK.cpp:2:10:[m[K [01;31m[Kfatal error: [m[Krt_interfaces/SolveIK.hpp: No such file or directory
[3.799s]     2 | #include [01;31m[K"rt_interfaces/SolveIK.hpp"[m[K
[3.799s]       |          [01;31m[K^~~~~~~~~~~~~~~~~~~~~~~~~~~[m[K
[3.799s] compilation terminated.
[3.800s] gmake[2]: *** [CMakeFiles/IKServer.dir/build.make:76: CMakeFiles/IKServer.dir/src/SolveIK.cpp.o] Error 1
[3.801s] gmake[1]: *** [CMakeFiles/Makefile2:137: CMakeFiles/IKServer.dir/all] Error 2
[3.801s] gmake: *** [Makefile:146: all] Error 2
[3.802s] Invoked command in '/home/shiyuanduan/RapidTile/rapid_tile_ws/build/kinematics_utils' returned '2': CMAKE_PREFIX_PATH=${CMAKE_PREFIX_PATH}:/opt/ros/humble /usr/bin/cmake --build /home/shiyuanduan/RapidTile/rapid_tile_ws/build/kinematics_utils -- -j16 -l16
