running egg_info
creating ../../build/arm_ctrl/arm_ctrl.egg-info
writing ../../build/arm_ctrl/arm_ctrl.egg-info/PKG-INFO
writing dependency_links to ../../build/arm_ctrl/arm_ctrl.egg-info/dependency_links.txt
writing entry points to ../../build/arm_ctrl/arm_ctrl.egg-info/entry_points.txt
writing requirements to ../../build/arm_ctrl/arm_ctrl.egg-info/requires.txt
writing top-level names to ../../build/arm_ctrl/arm_ctrl.egg-info/top_level.txt
writing manifest file '../../build/arm_ctrl/arm_ctrl.egg-info/SOURCES.txt'
reading manifest file '../../build/arm_ctrl/arm_ctrl.egg-info/SOURCES.txt'
writing manifest file '../../build/arm_ctrl/arm_ctrl.egg-info/SOURCES.txt'
running build
running build_py
creating /home/shiyuanduan/RapidTile/rapid_tile_ws/build/arm_ctrl/build
creating /home/shiyuanduan/RapidTile/rapid_tile_ws/build/arm_ctrl/build/lib
creating /home/shiyuanduan/RapidTile/rapid_tile_ws/build/arm_ctrl/build/lib/arm_ctrl
copying arm_ctrl/__init__.py -> /home/shiyuanduan/RapidTile/rapid_tile_ws/build/arm_ctrl/build/lib/arm_ctrl
running install
running install_lib
creating /home/shiyuanduan/RapidTile/rapid_tile_ws/install/arm_ctrl/lib/python3.10/site-packages/arm_ctrl
copying /home/shiyuanduan/RapidTile/rapid_tile_ws/build/arm_ctrl/build/lib/arm_ctrl/__init__.py -> /home/shiyuanduan/RapidTile/rapid_tile_ws/install/arm_ctrl/lib/python3.10/site-packages/arm_ctrl
byte-compiling /home/shiyuanduan/RapidTile/rapid_tile_ws/install/arm_ctrl/lib/python3.10/site-packages/arm_ctrl/__init__.py to __init__.cpython-310.pyc
running install_data
creating /home/shiyuanduan/RapidTile/rapid_tile_ws/install/arm_ctrl/share/ament_index
creating /home/shiyuanduan/RapidTile/rapid_tile_ws/install/arm_ctrl/share/ament_index/resource_index
creating /home/shiyuanduan/RapidTile/rapid_tile_ws/install/arm_ctrl/share/ament_index/resource_index/packages
copying resource/arm_ctrl -> /home/shiyuanduan/RapidTile/rapid_tile_ws/install/arm_ctrl/share/ament_index/resource_index/packages
copying package.xml -> /home/shiyuanduan/RapidTile/rapid_tile_ws/install/arm_ctrl/share/arm_ctrl
running install_egg_info
Copying ../../build/arm_ctrl/arm_ctrl.egg-info to /home/shiyuanduan/RapidTile/rapid_tile_ws/install/arm_ctrl/lib/python3.10/site-packages/arm_ctrl-0.0.0-py3.10.egg-info
running install_scripts
writing list of installed files to '/home/shiyuanduan/RapidTile/rapid_tile_ws/build/arm_ctrl/install.log'
