[0.016s] Invoking command in '/home/shiyuanduan/RapidTile/rapid_tile_ws/build/rt_interfaces': CMAKE_PREFIX_PATH=${CMAKE_PREFIX_PATH}:/opt/ros/humble /usr/bin/cmake --build /home/shiyuanduan/RapidTile/rapid_tile_ws/build/rt_interfaces -- -j16 -l16
[0.056s] [  3%] Built target rt_interfaces__cpp
[0.056s] [ 12%] Built target rt_interfaces__rosidl_generator_c
[0.066s] [ 12%] Built target ament_cmake_python_copy_rt_interfaces
[0.071s] [ 32%] Built target rt_interfaces__rosidl_typesupport_cpp
[0.071s] [ 32%] Built target rt_interfaces__rosidl_typesupport_introspection_cpp
[0.073s] [ 41%] Built target rt_interfaces__rosidl_typesupport_introspection_c
[0.073s] [ 51%] Built target rt_interfaces__rosidl_typesupport_fastrtps_c
[0.074s] [ 61%] Built target rt_interfaces__rosidl_typesupport_c
[0.075s] [ 70%] Built target rt_interfaces__rosidl_typesupport_fastrtps_cpp
[0.087s] [ 70%] Built target rt_interfaces
[0.098s] [ 74%] Built target rt_interfaces__py
[0.110s] [ 80%] Built target rt_interfaces__rosidl_generator_py
[0.126s] [ 87%] Built target rt_interfaces__rosidl_typesupport_c__pyext
[0.126s] [ 93%] Built target rt_interfaces__rosidl_typesupport_fastrtps_c__pyext
[0.126s] [100%] Built target rt_interfaces__rosidl_typesupport_introspection_c__pyext
[0.253s] running egg_info
[0.253s] writing rt_interfaces.egg-info/PKG-INFO
[0.254s] writing dependency_links to rt_interfaces.egg-info/dependency_links.txt
[0.254s] writing top-level names to rt_interfaces.egg-info/top_level.txt
[0.255s] reading manifest file 'rt_interfaces.egg-info/SOURCES.txt'
[0.255s] writing manifest file 'rt_interfaces.egg-info/SOURCES.txt'
[0.270s] [100%] Built target ament_cmake_python_build_rt_interfaces_egg
