[0.015s] Invoking command in '/home/shiyuanduan/RapidTile/rapid_tile_ws/build/cpp_srvcli': CMAKE_PREFIX_PATH=${CMAKE_PREFIX_PATH}:/opt/ros/humble /usr/bin/cmake --build /home/shiyuanduan/RapidTile/rapid_tile_ws/build/cpp_srvcli -- -j16 -l16
[0.031s] -- Found ament_cmake: 1.3.3 (/opt/ros/humble/share/ament_cmake/cmake)
[0.147s] -- Found rclcpp: 16.0.3 (/opt/ros/humble/share/rclcpp/cmake)
[0.236s] -- Found rosidl_generator_c: 3.1.4 (/opt/ros/humble/share/rosidl_generator_c/cmake)
[0.237s] -- Found rosidl_adapter: 3.1.4 (/opt/ros/humble/share/rosidl_adapter/cmake)
[0.240s] -- Found rosidl_generator_cpp: 3.1.4 (/opt/ros/humble/share/rosidl_generator_cpp/cmake)
[0.247s] -- Using all available rosidl_typesupport_c: rosidl_typesupport_fastrtps_c;rosidl_typesupport_introspection_c
[0.255s] -- Using all available rosidl_typesupport_cpp: rosidl_typesupport_fastrtps_cpp;rosidl_typesupport_introspection_cpp
[0.287s] -- Found rmw_implementation_cmake: 6.1.1 (/opt/ros/humble/share/rmw_implementation_cmake/cmake)
[0.288s] -- Found rmw_fastrtps_cpp: 6.2.2 (/opt/ros/humble/share/rmw_fastrtps_cpp/cmake)
[3.261s] -- Using RMW implementation 'rmw_fastrtps_cpp' as default
[3.350s] -- Found example_interfaces: 0.9.3 (/opt/ros/humble/share/example_interfaces/cmake)
[3.428s] -- Found ament_lint_auto: 0.12.5 (/opt/ros/humble/share/ament_lint_auto/cmake)
[3.485s] -- Added test 'cppcheck' to perform static code analysis on C / C++ code
[3.485s] -- Configured cppcheck include dirs: 
[3.485s] -- Configured cppcheck exclude dirs and/or files: 
[3.485s] -- Added test 'lint_cmake' to check CMake code style
[3.485s] -- Added test 'uncrustify' to check C / C++ code style
[3.485s] -- Configured uncrustify additional arguments: 
[3.485s] -- Added test 'xmllint' to check XML markup files
[3.486s] -- Configuring done
[3.492s] -- Generating done
[3.493s] -- Build files have been written to: /home/shiyuanduan/RapidTile/rapid_tile_ws/build/cpp_srvcli
[3.505s] [35m[1mConsolidate compiler generated dependencies of target server[0m
[3.506s] [35m[1mConsolidate compiler generated dependencies of target client[0m
[3.514s] [ 50%] Built target server
[3.515s] [ 75%] [32m[1mLinking CXX executable client[0m
[3.667s] [100%] Built target client
[3.673s] Invoked command in '/home/shiyuanduan/RapidTile/rapid_tile_ws/build/cpp_srvcli' returned '0': CMAKE_PREFIX_PATH=${CMAKE_PREFIX_PATH}:/opt/ros/humble /usr/bin/cmake --build /home/shiyuanduan/RapidTile/rapid_tile_ws/build/cpp_srvcli -- -j16 -l16
[3.688s] Invoking command in '/home/shiyuanduan/RapidTile/rapid_tile_ws/build/cpp_srvcli': CMAKE_PREFIX_PATH=${CMAKE_PREFIX_PATH}:/opt/ros/humble /usr/bin/cmake --install /home/shiyuanduan/RapidTile/rapid_tile_ws/build/cpp_srvcli
[3.691s] -- Install configuration: ""
[3.691s] -- Up-to-date: /home/shiyuanduan/RapidTile/rapid_tile_ws/install/cpp_srvcli/lib/cpp_srvcli/server
[3.691s] -- Installing: /home/shiyuanduan/RapidTile/rapid_tile_ws/install/cpp_srvcli/lib/cpp_srvcli/client
[3.692s] -- Set runtime path of "/home/shiyuanduan/RapidTile/rapid_tile_ws/install/cpp_srvcli/lib/cpp_srvcli/client" to ""
[3.692s] -- Up-to-date: /home/shiyuanduan/RapidTile/rapid_tile_ws/install/cpp_srvcli/share/ament_index/resource_index/package_run_dependencies/cpp_srvcli
[3.692s] -- Up-to-date: /home/shiyuanduan/RapidTile/rapid_tile_ws/install/cpp_srvcli/share/ament_index/resource_index/parent_prefix_path/cpp_srvcli
[3.692s] -- Up-to-date: /home/shiyuanduan/RapidTile/rapid_tile_ws/install/cpp_srvcli/share/cpp_srvcli/environment/ament_prefix_path.sh
[3.692s] -- Installing: /home/shiyuanduan/RapidTile/rapid_tile_ws/install/cpp_srvcli/share/cpp_srvcli/environment/ament_prefix_path.dsv
[3.693s] -- Up-to-date: /home/shiyuanduan/RapidTile/rapid_tile_ws/install/cpp_srvcli/share/cpp_srvcli/environment/path.sh
[3.693s] -- Installing: /home/shiyuanduan/RapidTile/rapid_tile_ws/install/cpp_srvcli/share/cpp_srvcli/environment/path.dsv
[3.693s] -- Up-to-date: /home/shiyuanduan/RapidTile/rapid_tile_ws/install/cpp_srvcli/share/cpp_srvcli/local_setup.bash
[3.693s] -- Up-to-date: /home/shiyuanduan/RapidTile/rapid_tile_ws/install/cpp_srvcli/share/cpp_srvcli/local_setup.sh
[3.693s] -- Up-to-date: /home/shiyuanduan/RapidTile/rapid_tile_ws/install/cpp_srvcli/share/cpp_srvcli/local_setup.zsh
[3.693s] -- Installing: /home/shiyuanduan/RapidTile/rapid_tile_ws/install/cpp_srvcli/share/cpp_srvcli/local_setup.dsv
[3.693s] -- Installing: /home/shiyuanduan/RapidTile/rapid_tile_ws/install/cpp_srvcli/share/cpp_srvcli/package.dsv
[3.693s] -- Up-to-date: /home/shiyuanduan/RapidTile/rapid_tile_ws/install/cpp_srvcli/share/ament_index/resource_index/packages/cpp_srvcli
[3.693s] -- Up-to-date: /home/shiyuanduan/RapidTile/rapid_tile_ws/install/cpp_srvcli/share/cpp_srvcli/cmake/cpp_srvcliConfig.cmake
[3.693s] -- Up-to-date: /home/shiyuanduan/RapidTile/rapid_tile_ws/install/cpp_srvcli/share/cpp_srvcli/cmake/cpp_srvcliConfig-version.cmake
[3.693s] -- Up-to-date: /home/shiyuanduan/RapidTile/rapid_tile_ws/install/cpp_srvcli/share/cpp_srvcli/package.xml
[3.695s] Invoked command in '/home/shiyuanduan/RapidTile/rapid_tile_ws/build/cpp_srvcli' returned '0': CMAKE_PREFIX_PATH=${CMAKE_PREFIX_PATH}:/opt/ros/humble /usr/bin/cmake --install /home/shiyuanduan/RapidTile/rapid_tile_ws/build/cpp_srvcli
