[0.011s] Invoking command in '/home/shiyuanduan/RapidTile/rapid_tile_ws/build/cpp_srvcli': CMAKE_PREFIX_PATH=${CMAKE_PREFIX_PATH}:/opt/ros/humble /usr/bin/cmake /home/shiyuanduan/RapidTile/rapid_tile_ws/src/cpp_srvcli -DCMAKE_INSTALL_PREFIX=/home/shiyuanduan/RapidTile/rapid_tile_ws/install/cpp_srvcli
[0.100s] -- The C compiler identification is GNU 11.3.0
[0.387s] -- The CXX compiler identification is GNU 11.3.0
[0.625s] -- Detecting C compiler ABI info
[0.714s] -- Detecting C compiler ABI info - done
[0.720s] -- Check for working C compiler: /usr/bin/cc - skipped
[0.720s] -- Detecting C compile features
[0.720s] -- Detecting C compile features - done
[0.722s] -- Detecting CXX compiler ABI info
[0.826s] -- Detecting CXX compiler ABI info - done
[0.830s] -- Check for working CXX compiler: /usr/bin/c++ - skipped
[0.830s] -- Detecting CXX compile features
[0.831s] -- Detecting CXX compile features - done
[0.832s] -- Found ament_cmake: 1.3.3 (/opt/ros/humble/share/ament_cmake/cmake)
[0.938s] -- Found Python3: /usr/bin/python3.10 (found version "3.10.6") found components: Interpreter 
[0.990s] -- Found rclcpp: 16.0.3 (/opt/ros/humble/share/rclcpp/cmake)
[1.102s] -- Found rosidl_generator_c: 3.1.4 (/opt/ros/humble/share/rosidl_generator_c/cmake)
[1.105s] -- Found rosidl_adapter: 3.1.4 (/opt/ros/humble/share/rosidl_adapter/cmake)
[1.109s] -- Found rosidl_generator_cpp: 3.1.4 (/opt/ros/humble/share/rosidl_generator_cpp/cmake)
[1.117s] -- Using all available rosidl_typesupport_c: rosidl_typesupport_fastrtps_c;rosidl_typesupport_introspection_c
[1.128s] -- Using all available rosidl_typesupport_cpp: rosidl_typesupport_fastrtps_cpp;rosidl_typesupport_introspection_cpp
[1.168s] -- Found rmw_implementation_cmake: 6.1.1 (/opt/ros/humble/share/rmw_implementation_cmake/cmake)
[1.169s] -- Found rmw_fastrtps_cpp: 6.2.2 (/opt/ros/humble/share/rmw_fastrtps_cpp/cmake)
[2.100s] -- Found OpenSSL: /usr/lib/x86_64-linux-gnu/libcrypto.so (found version "3.0.2")  
[3.189s] -- Found FastRTPS: /opt/ros/humble/include  
[5.168s] -- Using RMW implementation 'rmw_fastrtps_cpp' as default
[5.173s] -- Looking for pthread.h
[5.264s] -- Looking for pthread.h - found
[5.265s] -- Performing Test CMAKE_HAVE_LIBC_PTHREAD
[5.370s] -- Performing Test CMAKE_HAVE_LIBC_PTHREAD - Success
[5.371s] -- Found Threads: TRUE  
[5.465s] -- Found example_interfaces: 0.9.3 (/opt/ros/humble/share/example_interfaces/cmake)
[5.548s] -- Found ament_lint_auto: 0.12.5 (/opt/ros/humble/share/ament_lint_auto/cmake)
[5.605s] -- Added test 'cppcheck' to perform static code analysis on C / C++ code
[5.605s] -- Configured cppcheck include dirs: 
[5.605s] -- Configured cppcheck exclude dirs and/or files: 
[5.606s] -- Added test 'lint_cmake' to check CMake code style
[5.606s] -- Added test 'uncrustify' to check C / C++ code style
[5.606s] -- Configured uncrustify additional arguments: 
[5.607s] -- Added test 'xmllint' to check XML markup files
[5.607s] -- Configuring done
[5.615s] -- Generating done
[5.616s] -- Build files have been written to: /home/shiyuanduan/RapidTile/rapid_tile_ws/build/cpp_srvcli
[5.622s] Invoked command in '/home/shiyuanduan/RapidTile/rapid_tile_ws/build/cpp_srvcli' returned '0': CMAKE_PREFIX_PATH=${CMAKE_PREFIX_PATH}:/opt/ros/humble /usr/bin/cmake /home/shiyuanduan/RapidTile/rapid_tile_ws/src/cpp_srvcli -DCMAKE_INSTALL_PREFIX=/home/shiyuanduan/RapidTile/rapid_tile_ws/install/cpp_srvcli
[5.623s] Invoking command in '/home/shiyuanduan/RapidTile/rapid_tile_ws/build/cpp_srvcli': CMAKE_PREFIX_PATH=${CMAKE_PREFIX_PATH}:/opt/ros/humble /usr/bin/cmake --build /home/shiyuanduan/RapidTile/rapid_tile_ws/build/cpp_srvcli -- -j16 -l16
[5.647s] [ 50%] [32mBuilding CXX object CMakeFiles/client.dir/src/add_two_ints_client.cpp.o[0m
[5.647s] [ 50%] [32mBuilding CXX object CMakeFiles/server.dir/src/add_two_ints_server.cpp.o[0m
[8.232s] [ 75%] [32m[1mLinking CXX executable server[0m
[8.363s] [ 75%] Built target server
[8.385s] [100%] [32m[1mLinking CXX executable client[0m
[8.511s] [100%] Built target client
