[0.309s] DEBUG:colcon:Command line arguments: ['/usr/bin/colcon', 'build']
[0.309s] DEBUG:colcon:Parsed command line arguments: Namespace(log_base=None, log_level=None, verb_name='build', build_base='build', install_base='install', merge_install=False, symlink_install=False, test_result_base=None, continue_on_error=False, executor='parallel', parallel_workers=16, event_handlers=None, ignore_user_meta=False, metas=['./colcon.meta'], base_paths=['.'], packages_ignore=None, packages_ignore_regex=None, paths=None, packages_up_to=None, packages_up_to_regex=None, packages_above=None, packages_above_and_dependencies=None, packages_above_depth=None, packages_select_by_dep=None, packages_skip_by_dep=None, packages_skip_up_to=None, packages_select_build_failed=False, packages_skip_build_finished=False, packages_select_test_failures=False, packages_skip_test_passed=False, packages_select=None, packages_skip=None, packages_select_regex=None, packages_skip_regex=None, packages_start=None, packages_end=None, allow_overriding=[], cmake_args=None, cmake_target=None, cmake_target_skip_unavailable=False, cmake_clean_cache=False, cmake_clean_first=False, cmake_force_configure=False, ament_cmake_args=None, catkin_cmake_args=None, catkin_skip_building_tests=False, verb_parser=<colcon_defaults.argument_parser.defaults.DefaultArgumentsDecorator object at 0x7f5e75090fa0>, verb_extension=<colcon_core.verb.build.BuildVerb object at 0x7f5e75885780>, main=<bound method BuildVerb.main of <colcon_core.verb.build.BuildVerb object at 0x7f5e75885780>>)
[0.333s] Level 1:colcon.colcon_core.package_discovery:discover_packages(colcon_meta) check parameters
[0.333s] Level 1:colcon.colcon_core.package_discovery:discover_packages(recursive) check parameters
[0.333s] Level 1:colcon.colcon_core.package_discovery:discover_packages(ignore) check parameters
[0.333s] Level 1:colcon.colcon_core.package_discovery:discover_packages(path) check parameters
[0.333s] Level 1:colcon.colcon_core.package_discovery:discover_packages(colcon_meta) discover
[0.333s] Level 1:colcon.colcon_core.package_discovery:discover_packages(recursive) discover
[0.333s] INFO:colcon.colcon_core.package_discovery:Crawling recursively for packages in '/home/shiyuanduan/RapidTile/rapid_tile_ws'
[0.334s] Level 1:colcon.colcon_core.package_identification:_identify(.) by extensions ['ignore', 'ignore_ament_install']
[0.334s] Level 1:colcon.colcon_core.package_identification:_identify(.) by extension 'ignore'
[0.334s] Level 1:colcon.colcon_core.package_identification:_identify(.) by extension 'ignore_ament_install'
[0.334s] Level 1:colcon.colcon_core.package_identification:_identify(.) by extensions ['colcon_pkg']
[0.334s] Level 1:colcon.colcon_core.package_identification:_identify(.) by extension 'colcon_pkg'
[0.334s] Level 1:colcon.colcon_core.package_identification:_identify(.) by extensions ['colcon_meta']
[0.334s] Level 1:colcon.colcon_core.package_identification:_identify(.) by extension 'colcon_meta'
[0.334s] Level 1:colcon.colcon_core.package_identification:_identify(.) by extensions ['ros']
[0.334s] Level 1:colcon.colcon_core.package_identification:_identify(.) by extension 'ros'
[0.347s] Level 1:colcon.colcon_core.package_identification:_identify(.) by extensions ['cmake', 'python']
[0.347s] Level 1:colcon.colcon_core.package_identification:_identify(.) by extension 'cmake'
[0.347s] Level 1:colcon.colcon_core.package_identification:_identify(.) by extension 'python'
[0.347s] Level 1:colcon.colcon_core.package_identification:_identify(.) by extensions ['python_setup_py']
[0.347s] Level 1:colcon.colcon_core.package_identification:_identify(.) by extension 'python_setup_py'
[0.347s] Level 1:colcon.colcon_core.package_identification:_identify(build) by extensions ['ignore', 'ignore_ament_install']
[0.348s] Level 1:colcon.colcon_core.package_identification:_identify(build) by extension 'ignore'
[0.348s] Level 1:colcon.colcon_core.package_identification:_identify(build) ignored
[0.348s] Level 1:colcon.colcon_core.package_identification:_identify(install) by extensions ['ignore', 'ignore_ament_install']
[0.348s] Level 1:colcon.colcon_core.package_identification:_identify(install) by extension 'ignore'
[0.348s] Level 1:colcon.colcon_core.package_identification:_identify(install) ignored
[0.348s] Level 1:colcon.colcon_core.package_identification:_identify(log) by extensions ['ignore', 'ignore_ament_install']
[0.348s] Level 1:colcon.colcon_core.package_identification:_identify(log) by extension 'ignore'
[0.348s] Level 1:colcon.colcon_core.package_identification:_identify(log) ignored
[0.348s] Level 1:colcon.colcon_core.package_identification:_identify(src) by extensions ['ignore', 'ignore_ament_install']
[0.348s] Level 1:colcon.colcon_core.package_identification:_identify(src) by extension 'ignore'
[0.348s] Level 1:colcon.colcon_core.package_identification:_identify(src) by extension 'ignore_ament_install'
[0.348s] Level 1:colcon.colcon_core.package_identification:_identify(src) by extensions ['colcon_pkg']
[0.348s] Level 1:colcon.colcon_core.package_identification:_identify(src) by extension 'colcon_pkg'
[0.348s] Level 1:colcon.colcon_core.package_identification:_identify(src) by extensions ['colcon_meta']
[0.348s] Level 1:colcon.colcon_core.package_identification:_identify(src) by extension 'colcon_meta'
[0.348s] Level 1:colcon.colcon_core.package_identification:_identify(src) by extensions ['ros']
[0.348s] Level 1:colcon.colcon_core.package_identification:_identify(src) by extension 'ros'
[0.348s] Level 1:colcon.colcon_core.package_identification:_identify(src) by extensions ['cmake', 'python']
[0.348s] Level 1:colcon.colcon_core.package_identification:_identify(src) by extension 'cmake'
[0.348s] Level 1:colcon.colcon_core.package_identification:_identify(src) by extension 'python'
[0.348s] Level 1:colcon.colcon_core.package_identification:_identify(src) by extensions ['python_setup_py']
[0.348s] Level 1:colcon.colcon_core.package_identification:_identify(src) by extension 'python_setup_py'
[0.348s] Level 1:colcon.colcon_core.package_identification:_identify(src/cpp_srvcli) by extensions ['ignore', 'ignore_ament_install']
[0.349s] Level 1:colcon.colcon_core.package_identification:_identify(src/cpp_srvcli) by extension 'ignore'
[0.349s] Level 1:colcon.colcon_core.package_identification:_identify(src/cpp_srvcli) by extension 'ignore_ament_install'
[0.349s] Level 1:colcon.colcon_core.package_identification:_identify(src/cpp_srvcli) by extensions ['colcon_pkg']
[0.349s] Level 1:colcon.colcon_core.package_identification:_identify(src/cpp_srvcli) by extension 'colcon_pkg'
[0.349s] Level 1:colcon.colcon_core.package_identification:_identify(src/cpp_srvcli) by extensions ['colcon_meta']
[0.349s] Level 1:colcon.colcon_core.package_identification:_identify(src/cpp_srvcli) by extension 'colcon_meta'
[0.349s] Level 1:colcon.colcon_core.package_identification:_identify(src/cpp_srvcli) by extensions ['ros']
[0.349s] Level 1:colcon.colcon_core.package_identification:_identify(src/cpp_srvcli) by extension 'ros'
[0.351s] DEBUG:colcon.colcon_core.package_identification:Package 'src/cpp_srvcli' with type 'ros.ament_cmake' and name 'cpp_srvcli'
[0.351s] Level 1:colcon.colcon_core.package_identification:_identify(src/kinematics_utils) by extensions ['ignore', 'ignore_ament_install']
[0.351s] Level 1:colcon.colcon_core.package_identification:_identify(src/kinematics_utils) by extension 'ignore'
[0.351s] Level 1:colcon.colcon_core.package_identification:_identify(src/kinematics_utils) by extension 'ignore_ament_install'
[0.351s] Level 1:colcon.colcon_core.package_identification:_identify(src/kinematics_utils) by extensions ['colcon_pkg']
[0.351s] Level 1:colcon.colcon_core.package_identification:_identify(src/kinematics_utils) by extension 'colcon_pkg'
[0.351s] Level 1:colcon.colcon_core.package_identification:_identify(src/kinematics_utils) by extensions ['colcon_meta']
[0.351s] Level 1:colcon.colcon_core.package_identification:_identify(src/kinematics_utils) by extension 'colcon_meta'
[0.351s] Level 1:colcon.colcon_core.package_identification:_identify(src/kinematics_utils) by extensions ['ros']
[0.351s] Level 1:colcon.colcon_core.package_identification:_identify(src/kinematics_utils) by extension 'ros'
[0.352s] DEBUG:colcon.colcon_core.package_identification:Package 'src/kinematics_utils' with type 'ros.ament_cmake' and name 'kinematics_utils'
[0.352s] Level 1:colcon.colcon_core.package_identification:_identify(src/rt_interfaces) by extensions ['ignore', 'ignore_ament_install']
[0.352s] Level 1:colcon.colcon_core.package_identification:_identify(src/rt_interfaces) by extension 'ignore'
[0.352s] Level 1:colcon.colcon_core.package_identification:_identify(src/rt_interfaces) by extension 'ignore_ament_install'
[0.352s] Level 1:colcon.colcon_core.package_identification:_identify(src/rt_interfaces) by extensions ['colcon_pkg']
[0.352s] Level 1:colcon.colcon_core.package_identification:_identify(src/rt_interfaces) by extension 'colcon_pkg'
[0.352s] Level 1:colcon.colcon_core.package_identification:_identify(src/rt_interfaces) by extensions ['colcon_meta']
[0.352s] Level 1:colcon.colcon_core.package_identification:_identify(src/rt_interfaces) by extension 'colcon_meta'
[0.352s] Level 1:colcon.colcon_core.package_identification:_identify(src/rt_interfaces) by extensions ['ros']
[0.352s] Level 1:colcon.colcon_core.package_identification:_identify(src/rt_interfaces) by extension 'ros'
[0.353s] DEBUG:colcon.colcon_core.package_identification:Package 'src/rt_interfaces' with type 'ros.ament_cmake' and name 'rt_interfaces'
[0.353s] Level 1:colcon.colcon_core.package_discovery:discover_packages(recursive) using defaults
[0.353s] Level 1:colcon.colcon_core.package_discovery:discover_packages(ignore) discover
[0.353s] Level 1:colcon.colcon_core.package_discovery:discover_packages(ignore) using defaults
[0.353s] Level 1:colcon.colcon_core.package_discovery:discover_packages(path) discover
[0.353s] Level 1:colcon.colcon_core.package_discovery:discover_packages(path) using defaults
[0.374s] Level 1:colcon.colcon_core.package_discovery:discover_packages(prefix_path) check parameters
[0.374s] Level 1:colcon.colcon_core.package_discovery:discover_packages(prefix_path) discover
[0.375s] DEBUG:colcon.colcon_installed_package_information.package_discovery:Found 3 installed packages in /home/shiyuanduan/RapidTile/rapid_tile_ws/install
[0.376s] DEBUG:colcon.colcon_installed_package_information.package_discovery:Found 270 installed packages in /opt/ros/humble
[0.378s] Level 1:colcon.colcon_core.package_discovery:discover_packages(prefix_path) using defaults
[0.423s] Level 5:colcon.colcon_core.verb:set package 'cpp_srvcli' build argument 'cmake_args' from command line to 'None'
[0.423s] Level 5:colcon.colcon_core.verb:set package 'cpp_srvcli' build argument 'cmake_target' from command line to 'None'
[0.423s] Level 5:colcon.colcon_core.verb:set package 'cpp_srvcli' build argument 'cmake_target_skip_unavailable' from command line to 'False'
[0.423s] Level 5:colcon.colcon_core.verb:set package 'cpp_srvcli' build argument 'cmake_clean_cache' from command line to 'False'
[0.423s] Level 5:colcon.colcon_core.verb:set package 'cpp_srvcli' build argument 'cmake_clean_first' from command line to 'False'
[0.423s] Level 5:colcon.colcon_core.verb:set package 'cpp_srvcli' build argument 'cmake_force_configure' from command line to 'False'
[0.423s] Level 5:colcon.colcon_core.verb:set package 'cpp_srvcli' build argument 'ament_cmake_args' from command line to 'None'
[0.423s] Level 5:colcon.colcon_core.verb:set package 'cpp_srvcli' build argument 'catkin_cmake_args' from command line to 'None'
[0.423s] Level 5:colcon.colcon_core.verb:set package 'cpp_srvcli' build argument 'catkin_skip_building_tests' from command line to 'False'
[0.423s] DEBUG:colcon.colcon_core.verb:Building package 'cpp_srvcli' with the following arguments: {'ament_cmake_args': None, 'build_base': '/home/shiyuanduan/RapidTile/rapid_tile_ws/build/cpp_srvcli', 'catkin_cmake_args': None, 'catkin_skip_building_tests': False, 'cmake_args': None, 'cmake_clean_cache': False, 'cmake_clean_first': False, 'cmake_force_configure': False, 'cmake_target': None, 'cmake_target_skip_unavailable': False, 'install_base': '/home/shiyuanduan/RapidTile/rapid_tile_ws/install/cpp_srvcli', 'merge_install': False, 'path': '/home/shiyuanduan/RapidTile/rapid_tile_ws/src/cpp_srvcli', 'symlink_install': False, 'test_result_base': None}
[0.424s] Level 5:colcon.colcon_core.verb:set package 'rt_interfaces' build argument 'cmake_args' from command line to 'None'
[0.424s] Level 5:colcon.colcon_core.verb:set package 'rt_interfaces' build argument 'cmake_target' from command line to 'None'
[0.424s] Level 5:colcon.colcon_core.verb:set package 'rt_interfaces' build argument 'cmake_target_skip_unavailable' from command line to 'False'
[0.424s] Level 5:colcon.colcon_core.verb:set package 'rt_interfaces' build argument 'cmake_clean_cache' from command line to 'False'
[0.424s] Level 5:colcon.colcon_core.verb:set package 'rt_interfaces' build argument 'cmake_clean_first' from command line to 'False'
[0.424s] Level 5:colcon.colcon_core.verb:set package 'rt_interfaces' build argument 'cmake_force_configure' from command line to 'False'
[0.424s] Level 5:colcon.colcon_core.verb:set package 'rt_interfaces' build argument 'ament_cmake_args' from command line to 'None'
[0.424s] Level 5:colcon.colcon_core.verb:set package 'rt_interfaces' build argument 'catkin_cmake_args' from command line to 'None'
[0.424s] Level 5:colcon.colcon_core.verb:set package 'rt_interfaces' build argument 'catkin_skip_building_tests' from command line to 'False'
[0.424s] DEBUG:colcon.colcon_core.verb:Building package 'rt_interfaces' with the following arguments: {'ament_cmake_args': None, 'build_base': '/home/shiyuanduan/RapidTile/rapid_tile_ws/build/rt_interfaces', 'catkin_cmake_args': None, 'catkin_skip_building_tests': False, 'cmake_args': None, 'cmake_clean_cache': False, 'cmake_clean_first': False, 'cmake_force_configure': False, 'cmake_target': None, 'cmake_target_skip_unavailable': False, 'install_base': '/home/shiyuanduan/RapidTile/rapid_tile_ws/install/rt_interfaces', 'merge_install': False, 'path': '/home/shiyuanduan/RapidTile/rapid_tile_ws/src/rt_interfaces', 'symlink_install': False, 'test_result_base': None}
[0.425s] Level 5:colcon.colcon_core.verb:set package 'kinematics_utils' build argument 'cmake_args' from command line to 'None'
[0.425s] Level 5:colcon.colcon_core.verb:set package 'kinematics_utils' build argument 'cmake_target' from command line to 'None'
[0.425s] Level 5:colcon.colcon_core.verb:set package 'kinematics_utils' build argument 'cmake_target_skip_unavailable' from command line to 'False'
[0.425s] Level 5:colcon.colcon_core.verb:set package 'kinematics_utils' build argument 'cmake_clean_cache' from command line to 'False'
[0.425s] Level 5:colcon.colcon_core.verb:set package 'kinematics_utils' build argument 'cmake_clean_first' from command line to 'False'
[0.425s] Level 5:colcon.colcon_core.verb:set package 'kinematics_utils' build argument 'cmake_force_configure' from command line to 'False'
[0.425s] Level 5:colcon.colcon_core.verb:set package 'kinematics_utils' build argument 'ament_cmake_args' from command line to 'None'
[0.425s] Level 5:colcon.colcon_core.verb:set package 'kinematics_utils' build argument 'catkin_cmake_args' from command line to 'None'
[0.425s] Level 5:colcon.colcon_core.verb:set package 'kinematics_utils' build argument 'catkin_skip_building_tests' from command line to 'False'
[0.425s] DEBUG:colcon.colcon_core.verb:Building package 'kinematics_utils' with the following arguments: {'ament_cmake_args': None, 'build_base': '/home/shiyuanduan/RapidTile/rapid_tile_ws/build/kinematics_utils', 'catkin_cmake_args': None, 'catkin_skip_building_tests': False, 'cmake_args': None, 'cmake_clean_cache': False, 'cmake_clean_first': False, 'cmake_force_configure': False, 'cmake_target': None, 'cmake_target_skip_unavailable': False, 'install_base': '/home/shiyuanduan/RapidTile/rapid_tile_ws/install/kinematics_utils', 'merge_install': False, 'path': '/home/shiyuanduan/RapidTile/rapid_tile_ws/src/kinematics_utils', 'symlink_install': False, 'test_result_base': None}
[0.425s] INFO:colcon.colcon_core.executor:Executing jobs using 'parallel' executor
[0.427s] DEBUG:colcon.colcon_parallel_executor.executor.parallel:run_until_complete
[0.427s] INFO:colcon.colcon_ros.task.ament_cmake.build:Building ROS package in '/home/shiyuanduan/RapidTile/rapid_tile_ws/src/rt_interfaces' with build type 'ament_cmake'
[0.428s] INFO:colcon.colcon_cmake.task.cmake.build:Building CMake package in '/home/shiyuanduan/RapidTile/rapid_tile_ws/src/rt_interfaces'
[0.431s] INFO:colcon.colcon_core.plugin_system:Skipping extension 'colcon_core.shell.bat': Not used on non-Windows systems
[0.431s] INFO:colcon.colcon_core.shell:Skip shell extension 'powershell' for command environment: Not usable outside of PowerShell
[0.431s] DEBUG:colcon.colcon_core.shell:Skip shell extension 'dsv' for command environment
[0.434s] INFO:colcon.colcon_ros.task.ament_cmake.build:Building ROS package in '/home/shiyuanduan/RapidTile/rapid_tile_ws/src/cpp_srvcli' with build type 'ament_cmake'
[0.434s] INFO:colcon.colcon_cmake.task.cmake.build:Building CMake package in '/home/shiyuanduan/RapidTile/rapid_tile_ws/src/cpp_srvcli'
[0.435s] INFO:colcon.colcon_core.shell:Skip shell extension 'powershell' for command environment: Not usable outside of PowerShell
[0.435s] DEBUG:colcon.colcon_core.shell:Skip shell extension 'dsv' for command environment
[0.444s] DEBUG:colcon.colcon_core.event_handler.log_command:Invoking command in '/home/shiyuanduan/RapidTile/rapid_tile_ws/build/rt_interfaces': CMAKE_PREFIX_PATH=${CMAKE_PREFIX_PATH}:/opt/ros/humble /usr/bin/cmake --build /home/shiyuanduan/RapidTile/rapid_tile_ws/build/rt_interfaces -- -j16 -l16
[0.446s] DEBUG:colcon.colcon_core.event_handler.log_command:Invoking command in '/home/shiyuanduan/RapidTile/rapid_tile_ws/build/cpp_srvcli': CMAKE_PREFIX_PATH=${CMAKE_PREFIX_PATH}:/opt/ros/humble /usr/bin/cmake --build /home/shiyuanduan/RapidTile/rapid_tile_ws/build/cpp_srvcli -- -j16 -l16
[0.490s] DEBUG:colcon.colcon_core.event_handler.log_command:Invoked command in '/home/shiyuanduan/RapidTile/rapid_tile_ws/build/cpp_srvcli' returned '0': CMAKE_PREFIX_PATH=${CMAKE_PREFIX_PATH}:/opt/ros/humble /usr/bin/cmake --build /home/shiyuanduan/RapidTile/rapid_tile_ws/build/cpp_srvcli -- -j16 -l16
[0.514s] DEBUG:colcon.colcon_core.event_handler.log_command:Invoking command in '/home/shiyuanduan/RapidTile/rapid_tile_ws/build/cpp_srvcli': CMAKE_PREFIX_PATH=${CMAKE_PREFIX_PATH}:/opt/ros/humble /usr/bin/cmake --install /home/shiyuanduan/RapidTile/rapid_tile_ws/build/cpp_srvcli
[0.520s] Level 1:colcon.colcon_core.environment:create_environment_scripts_only(cpp_srvcli)
[0.521s] DEBUG:colcon.colcon_core.event_handler.log_command:Invoked command in '/home/shiyuanduan/RapidTile/rapid_tile_ws/build/cpp_srvcli' returned '0': CMAKE_PREFIX_PATH=${CMAKE_PREFIX_PATH}:/opt/ros/humble /usr/bin/cmake --install /home/shiyuanduan/RapidTile/rapid_tile_ws/build/cpp_srvcli
[0.523s] Level 1:colcon.colcon_core.environment:checking '/home/shiyuanduan/RapidTile/rapid_tile_ws/install/cpp_srvcli' for CMake module files
[0.523s] Level 1:colcon.colcon_core.environment:checking '/home/shiyuanduan/RapidTile/rapid_tile_ws/install/cpp_srvcli' for CMake config files
[0.523s] Level 1:colcon.colcon_core.shell:create_environment_hook('cpp_srvcli', 'cmake_prefix_path')
[0.524s] INFO:colcon.colcon_core.shell:Creating environment hook '/home/shiyuanduan/RapidTile/rapid_tile_ws/install/cpp_srvcli/share/cpp_srvcli/hook/cmake_prefix_path.ps1'
[0.524s] INFO:colcon.colcon_core.shell:Creating environment descriptor '/home/shiyuanduan/RapidTile/rapid_tile_ws/install/cpp_srvcli/share/cpp_srvcli/hook/cmake_prefix_path.dsv'
[0.525s] INFO:colcon.colcon_core.shell:Creating environment hook '/home/shiyuanduan/RapidTile/rapid_tile_ws/install/cpp_srvcli/share/cpp_srvcli/hook/cmake_prefix_path.sh'
[0.525s] Level 1:colcon.colcon_core.environment:checking '/home/shiyuanduan/RapidTile/rapid_tile_ws/install/cpp_srvcli/lib'
[0.525s] Level 1:colcon.colcon_core.environment:checking '/home/shiyuanduan/RapidTile/rapid_tile_ws/install/cpp_srvcli/bin'
[0.525s] Level 1:colcon.colcon_core.environment:checking '/home/shiyuanduan/RapidTile/rapid_tile_ws/install/cpp_srvcli/lib/pkgconfig/cpp_srvcli.pc'
[0.526s] Level 1:colcon.colcon_core.environment:checking '/home/shiyuanduan/RapidTile/rapid_tile_ws/install/cpp_srvcli/lib/python3.10/site-packages'
[0.526s] Level 1:colcon.colcon_core.environment:checking '/home/shiyuanduan/RapidTile/rapid_tile_ws/install/cpp_srvcli/bin'
[0.527s] INFO:colcon.colcon_core.shell:Creating package script '/home/shiyuanduan/RapidTile/rapid_tile_ws/install/cpp_srvcli/share/cpp_srvcli/package.ps1'
[0.527s] INFO:colcon.colcon_core.shell:Creating package descriptor '/home/shiyuanduan/RapidTile/rapid_tile_ws/install/cpp_srvcli/share/cpp_srvcli/package.dsv'
[0.528s] INFO:colcon.colcon_core.shell:Creating package script '/home/shiyuanduan/RapidTile/rapid_tile_ws/install/cpp_srvcli/share/cpp_srvcli/package.sh'
[0.528s] INFO:colcon.colcon_core.shell:Creating package script '/home/shiyuanduan/RapidTile/rapid_tile_ws/install/cpp_srvcli/share/cpp_srvcli/package.bash'
[0.529s] INFO:colcon.colcon_core.shell:Creating package script '/home/shiyuanduan/RapidTile/rapid_tile_ws/install/cpp_srvcli/share/cpp_srvcli/package.zsh'
[0.529s] Level 1:colcon.colcon_core.environment:create_file_with_runtime_dependencies(/home/shiyuanduan/RapidTile/rapid_tile_ws/install/cpp_srvcli/share/colcon-core/packages/cpp_srvcli)
[0.551s] Level 1:colcon.colcon_core.environment:create_environment_scripts_only(cpp_srvcli)
[0.552s] Level 1:colcon.colcon_core.environment:checking '/home/shiyuanduan/RapidTile/rapid_tile_ws/install/cpp_srvcli' for CMake module files
[0.553s] Level 1:colcon.colcon_core.environment:checking '/home/shiyuanduan/RapidTile/rapid_tile_ws/install/cpp_srvcli' for CMake config files
[0.553s] Level 1:colcon.colcon_core.shell:create_environment_hook('cpp_srvcli', 'cmake_prefix_path')
[0.554s] INFO:colcon.colcon_core.shell:Creating environment hook '/home/shiyuanduan/RapidTile/rapid_tile_ws/install/cpp_srvcli/share/cpp_srvcli/hook/cmake_prefix_path.ps1'
[0.554s] INFO:colcon.colcon_core.shell:Creating environment descriptor '/home/shiyuanduan/RapidTile/rapid_tile_ws/install/cpp_srvcli/share/cpp_srvcli/hook/cmake_prefix_path.dsv'
[0.554s] INFO:colcon.colcon_core.shell:Creating environment hook '/home/shiyuanduan/RapidTile/rapid_tile_ws/install/cpp_srvcli/share/cpp_srvcli/hook/cmake_prefix_path.sh'
[0.554s] Level 1:colcon.colcon_core.environment:checking '/home/shiyuanduan/RapidTile/rapid_tile_ws/install/cpp_srvcli/lib'
[0.554s] Level 1:colcon.colcon_core.environment:checking '/home/shiyuanduan/RapidTile/rapid_tile_ws/install/cpp_srvcli/bin'
[0.554s] Level 1:colcon.colcon_core.environment:checking '/home/shiyuanduan/RapidTile/rapid_tile_ws/install/cpp_srvcli/lib/pkgconfig/cpp_srvcli.pc'
[0.555s] Level 1:colcon.colcon_core.environment:checking '/home/shiyuanduan/RapidTile/rapid_tile_ws/install/cpp_srvcli/lib/python3.10/site-packages'
[0.555s] Level 1:colcon.colcon_core.environment:checking '/home/shiyuanduan/RapidTile/rapid_tile_ws/install/cpp_srvcli/bin'
[0.556s] INFO:colcon.colcon_core.shell:Creating package script '/home/shiyuanduan/RapidTile/rapid_tile_ws/install/cpp_srvcli/share/cpp_srvcli/package.ps1'
[0.556s] INFO:colcon.colcon_core.shell:Creating package descriptor '/home/shiyuanduan/RapidTile/rapid_tile_ws/install/cpp_srvcli/share/cpp_srvcli/package.dsv'
[0.556s] INFO:colcon.colcon_core.shell:Creating package script '/home/shiyuanduan/RapidTile/rapid_tile_ws/install/cpp_srvcli/share/cpp_srvcli/package.sh'
[0.556s] INFO:colcon.colcon_core.shell:Creating package script '/home/shiyuanduan/RapidTile/rapid_tile_ws/install/cpp_srvcli/share/cpp_srvcli/package.bash'
[0.557s] INFO:colcon.colcon_core.shell:Creating package script '/home/shiyuanduan/RapidTile/rapid_tile_ws/install/cpp_srvcli/share/cpp_srvcli/package.zsh'
[0.557s] Level 1:colcon.colcon_core.environment:create_file_with_runtime_dependencies(/home/shiyuanduan/RapidTile/rapid_tile_ws/install/cpp_srvcli/share/colcon-core/packages/cpp_srvcli)
[2.674s] DEBUG:colcon.colcon_core.event_handler.log_command:Invoked command in '/home/shiyuanduan/RapidTile/rapid_tile_ws/build/rt_interfaces' returned '0': CMAKE_PREFIX_PATH=${CMAKE_PREFIX_PATH}:/opt/ros/humble /usr/bin/cmake --build /home/shiyuanduan/RapidTile/rapid_tile_ws/build/rt_interfaces -- -j16 -l16
[2.708s] DEBUG:colcon.colcon_core.event_handler.log_command:Invoking command in '/home/shiyuanduan/RapidTile/rapid_tile_ws/build/rt_interfaces': CMAKE_PREFIX_PATH=${CMAKE_PREFIX_PATH}:/opt/ros/humble /usr/bin/cmake --install /home/shiyuanduan/RapidTile/rapid_tile_ws/build/rt_interfaces
[2.746s] Level 1:colcon.colcon_core.environment:create_environment_scripts_only(rt_interfaces)
[2.748s] Level 1:colcon.colcon_core.environment:checking '/home/shiyuanduan/RapidTile/rapid_tile_ws/install/rt_interfaces' for CMake module files
[2.748s] DEBUG:colcon.colcon_core.event_handler.log_command:Invoked command in '/home/shiyuanduan/RapidTile/rapid_tile_ws/build/rt_interfaces' returned '0': CMAKE_PREFIX_PATH=${CMAKE_PREFIX_PATH}:/opt/ros/humble /usr/bin/cmake --install /home/shiyuanduan/RapidTile/rapid_tile_ws/build/rt_interfaces
[2.749s] Level 1:colcon.colcon_core.environment:checking '/home/shiyuanduan/RapidTile/rapid_tile_ws/install/rt_interfaces' for CMake config files
[2.749s] Level 1:colcon.colcon_core.shell:create_environment_hook('rt_interfaces', 'cmake_prefix_path')
[2.750s] INFO:colcon.colcon_core.shell:Creating environment hook '/home/shiyuanduan/RapidTile/rapid_tile_ws/install/rt_interfaces/share/rt_interfaces/hook/cmake_prefix_path.ps1'
[2.750s] INFO:colcon.colcon_core.shell:Creating environment descriptor '/home/shiyuanduan/RapidTile/rapid_tile_ws/install/rt_interfaces/share/rt_interfaces/hook/cmake_prefix_path.dsv'
[2.750s] INFO:colcon.colcon_core.shell:Creating environment hook '/home/shiyuanduan/RapidTile/rapid_tile_ws/install/rt_interfaces/share/rt_interfaces/hook/cmake_prefix_path.sh'
[2.750s] Level 1:colcon.colcon_core.environment:checking '/home/shiyuanduan/RapidTile/rapid_tile_ws/install/rt_interfaces/lib'
[2.751s] Level 1:colcon.colcon_core.shell:create_environment_hook('rt_interfaces', 'ld_library_path_lib')
[2.751s] INFO:colcon.colcon_core.shell:Creating environment hook '/home/shiyuanduan/RapidTile/rapid_tile_ws/install/rt_interfaces/share/rt_interfaces/hook/ld_library_path_lib.ps1'
[2.752s] INFO:colcon.colcon_core.shell:Creating environment descriptor '/home/shiyuanduan/RapidTile/rapid_tile_ws/install/rt_interfaces/share/rt_interfaces/hook/ld_library_path_lib.dsv'
[2.752s] INFO:colcon.colcon_core.shell:Creating environment hook '/home/shiyuanduan/RapidTile/rapid_tile_ws/install/rt_interfaces/share/rt_interfaces/hook/ld_library_path_lib.sh'
[2.752s] Level 1:colcon.colcon_core.environment:checking '/home/shiyuanduan/RapidTile/rapid_tile_ws/install/rt_interfaces/bin'
[2.752s] Level 1:colcon.colcon_core.environment:checking '/home/shiyuanduan/RapidTile/rapid_tile_ws/install/rt_interfaces/lib/pkgconfig/rt_interfaces.pc'
[2.752s] Level 1:colcon.colcon_core.environment:checking '/home/shiyuanduan/RapidTile/rapid_tile_ws/install/rt_interfaces/lib/python3.10/site-packages'
[2.752s] Level 1:colcon.colcon_core.environment:checking '/home/shiyuanduan/RapidTile/rapid_tile_ws/install/rt_interfaces/bin'
[2.753s] INFO:colcon.colcon_core.shell:Creating package script '/home/shiyuanduan/RapidTile/rapid_tile_ws/install/rt_interfaces/share/rt_interfaces/package.ps1'
[2.753s] INFO:colcon.colcon_core.shell:Creating package descriptor '/home/shiyuanduan/RapidTile/rapid_tile_ws/install/rt_interfaces/share/rt_interfaces/package.dsv'
[2.754s] INFO:colcon.colcon_core.shell:Creating package script '/home/shiyuanduan/RapidTile/rapid_tile_ws/install/rt_interfaces/share/rt_interfaces/package.sh'
[2.754s] INFO:colcon.colcon_core.shell:Creating package script '/home/shiyuanduan/RapidTile/rapid_tile_ws/install/rt_interfaces/share/rt_interfaces/package.bash'
[2.754s] INFO:colcon.colcon_core.shell:Creating package script '/home/shiyuanduan/RapidTile/rapid_tile_ws/install/rt_interfaces/share/rt_interfaces/package.zsh'
[2.754s] Level 1:colcon.colcon_core.environment:create_file_with_runtime_dependencies(/home/shiyuanduan/RapidTile/rapid_tile_ws/install/rt_interfaces/share/colcon-core/packages/rt_interfaces)
[2.786s] Level 1:colcon.colcon_core.environment:create_environment_scripts_only(rt_interfaces)
[2.787s] Level 1:colcon.colcon_core.environment:checking '/home/shiyuanduan/RapidTile/rapid_tile_ws/install/rt_interfaces' for CMake module files
[2.787s] Level 1:colcon.colcon_core.environment:checking '/home/shiyuanduan/RapidTile/rapid_tile_ws/install/rt_interfaces' for CMake config files
[2.787s] Level 1:colcon.colcon_core.shell:create_environment_hook('rt_interfaces', 'cmake_prefix_path')
[2.788s] INFO:colcon.colcon_core.shell:Creating environment hook '/home/shiyuanduan/RapidTile/rapid_tile_ws/install/rt_interfaces/share/rt_interfaces/hook/cmake_prefix_path.ps1'
[2.788s] INFO:colcon.colcon_core.shell:Creating environment descriptor '/home/shiyuanduan/RapidTile/rapid_tile_ws/install/rt_interfaces/share/rt_interfaces/hook/cmake_prefix_path.dsv'
[2.788s] INFO:colcon.colcon_core.shell:Creating environment hook '/home/shiyuanduan/RapidTile/rapid_tile_ws/install/rt_interfaces/share/rt_interfaces/hook/cmake_prefix_path.sh'
[2.789s] Level 1:colcon.colcon_core.environment:checking '/home/shiyuanduan/RapidTile/rapid_tile_ws/install/rt_interfaces/lib'
[2.789s] Level 1:colcon.colcon_core.shell:create_environment_hook('rt_interfaces', 'ld_library_path_lib')
[2.790s] INFO:colcon.colcon_core.shell:Creating environment hook '/home/shiyuanduan/RapidTile/rapid_tile_ws/install/rt_interfaces/share/rt_interfaces/hook/ld_library_path_lib.ps1'
[2.790s] INFO:colcon.colcon_core.shell:Creating environment descriptor '/home/shiyuanduan/RapidTile/rapid_tile_ws/install/rt_interfaces/share/rt_interfaces/hook/ld_library_path_lib.dsv'
[2.790s] INFO:colcon.colcon_core.shell:Creating environment hook '/home/shiyuanduan/RapidTile/rapid_tile_ws/install/rt_interfaces/share/rt_interfaces/hook/ld_library_path_lib.sh'
[2.790s] Level 1:colcon.colcon_core.environment:checking '/home/shiyuanduan/RapidTile/rapid_tile_ws/install/rt_interfaces/bin'
[2.790s] Level 1:colcon.colcon_core.environment:checking '/home/shiyuanduan/RapidTile/rapid_tile_ws/install/rt_interfaces/lib/pkgconfig/rt_interfaces.pc'
[2.790s] Level 1:colcon.colcon_core.environment:checking '/home/shiyuanduan/RapidTile/rapid_tile_ws/install/rt_interfaces/lib/python3.10/site-packages'
[2.791s] Level 1:colcon.colcon_core.environment:checking '/home/shiyuanduan/RapidTile/rapid_tile_ws/install/rt_interfaces/bin'
[2.792s] INFO:colcon.colcon_core.shell:Creating package script '/home/shiyuanduan/RapidTile/rapid_tile_ws/install/rt_interfaces/share/rt_interfaces/package.ps1'
[2.792s] INFO:colcon.colcon_core.shell:Creating package descriptor '/home/shiyuanduan/RapidTile/rapid_tile_ws/install/rt_interfaces/share/rt_interfaces/package.dsv'
[2.792s] INFO:colcon.colcon_core.shell:Creating package script '/home/shiyuanduan/RapidTile/rapid_tile_ws/install/rt_interfaces/share/rt_interfaces/package.sh'
[2.792s] INFO:colcon.colcon_core.shell:Creating package script '/home/shiyuanduan/RapidTile/rapid_tile_ws/install/rt_interfaces/share/rt_interfaces/package.bash'
[2.793s] INFO:colcon.colcon_core.shell:Creating package script '/home/shiyuanduan/RapidTile/rapid_tile_ws/install/rt_interfaces/share/rt_interfaces/package.zsh'
[2.793s] Level 1:colcon.colcon_core.environment:create_file_with_runtime_dependencies(/home/shiyuanduan/RapidTile/rapid_tile_ws/install/rt_interfaces/share/colcon-core/packages/rt_interfaces)
[2.793s] INFO:colcon.colcon_ros.task.ament_cmake.build:Building ROS package in '/home/shiyuanduan/RapidTile/rapid_tile_ws/src/kinematics_utils' with build type 'ament_cmake'
[2.793s] INFO:colcon.colcon_cmake.task.cmake.build:Building CMake package in '/home/shiyuanduan/RapidTile/rapid_tile_ws/src/kinematics_utils'
[2.794s] INFO:colcon.colcon_core.shell:Skip shell extension 'powershell' for command environment: Not usable outside of PowerShell
[2.794s] DEBUG:colcon.colcon_core.shell:Skip shell extension 'dsv' for command environment
[2.872s] DEBUG:colcon.colcon_core.event_handler.log_command:Invoking command in '/home/shiyuanduan/RapidTile/rapid_tile_ws/build/kinematics_utils': CMAKE_PREFIX_PATH=${CMAKE_PREFIX_PATH}:/opt/ros/humble /usr/bin/cmake --build /home/shiyuanduan/RapidTile/rapid_tile_ws/build/kinematics_utils -- -j16 -l16
[5.844s] DEBUG:colcon.colcon_core.event_handler.log_command:Invoked command in '/home/shiyuanduan/RapidTile/rapid_tile_ws/build/kinematics_utils' returned '0': CMAKE_PREFIX_PATH=${CMAKE_PREFIX_PATH}:/opt/ros/humble /usr/bin/cmake --build /home/shiyuanduan/RapidTile/rapid_tile_ws/build/kinematics_utils -- -j16 -l16
[5.857s] DEBUG:colcon.colcon_core.event_handler.log_command:Invoking command in '/home/shiyuanduan/RapidTile/rapid_tile_ws/build/kinematics_utils': CMAKE_PREFIX_PATH=${CMAKE_PREFIX_PATH}:/opt/ros/humble /usr/bin/cmake --install /home/shiyuanduan/RapidTile/rapid_tile_ws/build/kinematics_utils
[5.864s] Level 1:colcon.colcon_core.environment:create_environment_scripts_only(kinematics_utils)
[5.864s] DEBUG:colcon.colcon_core.event_handler.log_command:Invoked command in '/home/shiyuanduan/RapidTile/rapid_tile_ws/build/kinematics_utils' returned '0': CMAKE_PREFIX_PATH=${CMAKE_PREFIX_PATH}:/opt/ros/humble /usr/bin/cmake --install /home/shiyuanduan/RapidTile/rapid_tile_ws/build/kinematics_utils
[5.865s] Level 1:colcon.colcon_core.environment:checking '/home/shiyuanduan/RapidTile/rapid_tile_ws/install/kinematics_utils' for CMake module files
[5.866s] Level 1:colcon.colcon_core.environment:checking '/home/shiyuanduan/RapidTile/rapid_tile_ws/install/kinematics_utils' for CMake config files
[5.866s] Level 1:colcon.colcon_core.shell:create_environment_hook('kinematics_utils', 'cmake_prefix_path')
[5.867s] INFO:colcon.colcon_core.shell:Creating environment hook '/home/shiyuanduan/RapidTile/rapid_tile_ws/install/kinematics_utils/share/kinematics_utils/hook/cmake_prefix_path.ps1'
[5.867s] INFO:colcon.colcon_core.shell:Creating environment descriptor '/home/shiyuanduan/RapidTile/rapid_tile_ws/install/kinematics_utils/share/kinematics_utils/hook/cmake_prefix_path.dsv'
[5.867s] INFO:colcon.colcon_core.shell:Creating environment hook '/home/shiyuanduan/RapidTile/rapid_tile_ws/install/kinematics_utils/share/kinematics_utils/hook/cmake_prefix_path.sh'
[5.867s] Level 1:colcon.colcon_core.environment:checking '/home/shiyuanduan/RapidTile/rapid_tile_ws/install/kinematics_utils/lib'
[5.867s] Level 1:colcon.colcon_core.environment:checking '/home/shiyuanduan/RapidTile/rapid_tile_ws/install/kinematics_utils/bin'
[5.867s] Level 1:colcon.colcon_core.environment:checking '/home/shiyuanduan/RapidTile/rapid_tile_ws/install/kinematics_utils/lib/pkgconfig/kinematics_utils.pc'
[5.868s] Level 1:colcon.colcon_core.environment:checking '/home/shiyuanduan/RapidTile/rapid_tile_ws/install/kinematics_utils/lib/python3.10/site-packages'
[5.868s] Level 1:colcon.colcon_core.environment:checking '/home/shiyuanduan/RapidTile/rapid_tile_ws/install/kinematics_utils/bin'
[5.869s] INFO:colcon.colcon_core.shell:Creating package script '/home/shiyuanduan/RapidTile/rapid_tile_ws/install/kinematics_utils/share/kinematics_utils/package.ps1'
[5.869s] INFO:colcon.colcon_core.shell:Creating package descriptor '/home/shiyuanduan/RapidTile/rapid_tile_ws/install/kinematics_utils/share/kinematics_utils/package.dsv'
[5.869s] INFO:colcon.colcon_core.shell:Creating package script '/home/shiyuanduan/RapidTile/rapid_tile_ws/install/kinematics_utils/share/kinematics_utils/package.sh'
[5.869s] INFO:colcon.colcon_core.shell:Creating package script '/home/shiyuanduan/RapidTile/rapid_tile_ws/install/kinematics_utils/share/kinematics_utils/package.bash'
[5.869s] INFO:colcon.colcon_core.shell:Creating package script '/home/shiyuanduan/RapidTile/rapid_tile_ws/install/kinematics_utils/share/kinematics_utils/package.zsh'
[5.870s] Level 1:colcon.colcon_core.environment:create_file_with_runtime_dependencies(/home/shiyuanduan/RapidTile/rapid_tile_ws/install/kinematics_utils/share/colcon-core/packages/kinematics_utils)
[5.884s] Level 1:colcon.colcon_core.environment:create_environment_scripts_only(kinematics_utils)
[5.885s] Level 1:colcon.colcon_core.environment:checking '/home/shiyuanduan/RapidTile/rapid_tile_ws/install/kinematics_utils' for CMake module files
[5.885s] Level 1:colcon.colcon_core.environment:checking '/home/shiyuanduan/RapidTile/rapid_tile_ws/install/kinematics_utils' for CMake config files
[5.885s] Level 1:colcon.colcon_core.shell:create_environment_hook('kinematics_utils', 'cmake_prefix_path')
[5.886s] INFO:colcon.colcon_core.shell:Creating environment hook '/home/shiyuanduan/RapidTile/rapid_tile_ws/install/kinematics_utils/share/kinematics_utils/hook/cmake_prefix_path.ps1'
[5.886s] INFO:colcon.colcon_core.shell:Creating environment descriptor '/home/shiyuanduan/RapidTile/rapid_tile_ws/install/kinematics_utils/share/kinematics_utils/hook/cmake_prefix_path.dsv'
[5.886s] INFO:colcon.colcon_core.shell:Creating environment hook '/home/shiyuanduan/RapidTile/rapid_tile_ws/install/kinematics_utils/share/kinematics_utils/hook/cmake_prefix_path.sh'
[5.887s] Level 1:colcon.colcon_core.environment:checking '/home/shiyuanduan/RapidTile/rapid_tile_ws/install/kinematics_utils/lib'
[5.887s] Level 1:colcon.colcon_core.environment:checking '/home/shiyuanduan/RapidTile/rapid_tile_ws/install/kinematics_utils/bin'
[5.887s] Level 1:colcon.colcon_core.environment:checking '/home/shiyuanduan/RapidTile/rapid_tile_ws/install/kinematics_utils/lib/pkgconfig/kinematics_utils.pc'
[5.887s] Level 1:colcon.colcon_core.environment:checking '/home/shiyuanduan/RapidTile/rapid_tile_ws/install/kinematics_utils/lib/python3.10/site-packages'
[5.887s] Level 1:colcon.colcon_core.environment:checking '/home/shiyuanduan/RapidTile/rapid_tile_ws/install/kinematics_utils/bin'
[5.888s] INFO:colcon.colcon_core.shell:Creating package script '/home/shiyuanduan/RapidTile/rapid_tile_ws/install/kinematics_utils/share/kinematics_utils/package.ps1'
[5.888s] INFO:colcon.colcon_core.shell:Creating package descriptor '/home/shiyuanduan/RapidTile/rapid_tile_ws/install/kinematics_utils/share/kinematics_utils/package.dsv'
[5.888s] INFO:colcon.colcon_core.shell:Creating package script '/home/shiyuanduan/RapidTile/rapid_tile_ws/install/kinematics_utils/share/kinematics_utils/package.sh'
[5.889s] INFO:colcon.colcon_core.shell:Creating package script '/home/shiyuanduan/RapidTile/rapid_tile_ws/install/kinematics_utils/share/kinematics_utils/package.bash'
[5.889s] INFO:colcon.colcon_core.shell:Creating package script '/home/shiyuanduan/RapidTile/rapid_tile_ws/install/kinematics_utils/share/kinematics_utils/package.zsh'
[5.889s] Level 1:colcon.colcon_core.environment:create_file_with_runtime_dependencies(/home/shiyuanduan/RapidTile/rapid_tile_ws/install/kinematics_utils/share/colcon-core/packages/kinematics_utils)
[5.889s] DEBUG:colcon.colcon_parallel_executor.executor.parallel:closing loop
[5.889s] DEBUG:colcon.colcon_parallel_executor.executor.parallel:loop closed
[5.889s] DEBUG:colcon.colcon_parallel_executor.executor.parallel:run_until_complete finished with '0'
[5.890s] DEBUG:colcon.colcon_core.event_reactor:joining thread
[5.931s] INFO:colcon.colcon_core.plugin_system:Skipping extension 'colcon_notification.desktop_notification.notify_send': Could not find 'notify-send'
[5.931s] INFO:colcon.colcon_core.plugin_system:Skipping extension 'colcon_notification.desktop_notification.terminal_notifier': Not used on non-Darwin systems
[5.931s] INFO:colcon.colcon_core.plugin_system:Skipping extension 'colcon_notification.desktop_notification.win32': Not used on non-Windows systems
[5.931s] INFO:colcon.colcon_notification.desktop_notification:Sending desktop notification using 'notify2'
[5.935s] DEBUG:colcon.colcon_notification.desktop_notification.notify2:Failed to initialize notify2: org.freedesktop.DBus.Error.ServiceUnknown: The name org.freedesktop.Notifications was not provided by any .service files
[5.935s] DEBUG:colcon.colcon_core.event_reactor:joined thread
[5.936s] INFO:colcon.colcon_core.shell:Creating prefix script '/home/shiyuanduan/RapidTile/rapid_tile_ws/install/local_setup.ps1'
[5.937s] INFO:colcon.colcon_core.shell:Creating prefix util module '/home/shiyuanduan/RapidTile/rapid_tile_ws/install/_local_setup_util_ps1.py'
[5.938s] INFO:colcon.colcon_core.shell:Creating prefix chain script '/home/shiyuanduan/RapidTile/rapid_tile_ws/install/setup.ps1'
[5.939s] INFO:colcon.colcon_core.shell:Creating prefix script '/home/shiyuanduan/RapidTile/rapid_tile_ws/install/local_setup.sh'
[5.939s] INFO:colcon.colcon_core.shell:Creating prefix util module '/home/shiyuanduan/RapidTile/rapid_tile_ws/install/_local_setup_util_sh.py'
[5.939s] INFO:colcon.colcon_core.shell:Creating prefix chain script '/home/shiyuanduan/RapidTile/rapid_tile_ws/install/setup.sh'
[5.940s] INFO:colcon.colcon_core.shell:Creating prefix script '/home/shiyuanduan/RapidTile/rapid_tile_ws/install/local_setup.bash'
[5.941s] INFO:colcon.colcon_core.shell:Creating prefix chain script '/home/shiyuanduan/RapidTile/rapid_tile_ws/install/setup.bash'
[5.941s] INFO:colcon.colcon_core.shell:Creating prefix script '/home/shiyuanduan/RapidTile/rapid_tile_ws/install/local_setup.zsh'
[5.942s] INFO:colcon.colcon_core.shell:Creating prefix chain script '/home/shiyuanduan/RapidTile/rapid_tile_ws/install/setup.zsh'
