[0.011s] Invoking command in '/home/shiyuanduan/RapidTile/rapid_tile_ws/build/rt_interfaces': CMAKE_PREFIX_PATH=${CMAKE_PREFIX_PATH}:/opt/ros/humble /usr/bin/cmake /home/shiyuanduan/RapidTile/rapid_tile_ws/src/rt_interfaces -DCMAKE_INSTALL_PREFIX=/home/shiyuanduan/RapidTile/rapid_tile_ws/install/rt_interfaces
[0.018s] -- Found ament_cmake: 1.3.3 (/opt/ros/humble/share/ament_cmake/cmake)
[0.930s] [31mCMake Error at CMakeLists.txt:13 (find_package):
[0.930s]   By not providing "Findrosidl_default_generatorss.cmake" in
[0.930s]   CMAKE_MODULE_PATH this project has asked CMake to find a package
[0.930s]   configuration file provided by "rosidl_default_generatorss", but CMake did
[0.930s]   not find one.
[0.930s] 
[0.930s]   Could not find a package configuration file provided by
[0.930s]   "rosidl_default_generatorss" with any of the following names:
[0.930s] 
[0.930s]     rosidl_default_generatorssConfig.cmake
[0.930s]     rosidl_default_generatorss-config.cmake
[0.930s] 
[0.930s]   Add the installation prefix of "rosidl_default_generatorss" to
[0.930s]   CMAKE_PREFIX_PATH or set "rosidl_default_generatorss_DIR" to a directory
[0.930s]   containing one of the above files.  If "rosidl_default_generatorss"
[0.930s]   provides a separate development package or SDK, be sure it has been
[0.930s]   installed.
[0.930s] 
[0.930s] [0m
[0.930s] -- Configuring incomplete, errors occurred!
[0.930s] See also "/home/shiyuanduan/RapidTile/rapid_tile_ws/build/rt_interfaces/CMakeFiles/CMakeOutput.log".
[0.932s] Invoked command in '/home/shiyuanduan/RapidTile/rapid_tile_ws/build/rt_interfaces' returned '1': CMAKE_PREFIX_PATH=${CMAKE_PREFIX_PATH}:/opt/ros/humble /usr/bin/cmake /home/shiyuanduan/RapidTile/rapid_tile_ws/src/rt_interfaces -DCMAKE_INSTALL_PREFIX=/home/shiyuanduan/RapidTile/rapid_tile_ws/install/rt_interfaces
