[0.020s] Invoking command in '/home/shiyuanduan/RapidTile/rapid_tile_ws/build/rt_interfaces': CMAKE_PREFIX_PATH=${CMAKE_PREFIX_PATH}:/home/shiyuanduan/RapidTile/rapid_tile_ws/install/arm_ctrl:/opt/ros/humble /usr/bin/cmake --build /home/shiyuanduan/RapidTile/rapid_tile_ws/build/rt_interfaces -- -j16 -l16
[0.083s] [  9%] Built target rt_interfaces__rosidl_generator_c
[0.090s] [ 12%] Built target rt_interfaces__cpp
[0.105s] [ 12%] Built target ament_cmake_python_copy_rt_interfaces
[0.105s] [ 22%] Built target rt_interfaces__rosidl_typesupport_c
[0.105s] [ 32%] Built target rt_interfaces__rosidl_typesupport_introspection_c
[0.108s] [ 41%] Built target rt_interfaces__rosidl_typesupport_fastrtps_c
[0.111s] [ 54%] Built target rt_interfaces__rosidl_typesupport_fastrtps_cpp
[0.111s] [ 61%] Built target rt_interfaces__rosidl_typesupport_introspection_cpp
[0.113s] [ 70%] Built target rt_interfaces__rosidl_typesupport_cpp
[0.126s] [ 70%] Built target rt_interfaces
[0.139s] [ 74%] Built target rt_interfaces__py
[0.157s] [ 80%] Built target rt_interfaces__rosidl_generator_py
[0.170s] [ 93%] Built target rt_interfaces__rosidl_typesupport_fastrtps_c__pyext
[0.170s] [ 93%] Built target rt_interfaces__rosidl_typesupport_c__pyext
[0.171s] [100%] Built target rt_interfaces__rosidl_typesupport_introspection_c__pyext
[0.286s] running egg_info
[0.287s] writing rt_interfaces.egg-info/PKG-INFO
[0.287s] writing dependency_links to rt_interfaces.egg-info/dependency_links.txt
[0.288s] writing top-level names to rt_interfaces.egg-info/top_level.txt
[0.290s] reading manifest file 'rt_interfaces.egg-info/SOURCES.txt'
[0.290s] writing manifest file 'rt_interfaces.egg-info/SOURCES.txt'
[0.306s] [100%] Built target ament_cmake_python_build_rt_interfaces_egg
[0.312s] Invoked command in '/home/shiyuanduan/RapidTile/rapid_tile_ws/build/rt_interfaces' returned '0': CMAKE_PREFIX_PATH=${CMAKE_PREFIX_PATH}:/home/shiyuanduan/RapidTile/rapid_tile_ws/install/arm_ctrl:/opt/ros/humble /usr/bin/cmake --build /home/shiyuanduan/RapidTile/rapid_tile_ws/build/rt_interfaces -- -j16 -l16
[0.347s] Invoking command in '/home/shiyuanduan/RapidTile/rapid_tile_ws/build/rt_interfaces': CMAKE_PREFIX_PATH=${CMAKE_PREFIX_PATH}:/home/shiyuanduan/RapidTile/rapid_tile_ws/install/arm_ctrl:/opt/ros/humble /usr/bin/cmake --install /home/shiyuanduan/RapidTile/rapid_tile_ws/build/rt_interfaces
[0.351s] -- Install configuration: ""
[0.352s] -- Up-to-date: /home/shiyuanduan/RapidTile/rapid_tile_ws/install/rt_interfaces/share/ament_index/resource_index/rosidl_interfaces/rt_interfaces
[0.352s] -- Up-to-date: /home/shiyuanduan/RapidTile/rapid_tile_ws/install/rt_interfaces/include/rt_interfaces/rt_interfaces
[0.352s] -- Up-to-date: /home/shiyuanduan/RapidTile/rapid_tile_ws/install/rt_interfaces/include/rt_interfaces/rt_interfaces/msg
[0.352s] -- Up-to-date: /home/shiyuanduan/RapidTile/rapid_tile_ws/install/rt_interfaces/include/rt_interfaces/rt_interfaces/msg/rosidl_generator_c__visibility_control.h
[0.352s] -- Up-to-date: /home/shiyuanduan/RapidTile/rapid_tile_ws/install/rt_interfaces/include/rt_interfaces/rt_interfaces/srv
[0.352s] -- Up-to-date: /home/shiyuanduan/RapidTile/rapid_tile_ws/install/rt_interfaces/include/rt_interfaces/rt_interfaces/srv/solve_ik.h
[0.352s] -- Up-to-date: /home/shiyuanduan/RapidTile/rapid_tile_ws/install/rt_interfaces/include/rt_interfaces/rt_interfaces/srv/detail
[0.352s] -- Up-to-date: /home/shiyuanduan/RapidTile/rapid_tile_ws/install/rt_interfaces/include/rt_interfaces/rt_interfaces/srv/detail/solve_ik__type_support.h
[0.352s] -- Up-to-date: /home/shiyuanduan/RapidTile/rapid_tile_ws/install/rt_interfaces/include/rt_interfaces/rt_interfaces/srv/detail/solve_ik__functions.h
[0.352s] -- Up-to-date: /home/shiyuanduan/RapidTile/rapid_tile_ws/install/rt_interfaces/include/rt_interfaces/rt_interfaces/srv/detail/solve_ik__struct.h
[0.353s] -- Up-to-date: /home/shiyuanduan/RapidTile/rapid_tile_ws/install/rt_interfaces/include/rt_interfaces/rt_interfaces/srv/detail/solve_ik__functions.c
[0.353s] -- Up-to-date: /home/shiyuanduan/RapidTile/rapid_tile_ws/install/rt_interfaces/share/rt_interfaces/environment/library_path.sh
[0.353s] -- Up-to-date: /home/shiyuanduan/RapidTile/rapid_tile_ws/install/rt_interfaces/share/rt_interfaces/environment/library_path.dsv
[0.353s] -- Up-to-date: /home/shiyuanduan/RapidTile/rapid_tile_ws/install/rt_interfaces/lib/librt_interfaces__rosidl_generator_c.so
[0.353s] -- Up-to-date: /home/shiyuanduan/RapidTile/rapid_tile_ws/install/rt_interfaces/include/rt_interfaces/rt_interfaces
[0.353s] -- Up-to-date: /home/shiyuanduan/RapidTile/rapid_tile_ws/install/rt_interfaces/include/rt_interfaces/rt_interfaces/msg
[0.353s] -- Up-to-date: /home/shiyuanduan/RapidTile/rapid_tile_ws/install/rt_interfaces/include/rt_interfaces/rt_interfaces/msg/rosidl_typesupport_fastrtps_c__visibility_control.h
[0.353s] -- Up-to-date: /home/shiyuanduan/RapidTile/rapid_tile_ws/install/rt_interfaces/include/rt_interfaces/rt_interfaces/srv
[0.353s] -- Up-to-date: /home/shiyuanduan/RapidTile/rapid_tile_ws/install/rt_interfaces/include/rt_interfaces/rt_interfaces/srv/detail
[0.353s] -- Up-to-date: /home/shiyuanduan/RapidTile/rapid_tile_ws/install/rt_interfaces/include/rt_interfaces/rt_interfaces/srv/detail/solve_ik__rosidl_typesupport_fastrtps_c.h
[0.354s] -- Up-to-date: /home/shiyuanduan/RapidTile/rapid_tile_ws/install/rt_interfaces/lib/librt_interfaces__rosidl_typesupport_fastrtps_c.so
[0.354s] -- Up-to-date: /home/shiyuanduan/RapidTile/rapid_tile_ws/install/rt_interfaces/include/rt_interfaces/rt_interfaces
[0.354s] -- Up-to-date: /home/shiyuanduan/RapidTile/rapid_tile_ws/install/rt_interfaces/include/rt_interfaces/rt_interfaces/msg
[0.354s] -- Up-to-date: /home/shiyuanduan/RapidTile/rapid_tile_ws/install/rt_interfaces/include/rt_interfaces/rt_interfaces/msg/rosidl_typesupport_introspection_c__visibility_control.h
[0.354s] -- Up-to-date: /home/shiyuanduan/RapidTile/rapid_tile_ws/install/rt_interfaces/include/rt_interfaces/rt_interfaces/srv
[0.354s] -- Up-to-date: /home/shiyuanduan/RapidTile/rapid_tile_ws/install/rt_interfaces/include/rt_interfaces/rt_interfaces/srv/detail
[0.354s] -- Up-to-date: /home/shiyuanduan/RapidTile/rapid_tile_ws/install/rt_interfaces/include/rt_interfaces/rt_interfaces/srv/detail/solve_ik__type_support.c
[0.354s] -- Up-to-date: /home/shiyuanduan/RapidTile/rapid_tile_ws/install/rt_interfaces/include/rt_interfaces/rt_interfaces/srv/detail/solve_ik__rosidl_typesupport_introspection_c.h
[0.354s] -- Up-to-date: /home/shiyuanduan/RapidTile/rapid_tile_ws/install/rt_interfaces/lib/librt_interfaces__rosidl_typesupport_introspection_c.so
[0.354s] -- Up-to-date: /home/shiyuanduan/RapidTile/rapid_tile_ws/install/rt_interfaces/lib/librt_interfaces__rosidl_typesupport_c.so
[0.354s] -- Up-to-date: /home/shiyuanduan/RapidTile/rapid_tile_ws/install/rt_interfaces/include/rt_interfaces/rt_interfaces
[0.354s] -- Up-to-date: /home/shiyuanduan/RapidTile/rapid_tile_ws/install/rt_interfaces/include/rt_interfaces/rt_interfaces/srv
[0.355s] -- Up-to-date: /home/shiyuanduan/RapidTile/rapid_tile_ws/install/rt_interfaces/include/rt_interfaces/rt_interfaces/srv/detail
[0.355s] -- Up-to-date: /home/shiyuanduan/RapidTile/rapid_tile_ws/install/rt_interfaces/include/rt_interfaces/rt_interfaces/srv/detail/solve_ik__struct.hpp
[0.355s] -- Up-to-date: /home/shiyuanduan/RapidTile/rapid_tile_ws/install/rt_interfaces/include/rt_interfaces/rt_interfaces/srv/detail/solve_ik__builder.hpp
[0.355s] -- Up-to-date: /home/shiyuanduan/RapidTile/rapid_tile_ws/install/rt_interfaces/include/rt_interfaces/rt_interfaces/srv/detail/solve_ik__traits.hpp
[0.355s] -- Up-to-date: /home/shiyuanduan/RapidTile/rapid_tile_ws/install/rt_interfaces/include/rt_interfaces/rt_interfaces/srv/solve_ik.hpp
[0.355s] -- Up-to-date: /home/shiyuanduan/RapidTile/rapid_tile_ws/install/rt_interfaces/include/rt_interfaces/rt_interfaces
[0.355s] -- Up-to-date: /home/shiyuanduan/RapidTile/rapid_tile_ws/install/rt_interfaces/include/rt_interfaces/rt_interfaces/msg
[0.355s] -- Up-to-date: /home/shiyuanduan/RapidTile/rapid_tile_ws/install/rt_interfaces/include/rt_interfaces/rt_interfaces/msg/rosidl_typesupport_fastrtps_cpp__visibility_control.h
[0.355s] -- Up-to-date: /home/shiyuanduan/RapidTile/rapid_tile_ws/install/rt_interfaces/include/rt_interfaces/rt_interfaces/srv
[0.356s] -- Up-to-date: /home/shiyuanduan/RapidTile/rapid_tile_ws/install/rt_interfaces/include/rt_interfaces/rt_interfaces/srv/detail
[0.356s] -- Up-to-date: /home/shiyuanduan/RapidTile/rapid_tile_ws/install/rt_interfaces/include/rt_interfaces/rt_interfaces/srv/detail/dds_fastrtps
[0.356s] -- Up-to-date: /home/shiyuanduan/RapidTile/rapid_tile_ws/install/rt_interfaces/include/rt_interfaces/rt_interfaces/srv/detail/solve_ik__rosidl_typesupport_fastrtps_cpp.hpp
[0.356s] -- Up-to-date: /home/shiyuanduan/RapidTile/rapid_tile_ws/install/rt_interfaces/lib/librt_interfaces__rosidl_typesupport_fastrtps_cpp.so
[0.356s] -- Up-to-date: /home/shiyuanduan/RapidTile/rapid_tile_ws/install/rt_interfaces/include/rt_interfaces/rt_interfaces
[0.356s] -- Up-to-date: /home/shiyuanduan/RapidTile/rapid_tile_ws/install/rt_interfaces/include/rt_interfaces/rt_interfaces/srv
[0.356s] -- Up-to-date: /home/shiyuanduan/RapidTile/rapid_tile_ws/install/rt_interfaces/include/rt_interfaces/rt_interfaces/srv/detail
[0.356s] -- Up-to-date: /home/shiyuanduan/RapidTile/rapid_tile_ws/install/rt_interfaces/include/rt_interfaces/rt_interfaces/srv/detail/solve_ik__rosidl_typesupport_introspection_cpp.hpp
[0.356s] -- Up-to-date: /home/shiyuanduan/RapidTile/rapid_tile_ws/install/rt_interfaces/include/rt_interfaces/rt_interfaces/srv/detail/solve_ik__type_support.cpp
[0.357s] -- Up-to-date: /home/shiyuanduan/RapidTile/rapid_tile_ws/install/rt_interfaces/lib/librt_interfaces__rosidl_typesupport_introspection_cpp.so
[0.357s] -- Up-to-date: /home/shiyuanduan/RapidTile/rapid_tile_ws/install/rt_interfaces/lib/librt_interfaces__rosidl_typesupport_cpp.so
[0.357s] -- Up-to-date: /home/shiyuanduan/RapidTile/rapid_tile_ws/install/rt_interfaces/share/rt_interfaces/environment/pythonpath.sh
[0.357s] -- Up-to-date: /home/shiyuanduan/RapidTile/rapid_tile_ws/install/rt_interfaces/share/rt_interfaces/environment/pythonpath.dsv
[0.357s] -- Up-to-date: /home/shiyuanduan/RapidTile/rapid_tile_ws/install/rt_interfaces/local/lib/python3.10/dist-packages/rt_interfaces-0.0.0-py3.10.egg-info
[0.357s] -- Installing: /home/shiyuanduan/RapidTile/rapid_tile_ws/install/rt_interfaces/local/lib/python3.10/dist-packages/rt_interfaces-0.0.0-py3.10.egg-info/SOURCES.txt
[0.357s] -- Installing: /home/shiyuanduan/RapidTile/rapid_tile_ws/install/rt_interfaces/local/lib/python3.10/dist-packages/rt_interfaces-0.0.0-py3.10.egg-info/top_level.txt
[0.357s] -- Installing: /home/shiyuanduan/RapidTile/rapid_tile_ws/install/rt_interfaces/local/lib/python3.10/dist-packages/rt_interfaces-0.0.0-py3.10.egg-info/dependency_links.txt
[0.357s] -- Installing: /home/shiyuanduan/RapidTile/rapid_tile_ws/install/rt_interfaces/local/lib/python3.10/dist-packages/rt_interfaces-0.0.0-py3.10.egg-info/PKG-INFO
[0.357s] -- Up-to-date: /home/shiyuanduan/RapidTile/rapid_tile_ws/install/rt_interfaces/local/lib/python3.10/dist-packages/rt_interfaces
[0.357s] -- Up-to-date: /home/shiyuanduan/RapidTile/rapid_tile_ws/install/rt_interfaces/local/lib/python3.10/dist-packages/rt_interfaces/_rt_interfaces_s.ep.rosidl_typesupport_fastrtps_c.c
[0.357s] -- Up-to-date: /home/shiyuanduan/RapidTile/rapid_tile_ws/install/rt_interfaces/local/lib/python3.10/dist-packages/rt_interfaces/_rt_interfaces_s.ep.rosidl_typesupport_introspection_c.c
[0.357s] -- Up-to-date: /home/shiyuanduan/RapidTile/rapid_tile_ws/install/rt_interfaces/local/lib/python3.10/dist-packages/rt_interfaces/rt_interfaces_s__rosidl_typesupport_c.cpython-310-x86_64-linux-gnu.so
[0.357s] -- Up-to-date: /home/shiyuanduan/RapidTile/rapid_tile_ws/install/rt_interfaces/local/lib/python3.10/dist-packages/rt_interfaces/librt_interfaces__rosidl_generator_py.so
[0.357s] -- Up-to-date: /home/shiyuanduan/RapidTile/rapid_tile_ws/install/rt_interfaces/local/lib/python3.10/dist-packages/rt_interfaces/__init__.py
[0.357s] -- Up-to-date: /home/shiyuanduan/RapidTile/rapid_tile_ws/install/rt_interfaces/local/lib/python3.10/dist-packages/rt_interfaces/rt_interfaces_s__rosidl_typesupport_fastrtps_c.cpython-310-x86_64-linux-gnu.so
[0.357s] -- Up-to-date: /home/shiyuanduan/RapidTile/rapid_tile_ws/install/rt_interfaces/local/lib/python3.10/dist-packages/rt_interfaces/rt_interfaces_s__rosidl_typesupport_introspection_c.cpython-310-x86_64-linux-gnu.so
[0.357s] -- Up-to-date: /home/shiyuanduan/RapidTile/rapid_tile_ws/install/rt_interfaces/local/lib/python3.10/dist-packages/rt_interfaces/srv
[0.358s] -- Up-to-date: /home/shiyuanduan/RapidTile/rapid_tile_ws/install/rt_interfaces/local/lib/python3.10/dist-packages/rt_interfaces/srv/_solve_ik_s.c
[0.358s] -- Up-to-date: /home/shiyuanduan/RapidTile/rapid_tile_ws/install/rt_interfaces/local/lib/python3.10/dist-packages/rt_interfaces/srv/_solve_ik.py
[0.358s] -- Up-to-date: /home/shiyuanduan/RapidTile/rapid_tile_ws/install/rt_interfaces/local/lib/python3.10/dist-packages/rt_interfaces/srv/__init__.py
[0.358s] -- Up-to-date: /home/shiyuanduan/RapidTile/rapid_tile_ws/install/rt_interfaces/local/lib/python3.10/dist-packages/rt_interfaces/_rt_interfaces_s.ep.rosidl_typesupport_c.c
[0.377s] Listing '/home/shiyuanduan/RapidTile/rapid_tile_ws/install/rt_interfaces/local/lib/python3.10/dist-packages/rt_interfaces'...
[0.377s] Listing '/home/shiyuanduan/RapidTile/rapid_tile_ws/install/rt_interfaces/local/lib/python3.10/dist-packages/rt_interfaces/srv'...
[0.380s] -- Up-to-date: /home/shiyuanduan/RapidTile/rapid_tile_ws/install/rt_interfaces/local/lib/python3.10/dist-packages/rt_interfaces/rt_interfaces_s__rosidl_typesupport_fastrtps_c.cpython-310-x86_64-linux-gnu.so
[0.380s] -- Up-to-date: /home/shiyuanduan/RapidTile/rapid_tile_ws/install/rt_interfaces/local/lib/python3.10/dist-packages/rt_interfaces/rt_interfaces_s__rosidl_typesupport_introspection_c.cpython-310-x86_64-linux-gnu.so
[0.380s] -- Up-to-date: /home/shiyuanduan/RapidTile/rapid_tile_ws/install/rt_interfaces/local/lib/python3.10/dist-packages/rt_interfaces/rt_interfaces_s__rosidl_typesupport_c.cpython-310-x86_64-linux-gnu.so
[0.380s] -- Up-to-date: /home/shiyuanduan/RapidTile/rapid_tile_ws/install/rt_interfaces/lib/librt_interfaces__rosidl_generator_py.so
[0.380s] -- Up-to-date: /home/shiyuanduan/RapidTile/rapid_tile_ws/install/rt_interfaces/share/rt_interfaces/srv/SolveIK.idl
[0.380s] -- Up-to-date: /home/shiyuanduan/RapidTile/rapid_tile_ws/install/rt_interfaces/share/rt_interfaces/srv/SolveIK.srv
[0.381s] -- Up-to-date: /home/shiyuanduan/RapidTile/rapid_tile_ws/install/rt_interfaces/share/rt_interfaces/srv/SolveIK_Request.msg
[0.381s] -- Up-to-date: /home/shiyuanduan/RapidTile/rapid_tile_ws/install/rt_interfaces/share/rt_interfaces/srv/SolveIK_Response.msg
[0.381s] -- Up-to-date: /home/shiyuanduan/RapidTile/rapid_tile_ws/install/rt_interfaces/share/ament_index/resource_index/package_run_dependencies/rt_interfaces
[0.381s] -- Up-to-date: /home/shiyuanduan/RapidTile/rapid_tile_ws/install/rt_interfaces/share/ament_index/resource_index/parent_prefix_path/rt_interfaces
[0.381s] -- Up-to-date: /home/shiyuanduan/RapidTile/rapid_tile_ws/install/rt_interfaces/share/rt_interfaces/environment/ament_prefix_path.sh
[0.381s] -- Up-to-date: /home/shiyuanduan/RapidTile/rapid_tile_ws/install/rt_interfaces/share/rt_interfaces/environment/ament_prefix_path.dsv
[0.381s] -- Up-to-date: /home/shiyuanduan/RapidTile/rapid_tile_ws/install/rt_interfaces/share/rt_interfaces/environment/path.sh
[0.381s] -- Up-to-date: /home/shiyuanduan/RapidTile/rapid_tile_ws/install/rt_interfaces/share/rt_interfaces/environment/path.dsv
[0.381s] -- Up-to-date: /home/shiyuanduan/RapidTile/rapid_tile_ws/install/rt_interfaces/share/rt_interfaces/local_setup.bash
[0.381s] -- Up-to-date: /home/shiyuanduan/RapidTile/rapid_tile_ws/install/rt_interfaces/share/rt_interfaces/local_setup.sh
[0.382s] -- Up-to-date: /home/shiyuanduan/RapidTile/rapid_tile_ws/install/rt_interfaces/share/rt_interfaces/local_setup.zsh
[0.382s] -- Up-to-date: /home/shiyuanduan/RapidTile/rapid_tile_ws/install/rt_interfaces/share/rt_interfaces/local_setup.dsv
[0.382s] -- Installing: /home/shiyuanduan/RapidTile/rapid_tile_ws/install/rt_interfaces/share/rt_interfaces/package.dsv
[0.382s] -- Up-to-date: /home/shiyuanduan/RapidTile/rapid_tile_ws/install/rt_interfaces/share/ament_index/resource_index/packages/rt_interfaces
[0.382s] -- Up-to-date: /home/shiyuanduan/RapidTile/rapid_tile_ws/install/rt_interfaces/share/rt_interfaces/cmake/export_rt_interfaces__rosidl_generator_cExport.cmake
[0.382s] -- Up-to-date: /home/shiyuanduan/RapidTile/rapid_tile_ws/install/rt_interfaces/share/rt_interfaces/cmake/export_rt_interfaces__rosidl_generator_cExport-noconfig.cmake
[0.382s] -- Up-to-date: /home/shiyuanduan/RapidTile/rapid_tile_ws/install/rt_interfaces/share/rt_interfaces/cmake/export_rt_interfaces__rosidl_typesupport_fastrtps_cExport.cmake
[0.382s] -- Up-to-date: /home/shiyuanduan/RapidTile/rapid_tile_ws/install/rt_interfaces/share/rt_interfaces/cmake/export_rt_interfaces__rosidl_typesupport_fastrtps_cExport-noconfig.cmake
[0.382s] -- Up-to-date: /home/shiyuanduan/RapidTile/rapid_tile_ws/install/rt_interfaces/share/rt_interfaces/cmake/rt_interfaces__rosidl_typesupport_introspection_cExport.cmake
[0.382s] -- Up-to-date: /home/shiyuanduan/RapidTile/rapid_tile_ws/install/rt_interfaces/share/rt_interfaces/cmake/rt_interfaces__rosidl_typesupport_introspection_cExport-noconfig.cmake
[0.383s] -- Up-to-date: /home/shiyuanduan/RapidTile/rapid_tile_ws/install/rt_interfaces/share/rt_interfaces/cmake/rt_interfaces__rosidl_typesupport_cExport.cmake
[0.383s] -- Up-to-date: /home/shiyuanduan/RapidTile/rapid_tile_ws/install/rt_interfaces/share/rt_interfaces/cmake/rt_interfaces__rosidl_typesupport_cExport-noconfig.cmake
[0.383s] -- Up-to-date: /home/shiyuanduan/RapidTile/rapid_tile_ws/install/rt_interfaces/share/rt_interfaces/cmake/export_rt_interfaces__rosidl_generator_cppExport.cmake
[0.383s] -- Up-to-date: /home/shiyuanduan/RapidTile/rapid_tile_ws/install/rt_interfaces/share/rt_interfaces/cmake/export_rt_interfaces__rosidl_typesupport_fastrtps_cppExport.cmake
[0.383s] -- Up-to-date: /home/shiyuanduan/RapidTile/rapid_tile_ws/install/rt_interfaces/share/rt_interfaces/cmake/export_rt_interfaces__rosidl_typesupport_fastrtps_cppExport-noconfig.cmake
[0.383s] -- Up-to-date: /home/shiyuanduan/RapidTile/rapid_tile_ws/install/rt_interfaces/share/rt_interfaces/cmake/rt_interfaces__rosidl_typesupport_introspection_cppExport.cmake
[0.383s] -- Up-to-date: /home/shiyuanduan/RapidTile/rapid_tile_ws/install/rt_interfaces/share/rt_interfaces/cmake/rt_interfaces__rosidl_typesupport_introspection_cppExport-noconfig.cmake
[0.383s] -- Up-to-date: /home/shiyuanduan/RapidTile/rapid_tile_ws/install/rt_interfaces/share/rt_interfaces/cmake/rt_interfaces__rosidl_typesupport_cppExport.cmake
[0.384s] -- Up-to-date: /home/shiyuanduan/RapidTile/rapid_tile_ws/install/rt_interfaces/share/rt_interfaces/cmake/rt_interfaces__rosidl_typesupport_cppExport-noconfig.cmake
[0.384s] -- Up-to-date: /home/shiyuanduan/RapidTile/rapid_tile_ws/install/rt_interfaces/share/rt_interfaces/cmake/export_rt_interfaces__rosidl_generator_pyExport.cmake
[0.384s] -- Up-to-date: /home/shiyuanduan/RapidTile/rapid_tile_ws/install/rt_interfaces/share/rt_interfaces/cmake/export_rt_interfaces__rosidl_generator_pyExport-noconfig.cmake
[0.384s] -- Up-to-date: /home/shiyuanduan/RapidTile/rapid_tile_ws/install/rt_interfaces/share/rt_interfaces/cmake/rosidl_cmake-extras.cmake
[0.384s] -- Up-to-date: /home/shiyuanduan/RapidTile/rapid_tile_ws/install/rt_interfaces/share/rt_interfaces/cmake/ament_cmake_export_include_directories-extras.cmake
[0.384s] -- Up-to-date: /home/shiyuanduan/RapidTile/rapid_tile_ws/install/rt_interfaces/share/rt_interfaces/cmake/ament_cmake_export_libraries-extras.cmake
[0.384s] -- Up-to-date: /home/shiyuanduan/RapidTile/rapid_tile_ws/install/rt_interfaces/share/rt_interfaces/cmake/ament_cmake_export_targets-extras.cmake
[0.384s] -- Up-to-date: /home/shiyuanduan/RapidTile/rapid_tile_ws/install/rt_interfaces/share/rt_interfaces/cmake/rosidl_cmake_export_typesupport_targets-extras.cmake
[0.384s] -- Up-to-date: /home/shiyuanduan/RapidTile/rapid_tile_ws/install/rt_interfaces/share/rt_interfaces/cmake/ament_cmake_export_dependencies-extras.cmake
[0.384s] -- Up-to-date: /home/shiyuanduan/RapidTile/rapid_tile_ws/install/rt_interfaces/share/rt_interfaces/cmake/rosidl_cmake_export_typesupport_libraries-extras.cmake
[0.384s] -- Up-to-date: /home/shiyuanduan/RapidTile/rapid_tile_ws/install/rt_interfaces/share/rt_interfaces/cmake/rt_interfacesConfig.cmake
[0.384s] -- Up-to-date: /home/shiyuanduan/RapidTile/rapid_tile_ws/install/rt_interfaces/share/rt_interfaces/cmake/rt_interfacesConfig-version.cmake
[0.384s] -- Up-to-date: /home/shiyuanduan/RapidTile/rapid_tile_ws/install/rt_interfaces/share/rt_interfaces/package.xml
[0.387s] Invoked command in '/home/shiyuanduan/RapidTile/rapid_tile_ws/build/rt_interfaces' returned '0': CMAKE_PREFIX_PATH=${CMAKE_PREFIX_PATH}:/home/shiyuanduan/RapidTile/rapid_tile_ws/install/arm_ctrl:/opt/ros/humble /usr/bin/cmake --install /home/shiyuanduan/RapidTile/rapid_tile_ws/build/rt_interfaces
