[0.286s] DEBUG:colcon:Command line arguments: ['/usr/bin/colcon', 'build', '--packages-select', 'rt_interfaces']
[0.286s] DEBUG:colcon:Parsed command line arguments: Namespace(log_base=None, log_level=None, verb_name='build', build_base='build', install_base='install', merge_install=False, symlink_install=False, test_result_base=None, continue_on_error=False, executor='parallel', parallel_workers=16, event_handlers=None, ignore_user_meta=False, metas=['./colcon.meta'], base_paths=['.'], packages_ignore=None, packages_ignore_regex=None, paths=None, packages_up_to=None, packages_up_to_regex=None, packages_above=None, packages_above_and_dependencies=None, packages_above_depth=None, packages_select_by_dep=None, packages_skip_by_dep=None, packages_skip_up_to=None, packages_select_build_failed=False, packages_skip_build_finished=False, packages_select_test_failures=False, packages_skip_test_passed=False, packages_select=['rt_interfaces'], packages_skip=None, packages_select_regex=None, packages_skip_regex=None, packages_start=None, packages_end=None, allow_overriding=[], cmake_args=None, cmake_target=None, cmake_target_skip_unavailable=False, cmake_clean_cache=False, cmake_clean_first=False, cmake_force_configure=False, ament_cmake_args=None, catkin_cmake_args=None, catkin_skip_building_tests=False, verb_parser=<colcon_defaults.argument_parser.defaults.DefaultArgumentsDecorator object at 0x7f7554ac55d0>, verb_extension=<colcon_core.verb.build.BuildVerb object at 0x7f75552b58d0>, main=<bound method BuildVerb.main of <colcon_core.verb.build.BuildVerb object at 0x7f75552b58d0>>)
[0.313s] Level 1:colcon.colcon_core.package_discovery:discover_packages(colcon_meta) check parameters
[0.313s] Level 1:colcon.colcon_core.package_discovery:discover_packages(recursive) check parameters
[0.313s] Level 1:colcon.colcon_core.package_discovery:discover_packages(ignore) check parameters
[0.313s] Level 1:colcon.colcon_core.package_discovery:discover_packages(path) check parameters
[0.313s] Level 1:colcon.colcon_core.package_discovery:discover_packages(colcon_meta) discover
[0.313s] Level 1:colcon.colcon_core.package_discovery:discover_packages(recursive) discover
[0.313s] INFO:colcon.colcon_core.package_discovery:Crawling recursively for packages in '/home/shiyuanduan/RapidTile/rapid_tile_ws'
[0.313s] Level 1:colcon.colcon_core.package_identification:_identify(.) by extensions ['ignore', 'ignore_ament_install']
[0.313s] Level 1:colcon.colcon_core.package_identification:_identify(.) by extension 'ignore'
[0.313s] Level 1:colcon.colcon_core.package_identification:_identify(.) by extension 'ignore_ament_install'
[0.313s] Level 1:colcon.colcon_core.package_identification:_identify(.) by extensions ['colcon_pkg']
[0.313s] Level 1:colcon.colcon_core.package_identification:_identify(.) by extension 'colcon_pkg'
[0.313s] Level 1:colcon.colcon_core.package_identification:_identify(.) by extensions ['colcon_meta']
[0.313s] Level 1:colcon.colcon_core.package_identification:_identify(.) by extension 'colcon_meta'
[0.313s] Level 1:colcon.colcon_core.package_identification:_identify(.) by extensions ['ros']
[0.313s] Level 1:colcon.colcon_core.package_identification:_identify(.) by extension 'ros'
[0.328s] Level 1:colcon.colcon_core.package_identification:_identify(.) by extensions ['cmake', 'python']
[0.328s] Level 1:colcon.colcon_core.package_identification:_identify(.) by extension 'cmake'
[0.328s] Level 1:colcon.colcon_core.package_identification:_identify(.) by extension 'python'
[0.328s] Level 1:colcon.colcon_core.package_identification:_identify(.) by extensions ['python_setup_py']
[0.328s] Level 1:colcon.colcon_core.package_identification:_identify(.) by extension 'python_setup_py'
[0.328s] Level 1:colcon.colcon_core.package_identification:_identify(build) by extensions ['ignore', 'ignore_ament_install']
[0.328s] Level 1:colcon.colcon_core.package_identification:_identify(build) by extension 'ignore'
[0.328s] Level 1:colcon.colcon_core.package_identification:_identify(build) ignored
[0.328s] Level 1:colcon.colcon_core.package_identification:_identify(install) by extensions ['ignore', 'ignore_ament_install']
[0.328s] Level 1:colcon.colcon_core.package_identification:_identify(install) by extension 'ignore'
[0.328s] Level 1:colcon.colcon_core.package_identification:_identify(install) ignored
[0.328s] Level 1:colcon.colcon_core.package_identification:_identify(log) by extensions ['ignore', 'ignore_ament_install']
[0.328s] Level 1:colcon.colcon_core.package_identification:_identify(log) by extension 'ignore'
[0.328s] Level 1:colcon.colcon_core.package_identification:_identify(log) ignored
[0.328s] Level 1:colcon.colcon_core.package_identification:_identify(src) by extensions ['ignore', 'ignore_ament_install']
[0.328s] Level 1:colcon.colcon_core.package_identification:_identify(src) by extension 'ignore'
[0.328s] Level 1:colcon.colcon_core.package_identification:_identify(src) by extension 'ignore_ament_install'
[0.328s] Level 1:colcon.colcon_core.package_identification:_identify(src) by extensions ['colcon_pkg']
[0.328s] Level 1:colcon.colcon_core.package_identification:_identify(src) by extension 'colcon_pkg'
[0.329s] Level 1:colcon.colcon_core.package_identification:_identify(src) by extensions ['colcon_meta']
[0.329s] Level 1:colcon.colcon_core.package_identification:_identify(src) by extension 'colcon_meta'
[0.329s] Level 1:colcon.colcon_core.package_identification:_identify(src) by extensions ['ros']
[0.329s] Level 1:colcon.colcon_core.package_identification:_identify(src) by extension 'ros'
[0.329s] Level 1:colcon.colcon_core.package_identification:_identify(src) by extensions ['cmake', 'python']
[0.329s] Level 1:colcon.colcon_core.package_identification:_identify(src) by extension 'cmake'
[0.329s] Level 1:colcon.colcon_core.package_identification:_identify(src) by extension 'python'
[0.329s] Level 1:colcon.colcon_core.package_identification:_identify(src) by extensions ['python_setup_py']
[0.329s] Level 1:colcon.colcon_core.package_identification:_identify(src) by extension 'python_setup_py'
[0.329s] Level 1:colcon.colcon_core.package_identification:_identify(src/cpp_srvcli) by extensions ['ignore', 'ignore_ament_install']
[0.329s] Level 1:colcon.colcon_core.package_identification:_identify(src/cpp_srvcli) by extension 'ignore'
[0.329s] Level 1:colcon.colcon_core.package_identification:_identify(src/cpp_srvcli) by extension 'ignore_ament_install'
[0.329s] Level 1:colcon.colcon_core.package_identification:_identify(src/cpp_srvcli) by extensions ['colcon_pkg']
[0.329s] Level 1:colcon.colcon_core.package_identification:_identify(src/cpp_srvcli) by extension 'colcon_pkg'
[0.329s] Level 1:colcon.colcon_core.package_identification:_identify(src/cpp_srvcli) by extensions ['colcon_meta']
[0.329s] Level 1:colcon.colcon_core.package_identification:_identify(src/cpp_srvcli) by extension 'colcon_meta'
[0.329s] Level 1:colcon.colcon_core.package_identification:_identify(src/cpp_srvcli) by extensions ['ros']
[0.329s] Level 1:colcon.colcon_core.package_identification:_identify(src/cpp_srvcli) by extension 'ros'
[0.331s] DEBUG:colcon.colcon_core.package_identification:Package 'src/cpp_srvcli' with type 'ros.ament_cmake' and name 'cpp_srvcli'
[0.331s] Level 1:colcon.colcon_core.package_identification:_identify(src/kinematics_utils) by extensions ['ignore', 'ignore_ament_install']
[0.332s] Level 1:colcon.colcon_core.package_identification:_identify(src/kinematics_utils) by extension 'ignore'
[0.332s] Level 1:colcon.colcon_core.package_identification:_identify(src/kinematics_utils) by extension 'ignore_ament_install'
[0.332s] Level 1:colcon.colcon_core.package_identification:_identify(src/kinematics_utils) by extensions ['colcon_pkg']
[0.332s] Level 1:colcon.colcon_core.package_identification:_identify(src/kinematics_utils) by extension 'colcon_pkg'
[0.332s] Level 1:colcon.colcon_core.package_identification:_identify(src/kinematics_utils) by extensions ['colcon_meta']
[0.332s] Level 1:colcon.colcon_core.package_identification:_identify(src/kinematics_utils) by extension 'colcon_meta'
[0.332s] Level 1:colcon.colcon_core.package_identification:_identify(src/kinematics_utils) by extensions ['ros']
[0.332s] Level 1:colcon.colcon_core.package_identification:_identify(src/kinematics_utils) by extension 'ros'
[0.332s] DEBUG:colcon.colcon_core.package_identification:Package 'src/kinematics_utils' with type 'ros.ament_cmake' and name 'kinematics_utils'
[0.333s] Level 1:colcon.colcon_core.package_identification:_identify(src/rt_interfaces) by extensions ['ignore', 'ignore_ament_install']
[0.333s] Level 1:colcon.colcon_core.package_identification:_identify(src/rt_interfaces) by extension 'ignore'
[0.333s] Level 1:colcon.colcon_core.package_identification:_identify(src/rt_interfaces) by extension 'ignore_ament_install'
[0.333s] Level 1:colcon.colcon_core.package_identification:_identify(src/rt_interfaces) by extensions ['colcon_pkg']
[0.333s] Level 1:colcon.colcon_core.package_identification:_identify(src/rt_interfaces) by extension 'colcon_pkg'
[0.333s] Level 1:colcon.colcon_core.package_identification:_identify(src/rt_interfaces) by extensions ['colcon_meta']
[0.333s] Level 1:colcon.colcon_core.package_identification:_identify(src/rt_interfaces) by extension 'colcon_meta'
[0.333s] Level 1:colcon.colcon_core.package_identification:_identify(src/rt_interfaces) by extensions ['ros']
[0.333s] Level 1:colcon.colcon_core.package_identification:_identify(src/rt_interfaces) by extension 'ros'
[0.333s] DEBUG:colcon.colcon_core.package_identification:Package 'src/rt_interfaces' with type 'ros.ament_cmake' and name 'rt_interfaces'
[0.333s] Level 1:colcon.colcon_core.package_discovery:discover_packages(recursive) using defaults
[0.333s] Level 1:colcon.colcon_core.package_discovery:discover_packages(ignore) discover
[0.333s] Level 1:colcon.colcon_core.package_discovery:discover_packages(ignore) using defaults
[0.333s] Level 1:colcon.colcon_core.package_discovery:discover_packages(path) discover
[0.333s] Level 1:colcon.colcon_core.package_discovery:discover_packages(path) using defaults
[0.354s] INFO:colcon.colcon_core.package_selection:Skipping not selected package 'cpp_srvcli' in 'src/cpp_srvcli'
[0.354s] INFO:colcon.colcon_core.package_selection:Skipping not selected package 'kinematics_utils' in 'src/kinematics_utils'
[0.355s] Level 1:colcon.colcon_core.package_discovery:discover_packages(prefix_path) check parameters
[0.355s] Level 1:colcon.colcon_core.package_discovery:discover_packages(prefix_path) discover
[0.355s] WARNING:colcon.colcon_ros.prefix_path.ament:The path '/home/shiyuanduan/RapidTile/rapid_tile_ws/install/rt_interfaces' in the environment variable AMENT_PREFIX_PATH doesn't exist
[0.355s] WARNING:colcon.colcon_ros.prefix_path.ament:The path '/home/shiyuanduan/RapidTile/rapid_tile_ws/install/cpp_srvcli' in the environment variable AMENT_PREFIX_PATH doesn't exist
[0.356s] WARNING:colcon.colcon_ros.prefix_path.ament:The path '/home/shiyuanduan/RapidTile/rapid_tile_ws/install/kinematics_utils' in the environment variable AMENT_PREFIX_PATH doesn't exist
[0.356s] WARNING:colcon.colcon_ros.prefix_path.catkin:The path '/home/shiyuanduan/RapidTile/rapid_tile_ws/install/rt_interfaces' in the environment variable CMAKE_PREFIX_PATH doesn't exist
[0.356s] WARNING:colcon.colcon_ros.prefix_path.catkin:The path '/home/shiyuanduan/RapidTile/rapid_tile_ws/install/cpp_srvcli' in the environment variable CMAKE_PREFIX_PATH doesn't exist
[0.356s] WARNING:colcon.colcon_ros.prefix_path.catkin:The path '/home/shiyuanduan/RapidTile/rapid_tile_ws/install/kinematics_utils' in the environment variable CMAKE_PREFIX_PATH doesn't exist
[0.357s] DEBUG:colcon.colcon_installed_package_information.package_discovery:Found 0 installed packages in /home/shiyuanduan/RapidTile/rapid_tile_ws/install
[0.358s] DEBUG:colcon.colcon_installed_package_information.package_discovery:Found 270 installed packages in /opt/ros/humble
[0.359s] Level 1:colcon.colcon_core.package_discovery:discover_packages(prefix_path) using defaults
[0.407s] Level 5:colcon.colcon_core.verb:set package 'rt_interfaces' build argument 'cmake_args' from command line to 'None'
[0.407s] Level 5:colcon.colcon_core.verb:set package 'rt_interfaces' build argument 'cmake_target' from command line to 'None'
[0.407s] Level 5:colcon.colcon_core.verb:set package 'rt_interfaces' build argument 'cmake_target_skip_unavailable' from command line to 'False'
[0.407s] Level 5:colcon.colcon_core.verb:set package 'rt_interfaces' build argument 'cmake_clean_cache' from command line to 'False'
[0.407s] Level 5:colcon.colcon_core.verb:set package 'rt_interfaces' build argument 'cmake_clean_first' from command line to 'False'
[0.407s] Level 5:colcon.colcon_core.verb:set package 'rt_interfaces' build argument 'cmake_force_configure' from command line to 'False'
[0.407s] Level 5:colcon.colcon_core.verb:set package 'rt_interfaces' build argument 'ament_cmake_args' from command line to 'None'
[0.407s] Level 5:colcon.colcon_core.verb:set package 'rt_interfaces' build argument 'catkin_cmake_args' from command line to 'None'
[0.407s] Level 5:colcon.colcon_core.verb:set package 'rt_interfaces' build argument 'catkin_skip_building_tests' from command line to 'False'
[0.407s] DEBUG:colcon.colcon_core.verb:Building package 'rt_interfaces' with the following arguments: {'ament_cmake_args': None, 'build_base': '/home/shiyuanduan/RapidTile/rapid_tile_ws/build/rt_interfaces', 'catkin_cmake_args': None, 'catkin_skip_building_tests': False, 'cmake_args': None, 'cmake_clean_cache': False, 'cmake_clean_first': False, 'cmake_force_configure': False, 'cmake_target': None, 'cmake_target_skip_unavailable': False, 'install_base': '/home/shiyuanduan/RapidTile/rapid_tile_ws/install/rt_interfaces', 'merge_install': False, 'path': '/home/shiyuanduan/RapidTile/rapid_tile_ws/src/rt_interfaces', 'symlink_install': False, 'test_result_base': None}
[0.408s] INFO:colcon.colcon_core.executor:Executing jobs using 'parallel' executor
[0.411s] DEBUG:colcon.colcon_parallel_executor.executor.parallel:run_until_complete
[0.411s] INFO:colcon.colcon_ros.task.ament_cmake.build:Building ROS package in '/home/shiyuanduan/RapidTile/rapid_tile_ws/src/rt_interfaces' with build type 'ament_cmake'
[0.411s] INFO:colcon.colcon_cmake.task.cmake.build:Building CMake package in '/home/shiyuanduan/RapidTile/rapid_tile_ws/src/rt_interfaces'
[0.414s] INFO:colcon.colcon_core.plugin_system:Skipping extension 'colcon_core.shell.bat': Not used on non-Windows systems
[0.415s] INFO:colcon.colcon_core.shell:Skip shell extension 'powershell' for command environment: Not usable outside of PowerShell
[0.415s] DEBUG:colcon.colcon_core.shell:Skip shell extension 'dsv' for command environment
[0.422s] DEBUG:colcon.colcon_core.event_handler.log_command:Invoking command in '/home/shiyuanduan/RapidTile/rapid_tile_ws/build/rt_interfaces': CMAKE_PREFIX_PATH=${CMAKE_PREFIX_PATH}:/opt/ros/humble /usr/bin/cmake /home/shiyuanduan/RapidTile/rapid_tile_ws/src/rt_interfaces -DCMAKE_INSTALL_PREFIX=/home/shiyuanduan/RapidTile/rapid_tile_ws/install/rt_interfaces
[2.291s] DEBUG:colcon.colcon_core.event_handler.log_command:Invoked command in '/home/shiyuanduan/RapidTile/rapid_tile_ws/build/rt_interfaces' returned '0': CMAKE_PREFIX_PATH=${CMAKE_PREFIX_PATH}:/opt/ros/humble /usr/bin/cmake /home/shiyuanduan/RapidTile/rapid_tile_ws/src/rt_interfaces -DCMAKE_INSTALL_PREFIX=/home/shiyuanduan/RapidTile/rapid_tile_ws/install/rt_interfaces
[2.292s] DEBUG:colcon.colcon_core.event_handler.log_command:Invoking command in '/home/shiyuanduan/RapidTile/rapid_tile_ws/build/rt_interfaces': CMAKE_PREFIX_PATH=${CMAKE_PREFIX_PATH}:/opt/ros/humble /usr/bin/cmake --build /home/shiyuanduan/RapidTile/rapid_tile_ws/build/rt_interfaces -- -j16 -l16
[3.828s] DEBUG:colcon.colcon_core.event_handler.log_command:Invoked command in '/home/shiyuanduan/RapidTile/rapid_tile_ws/build/rt_interfaces' returned '0': CMAKE_PREFIX_PATH=${CMAKE_PREFIX_PATH}:/opt/ros/humble /usr/bin/cmake --build /home/shiyuanduan/RapidTile/rapid_tile_ws/build/rt_interfaces -- -j16 -l16
[3.867s] DEBUG:colcon.colcon_core.event_handler.log_command:Invoking command in '/home/shiyuanduan/RapidTile/rapid_tile_ws/build/rt_interfaces': CMAKE_PREFIX_PATH=${CMAKE_PREFIX_PATH}:/opt/ros/humble /usr/bin/cmake --install /home/shiyuanduan/RapidTile/rapid_tile_ws/build/rt_interfaces
[3.909s] Level 1:colcon.colcon_core.environment:create_environment_scripts_only(rt_interfaces)
[3.911s] DEBUG:colcon.colcon_core.event_handler.log_command:Invoked command in '/home/shiyuanduan/RapidTile/rapid_tile_ws/build/rt_interfaces' returned '0': CMAKE_PREFIX_PATH=${CMAKE_PREFIX_PATH}:/opt/ros/humble /usr/bin/cmake --install /home/shiyuanduan/RapidTile/rapid_tile_ws/build/rt_interfaces
[3.913s] Level 1:colcon.colcon_core.environment:checking '/home/shiyuanduan/RapidTile/rapid_tile_ws/install/rt_interfaces' for CMake module files
[3.913s] Level 1:colcon.colcon_core.environment:checking '/home/shiyuanduan/RapidTile/rapid_tile_ws/install/rt_interfaces' for CMake config files
[3.913s] Level 1:colcon.colcon_core.shell:create_environment_hook('rt_interfaces', 'cmake_prefix_path')
[3.914s] INFO:colcon.colcon_core.shell:Creating environment hook '/home/shiyuanduan/RapidTile/rapid_tile_ws/install/rt_interfaces/share/rt_interfaces/hook/cmake_prefix_path.ps1'
[3.915s] INFO:colcon.colcon_core.shell:Creating environment descriptor '/home/shiyuanduan/RapidTile/rapid_tile_ws/install/rt_interfaces/share/rt_interfaces/hook/cmake_prefix_path.dsv'
[3.915s] INFO:colcon.colcon_core.shell:Creating environment hook '/home/shiyuanduan/RapidTile/rapid_tile_ws/install/rt_interfaces/share/rt_interfaces/hook/cmake_prefix_path.sh'
[3.916s] Level 1:colcon.colcon_core.environment:checking '/home/shiyuanduan/RapidTile/rapid_tile_ws/install/rt_interfaces/lib'
[3.916s] Level 1:colcon.colcon_core.shell:create_environment_hook('rt_interfaces', 'ld_library_path_lib')
[3.917s] INFO:colcon.colcon_core.shell:Creating environment hook '/home/shiyuanduan/RapidTile/rapid_tile_ws/install/rt_interfaces/share/rt_interfaces/hook/ld_library_path_lib.ps1'
[3.917s] INFO:colcon.colcon_core.shell:Creating environment descriptor '/home/shiyuanduan/RapidTile/rapid_tile_ws/install/rt_interfaces/share/rt_interfaces/hook/ld_library_path_lib.dsv'
[3.917s] INFO:colcon.colcon_core.shell:Creating environment hook '/home/shiyuanduan/RapidTile/rapid_tile_ws/install/rt_interfaces/share/rt_interfaces/hook/ld_library_path_lib.sh'
[3.918s] Level 1:colcon.colcon_core.environment:checking '/home/shiyuanduan/RapidTile/rapid_tile_ws/install/rt_interfaces/bin'
[3.918s] Level 1:colcon.colcon_core.environment:checking '/home/shiyuanduan/RapidTile/rapid_tile_ws/install/rt_interfaces/lib/pkgconfig/rt_interfaces.pc'
[3.918s] Level 1:colcon.colcon_core.environment:checking '/home/shiyuanduan/RapidTile/rapid_tile_ws/install/rt_interfaces/lib/python3.10/site-packages'
[3.918s] Level 1:colcon.colcon_core.environment:checking '/home/shiyuanduan/RapidTile/rapid_tile_ws/install/rt_interfaces/bin'
[3.919s] INFO:colcon.colcon_core.shell:Creating package script '/home/shiyuanduan/RapidTile/rapid_tile_ws/install/rt_interfaces/share/rt_interfaces/package.ps1'
[3.919s] INFO:colcon.colcon_core.shell:Creating package descriptor '/home/shiyuanduan/RapidTile/rapid_tile_ws/install/rt_interfaces/share/rt_interfaces/package.dsv'
[3.920s] INFO:colcon.colcon_core.shell:Creating package script '/home/shiyuanduan/RapidTile/rapid_tile_ws/install/rt_interfaces/share/rt_interfaces/package.sh'
[3.920s] INFO:colcon.colcon_core.shell:Creating package script '/home/shiyuanduan/RapidTile/rapid_tile_ws/install/rt_interfaces/share/rt_interfaces/package.bash'
[3.921s] INFO:colcon.colcon_core.shell:Creating package script '/home/shiyuanduan/RapidTile/rapid_tile_ws/install/rt_interfaces/share/rt_interfaces/package.zsh'
[3.921s] Level 1:colcon.colcon_core.environment:create_file_with_runtime_dependencies(/home/shiyuanduan/RapidTile/rapid_tile_ws/install/rt_interfaces/share/colcon-core/packages/rt_interfaces)
[3.953s] Level 1:colcon.colcon_core.environment:create_environment_scripts_only(rt_interfaces)
[3.954s] Level 1:colcon.colcon_core.environment:checking '/home/shiyuanduan/RapidTile/rapid_tile_ws/install/rt_interfaces' for CMake module files
[3.954s] Level 1:colcon.colcon_core.environment:checking '/home/shiyuanduan/RapidTile/rapid_tile_ws/install/rt_interfaces' for CMake config files
[3.954s] Level 1:colcon.colcon_core.shell:create_environment_hook('rt_interfaces', 'cmake_prefix_path')
[3.955s] INFO:colcon.colcon_core.shell:Creating environment hook '/home/shiyuanduan/RapidTile/rapid_tile_ws/install/rt_interfaces/share/rt_interfaces/hook/cmake_prefix_path.ps1'
[3.955s] INFO:colcon.colcon_core.shell:Creating environment descriptor '/home/shiyuanduan/RapidTile/rapid_tile_ws/install/rt_interfaces/share/rt_interfaces/hook/cmake_prefix_path.dsv'
[3.956s] INFO:colcon.colcon_core.shell:Creating environment hook '/home/shiyuanduan/RapidTile/rapid_tile_ws/install/rt_interfaces/share/rt_interfaces/hook/cmake_prefix_path.sh'
[3.956s] Level 1:colcon.colcon_core.environment:checking '/home/shiyuanduan/RapidTile/rapid_tile_ws/install/rt_interfaces/lib'
[3.956s] Level 1:colcon.colcon_core.shell:create_environment_hook('rt_interfaces', 'ld_library_path_lib')
[3.957s] INFO:colcon.colcon_core.shell:Creating environment hook '/home/shiyuanduan/RapidTile/rapid_tile_ws/install/rt_interfaces/share/rt_interfaces/hook/ld_library_path_lib.ps1'
[3.957s] INFO:colcon.colcon_core.shell:Creating environment descriptor '/home/shiyuanduan/RapidTile/rapid_tile_ws/install/rt_interfaces/share/rt_interfaces/hook/ld_library_path_lib.dsv'
[3.957s] INFO:colcon.colcon_core.shell:Creating environment hook '/home/shiyuanduan/RapidTile/rapid_tile_ws/install/rt_interfaces/share/rt_interfaces/hook/ld_library_path_lib.sh'
[3.957s] Level 1:colcon.colcon_core.environment:checking '/home/shiyuanduan/RapidTile/rapid_tile_ws/install/rt_interfaces/bin'
[3.957s] Level 1:colcon.colcon_core.environment:checking '/home/shiyuanduan/RapidTile/rapid_tile_ws/install/rt_interfaces/lib/pkgconfig/rt_interfaces.pc'
[3.957s] Level 1:colcon.colcon_core.environment:checking '/home/shiyuanduan/RapidTile/rapid_tile_ws/install/rt_interfaces/lib/python3.10/site-packages'
[3.958s] Level 1:colcon.colcon_core.environment:checking '/home/shiyuanduan/RapidTile/rapid_tile_ws/install/rt_interfaces/bin'
[3.958s] INFO:colcon.colcon_core.shell:Creating package script '/home/shiyuanduan/RapidTile/rapid_tile_ws/install/rt_interfaces/share/rt_interfaces/package.ps1'
[3.959s] INFO:colcon.colcon_core.shell:Creating package descriptor '/home/shiyuanduan/RapidTile/rapid_tile_ws/install/rt_interfaces/share/rt_interfaces/package.dsv'
[3.959s] INFO:colcon.colcon_core.shell:Creating package script '/home/shiyuanduan/RapidTile/rapid_tile_ws/install/rt_interfaces/share/rt_interfaces/package.sh'
[3.959s] INFO:colcon.colcon_core.shell:Creating package script '/home/shiyuanduan/RapidTile/rapid_tile_ws/install/rt_interfaces/share/rt_interfaces/package.bash'
[3.959s] INFO:colcon.colcon_core.shell:Creating package script '/home/shiyuanduan/RapidTile/rapid_tile_ws/install/rt_interfaces/share/rt_interfaces/package.zsh'
[3.959s] Level 1:colcon.colcon_core.environment:create_file_with_runtime_dependencies(/home/shiyuanduan/RapidTile/rapid_tile_ws/install/rt_interfaces/share/colcon-core/packages/rt_interfaces)
[3.960s] DEBUG:colcon.colcon_parallel_executor.executor.parallel:closing loop
[3.960s] DEBUG:colcon.colcon_parallel_executor.executor.parallel:loop closed
[3.960s] DEBUG:colcon.colcon_parallel_executor.executor.parallel:run_until_complete finished with '0'
[3.960s] DEBUG:colcon.colcon_core.event_reactor:joining thread
[3.986s] INFO:colcon.colcon_core.plugin_system:Skipping extension 'colcon_notification.desktop_notification.notify_send': Could not find 'notify-send'
[3.986s] INFO:colcon.colcon_core.plugin_system:Skipping extension 'colcon_notification.desktop_notification.terminal_notifier': Not used on non-Darwin systems
[3.986s] INFO:colcon.colcon_core.plugin_system:Skipping extension 'colcon_notification.desktop_notification.win32': Not used on non-Windows systems
[3.986s] INFO:colcon.colcon_notification.desktop_notification:Sending desktop notification using 'notify2'
[3.991s] DEBUG:colcon.colcon_notification.desktop_notification.notify2:Failed to initialize notify2: org.freedesktop.DBus.Error.ServiceUnknown: The name org.freedesktop.Notifications was not provided by any .service files
[3.991s] DEBUG:colcon.colcon_core.event_reactor:joined thread
[3.992s] INFO:colcon.colcon_core.shell:Creating prefix script '/home/shiyuanduan/RapidTile/rapid_tile_ws/install/local_setup.ps1'
[3.993s] INFO:colcon.colcon_core.shell:Creating prefix util module '/home/shiyuanduan/RapidTile/rapid_tile_ws/install/_local_setup_util_ps1.py'
[3.994s] INFO:colcon.colcon_core.shell:Creating prefix chain script '/home/shiyuanduan/RapidTile/rapid_tile_ws/install/setup.ps1'
[3.995s] INFO:colcon.colcon_core.shell:Creating prefix script '/home/shiyuanduan/RapidTile/rapid_tile_ws/install/local_setup.sh'
[3.995s] INFO:colcon.colcon_core.shell:Creating prefix util module '/home/shiyuanduan/RapidTile/rapid_tile_ws/install/_local_setup_util_sh.py'
[3.995s] INFO:colcon.colcon_core.shell:Creating prefix chain script '/home/shiyuanduan/RapidTile/rapid_tile_ws/install/setup.sh'
[3.996s] INFO:colcon.colcon_core.shell:Creating prefix script '/home/shiyuanduan/RapidTile/rapid_tile_ws/install/local_setup.bash'
[3.996s] INFO:colcon.colcon_core.shell:Creating prefix chain script '/home/shiyuanduan/RapidTile/rapid_tile_ws/install/setup.bash'
[3.997s] INFO:colcon.colcon_core.shell:Creating prefix script '/home/shiyuanduan/RapidTile/rapid_tile_ws/install/local_setup.zsh'
[3.997s] INFO:colcon.colcon_core.shell:Creating prefix chain script '/home/shiyuanduan/RapidTile/rapid_tile_ws/install/setup.zsh'
