[0.010s] Invoking command in '/home/shiyuanduan/RapidTile/rapid_tile_ws/build/rt_interfaces': CMAKE_PREFIX_PATH=${CMAKE_PREFIX_PATH}:/opt/ros/humble /usr/bin/cmake /home/shiyuanduan/RapidTile/rapid_tile_ws/src/rt_interfaces -DCMAKE_INSTALL_PREFIX=/home/shiyuanduan/RapidTile/rapid_tile_ws/install/rt_interfaces
[0.100s] -- The C compiler identification is GNU 11.3.0
[0.391s] -- The CXX compiler identification is GNU 11.3.0
[0.598s] -- Detecting C compiler ABI info
[0.692s] -- Detecting C compiler ABI info - done
[0.696s] -- Check for working C compiler: /usr/bin/cc - skipped
[0.696s] -- Detecting C compile features
[0.696s] -- Detecting C compile features - done
[0.698s] -- Detecting CXX compiler ABI info
[0.799s] -- Detecting CXX compiler ABI info - done
[0.804s] -- Check for working CXX compiler: /usr/bin/c++ - skipped
[0.804s] -- Detecting CXX compile features
[0.804s] -- Detecting CXX compile features - done
[0.805s] -- Found ament_cmake: 1.3.3 (/opt/ros/humble/share/ament_cmake/cmake)
[0.903s] -- Found Python3: /usr/bin/python3.10 (found version "3.10.6") found components: Interpreter 
[0.952s] -- Found rosidl_default_generators: 1.2.0 (/opt/ros/humble/share/rosidl_default_generators/cmake)
[0.953s] -- Using all available rosidl_typesupport_c: rosidl_typesupport_fastrtps_c;rosidl_typesupport_introspection_c
[0.956s] -- Found rosidl_adapter: 3.1.4 (/opt/ros/humble/share/rosidl_adapter/cmake)
[1.052s] -- Using all available rosidl_typesupport_cpp: rosidl_typesupport_fastrtps_cpp;rosidl_typesupport_introspection_cpp
[1.228s] -- Found ament_cmake_ros: 0.10.0 (/opt/ros/humble/share/ament_cmake_ros/cmake)
[1.332s] -- Using all available rosidl_typesupport_c: rosidl_typesupport_fastrtps_c;rosidl_typesupport_introspection_c
[1.465s] -- Using all available rosidl_typesupport_cpp: rosidl_typesupport_fastrtps_cpp;rosidl_typesupport_introspection_cpp
[1.551s] -- Found PythonInterp: /usr/bin/python3 (found suitable version "3.10.6", minimum required is "3.6") 
[1.551s] -- Found python_cmake_module: 0.10.0 (/opt/ros/humble/share/python_cmake_module/cmake)
[1.789s] -- Found PythonLibs: /usr/lib/x86_64-linux-gnu/libpython3.10.so (found suitable version "3.10.6", minimum required is "3.5") 
[1.789s] -- Using PYTHON_EXECUTABLE: /usr/bin/python3
[1.789s] -- Using PYTHON_INCLUDE_DIRS: /usr/include/python3.10
[1.789s] -- Using PYTHON_LIBRARIES: /usr/lib/x86_64-linux-gnu/libpython3.10.so
[1.802s] -- Found PythonExtra: .so  
[1.843s] -- Found ament_lint_auto: 0.12.5 (/opt/ros/humble/share/ament_lint_auto/cmake)
[1.852s] -- Added test 'lint_cmake' to check CMake code style
[1.852s] -- Added test 'xmllint' to check XML markup files
[1.853s] -- Configuring done
[1.872s] -- Generating done
[1.873s] -- Build files have been written to: /home/shiyuanduan/RapidTile/rapid_tile_ws/build/rt_interfaces
[1.879s] Invoked command in '/home/shiyuanduan/RapidTile/rapid_tile_ws/build/rt_interfaces' returned '0': CMAKE_PREFIX_PATH=${CMAKE_PREFIX_PATH}:/opt/ros/humble /usr/bin/cmake /home/shiyuanduan/RapidTile/rapid_tile_ws/src/rt_interfaces -DCMAKE_INSTALL_PREFIX=/home/shiyuanduan/RapidTile/rapid_tile_ws/install/rt_interfaces
[1.880s] Invoking command in '/home/shiyuanduan/RapidTile/rapid_tile_ws/build/rt_interfaces': CMAKE_PREFIX_PATH=${CMAKE_PREFIX_PATH}:/opt/ros/humble /usr/bin/cmake --build /home/shiyuanduan/RapidTile/rapid_tile_ws/build/rt_interfaces -- -j16 -l16
[1.896s] [  3%] [34m[1mGenerating C code for ROS interfaces[0m
[1.901s] [  6%] [34m[1mGenerating C++ code for ROS interfaces[0m
[1.905s] [  6%] Built target ament_cmake_python_copy_rt_interfaces
[2.091s] running egg_info
[2.091s] creating rt_interfaces.egg-info
[2.091s] writing rt_interfaces.egg-info/PKG-INFO
[2.092s] writing dependency_links to rt_interfaces.egg-info/dependency_links.txt
[2.092s] writing top-level names to rt_interfaces.egg-info/top_level.txt
[2.092s] writing manifest file 'rt_interfaces.egg-info/SOURCES.txt'
[2.094s] reading manifest file 'rt_interfaces.egg-info/SOURCES.txt'
[2.094s] writing manifest file 'rt_interfaces.egg-info/SOURCES.txt'
[2.109s] [  6%] Built target ament_cmake_python_build_rt_interfaces_egg
[2.131s] [  9%] [32mBuilding C object CMakeFiles/rt_interfaces__rosidl_generator_c.dir/rosidl_generator_c/rt_interfaces/srv/detail/solve_ik__functions.c.o[0m
[2.136s] [  9%] Built target rt_interfaces__cpp
[2.142s] [ 12%] [34m[1mGenerating C++ type support dispatch for ROS interfaces[0m
[2.143s] [ 16%] [34m[1mGenerating C++ introspection for ROS interfaces[0m
[2.143s] [ 19%] [34m[1mGenerating C++ type support for eProsima Fast-RTPS[0m
[2.164s] [ 22%] [32m[1mLinking C shared library librt_interfaces__rosidl_generator_c.so[0m
[2.243s] [ 22%] Built target rt_interfaces__rosidl_generator_c
[2.248s] [ 29%] [34m[1mGenerating C type support for eProsima Fast-RTPS[0m
[2.248s] [ 29%] [34m[1mGenerating C introspection for ROS interfaces[0m
[2.248s] [ 32%] [34m[1mGenerating C type support dispatch for ROS interfaces[0m
[2.335s] [ 35%] [32mBuilding CXX object CMakeFiles/rt_interfaces__rosidl_typesupport_cpp.dir/rosidl_typesupport_cpp/rt_interfaces/srv/solve_ik__type_support.cpp.o[0m
[2.340s] [ 38%] [32mBuilding CXX object CMakeFiles/rt_interfaces__rosidl_typesupport_introspection_cpp.dir/rosidl_typesupport_introspection_cpp/rt_interfaces/srv/detail/solve_ik__type_support.cpp.o[0m
[2.367s] [ 41%] [32mBuilding CXX object CMakeFiles/rt_interfaces__rosidl_typesupport_fastrtps_cpp.dir/rosidl_typesupport_fastrtps_cpp/rt_interfaces/srv/detail/dds_fastrtps/solve_ik__type_support.cpp.o[0m
[2.450s] [ 45%] [32mBuilding CXX object CMakeFiles/rt_interfaces__rosidl_typesupport_c.dir/rosidl_typesupport_c/rt_interfaces/srv/solve_ik__type_support.cpp.o[0m
[2.484s] [ 48%] [32m[1mLinking CXX shared library librt_interfaces__rosidl_typesupport_c.so[0m
[2.493s] [ 51%] [32mBuilding C object CMakeFiles/rt_interfaces__rosidl_typesupport_introspection_c.dir/rosidl_typesupport_introspection_c/rt_interfaces/srv/detail/solve_ik__type_support.c.o[0m
[2.499s] [ 54%] [32mBuilding CXX object CMakeFiles/rt_interfaces__rosidl_typesupport_fastrtps_c.dir/rosidl_typesupport_fastrtps_c/rt_interfaces/srv/detail/solve_ik__type_support_c.cpp.o[0m
[2.523s] [ 58%] [32m[1mLinking C shared library librt_interfaces__rosidl_typesupport_introspection_c.so[0m
[2.588s] [ 61%] [32m[1mLinking CXX shared library librt_interfaces__rosidl_typesupport_cpp.so[0m
[2.593s] [ 61%] Built target rt_interfaces__rosidl_typesupport_c
[2.603s] [ 61%] Built target rt_interfaces__rosidl_typesupport_introspection_c
[2.682s] [ 61%] Built target rt_interfaces__rosidl_typesupport_cpp
[2.691s] [ 64%] [32m[1mLinking CXX shared library librt_interfaces__rosidl_typesupport_introspection_cpp.so[0m
[2.741s] [ 67%] [32m[1mLinking CXX shared library librt_interfaces__rosidl_typesupport_fastrtps_cpp.so[0m
[2.777s] [ 67%] Built target rt_interfaces__rosidl_typesupport_introspection_cpp
[2.798s] [ 70%] [32m[1mLinking CXX shared library librt_interfaces__rosidl_typesupport_fastrtps_c.so[0m
[2.845s] [ 70%] Built target rt_interfaces__rosidl_typesupport_fastrtps_cpp
[2.889s] [ 70%] Built target rt_interfaces__rosidl_typesupport_fastrtps_c
[2.898s] [ 70%] Built target rt_interfaces
[2.907s] [ 74%] [34m[1mGenerating Python code for ROS interfaces[0m
[3.160s] [ 74%] Built target rt_interfaces__py
[3.169s] [ 77%] [32mBuilding C object CMakeFiles/rt_interfaces__rosidl_generator_py.dir/rosidl_generator_py/rt_interfaces/srv/_solve_ik_s.c.o[0m
[3.229s] [ 80%] [32m[1mLinking C shared library rosidl_generator_py/rt_interfaces/librt_interfaces__rosidl_generator_py.so[0m
[3.294s] [ 80%] Built target rt_interfaces__rosidl_generator_py
[3.303s] [ 87%] [32mBuilding C object CMakeFiles/rt_interfaces__rosidl_typesupport_introspection_c__pyext.dir/rosidl_generator_py/rt_interfaces/_rt_interfaces_s.ep.rosidl_typesupport_introspection_c.c.o[0m
[3.303s] [ 87%] [32mBuilding C object CMakeFiles/rt_interfaces__rosidl_typesupport_fastrtps_c__pyext.dir/rosidl_generator_py/rt_interfaces/_rt_interfaces_s.ep.rosidl_typesupport_fastrtps_c.c.o[0m
[3.304s] [ 90%] [32mBuilding C object CMakeFiles/rt_interfaces__rosidl_typesupport_c__pyext.dir/rosidl_generator_py/rt_interfaces/_rt_interfaces_s.ep.rosidl_typesupport_c.c.o[0m
[3.353s] [ 93%] [32m[1mLinking C shared library rosidl_generator_py/rt_interfaces/rt_interfaces_s__rosidl_typesupport_c.cpython-310-x86_64-linux-gnu.so[0m
[3.353s] [ 96%] [32m[1mLinking C shared library rosidl_generator_py/rt_interfaces/rt_interfaces_s__rosidl_typesupport_introspection_c.cpython-310-x86_64-linux-gnu.so[0m
[3.353s] [100%] [32m[1mLinking C shared library rosidl_generator_py/rt_interfaces/rt_interfaces_s__rosidl_typesupport_fastrtps_c.cpython-310-x86_64-linux-gnu.so[0m
[3.410s] [100%] Built target rt_interfaces__rosidl_typesupport_c__pyext
[3.411s] [100%] Built target rt_interfaces__rosidl_typesupport_fastrtps_c__pyext
[3.411s] [100%] Built target rt_interfaces__rosidl_typesupport_introspection_c__pyext
[3.416s] Invoked command in '/home/shiyuanduan/RapidTile/rapid_tile_ws/build/rt_interfaces' returned '0': CMAKE_PREFIX_PATH=${CMAKE_PREFIX_PATH}:/opt/ros/humble /usr/bin/cmake --build /home/shiyuanduan/RapidTile/rapid_tile_ws/build/rt_interfaces -- -j16 -l16
[3.455s] Invoking command in '/home/shiyuanduan/RapidTile/rapid_tile_ws/build/rt_interfaces': CMAKE_PREFIX_PATH=${CMAKE_PREFIX_PATH}:/opt/ros/humble /usr/bin/cmake --install /home/shiyuanduan/RapidTile/rapid_tile_ws/build/rt_interfaces
[3.458s] -- Install configuration: ""
[3.458s] -- Installing: /home/shiyuanduan/RapidTile/rapid_tile_ws/install/rt_interfaces/share/ament_index/resource_index/rosidl_interfaces/rt_interfaces
[3.458s] -- Installing: /home/shiyuanduan/RapidTile/rapid_tile_ws/install/rt_interfaces/include/rt_interfaces/rt_interfaces
[3.459s] -- Installing: /home/shiyuanduan/RapidTile/rapid_tile_ws/install/rt_interfaces/include/rt_interfaces/rt_interfaces/msg
[3.459s] -- Installing: /home/shiyuanduan/RapidTile/rapid_tile_ws/install/rt_interfaces/include/rt_interfaces/rt_interfaces/msg/rosidl_generator_c__visibility_control.h
[3.459s] -- Installing: /home/shiyuanduan/RapidTile/rapid_tile_ws/install/rt_interfaces/include/rt_interfaces/rt_interfaces/srv
[3.459s] -- Installing: /home/shiyuanduan/RapidTile/rapid_tile_ws/install/rt_interfaces/include/rt_interfaces/rt_interfaces/srv/solve_ik.h
[3.459s] -- Installing: /home/shiyuanduan/RapidTile/rapid_tile_ws/install/rt_interfaces/include/rt_interfaces/rt_interfaces/srv/detail
[3.459s] -- Installing: /home/shiyuanduan/RapidTile/rapid_tile_ws/install/rt_interfaces/include/rt_interfaces/rt_interfaces/srv/detail/solve_ik__type_support.h
[3.459s] -- Installing: /home/shiyuanduan/RapidTile/rapid_tile_ws/install/rt_interfaces/include/rt_interfaces/rt_interfaces/srv/detail/solve_ik__functions.h
[3.459s] -- Installing: /home/shiyuanduan/RapidTile/rapid_tile_ws/install/rt_interfaces/include/rt_interfaces/rt_interfaces/srv/detail/solve_ik__struct.h
[3.459s] -- Installing: /home/shiyuanduan/RapidTile/rapid_tile_ws/install/rt_interfaces/include/rt_interfaces/rt_interfaces/srv/detail/solve_ik__functions.c
[3.459s] -- Installing: /home/shiyuanduan/RapidTile/rapid_tile_ws/install/rt_interfaces/share/rt_interfaces/environment/library_path.sh
[3.460s] -- Installing: /home/shiyuanduan/RapidTile/rapid_tile_ws/install/rt_interfaces/share/rt_interfaces/environment/library_path.dsv
[3.460s] -- Installing: /home/shiyuanduan/RapidTile/rapid_tile_ws/install/rt_interfaces/lib/librt_interfaces__rosidl_generator_c.so
[3.460s] -- Set runtime path of "/home/shiyuanduan/RapidTile/rapid_tile_ws/install/rt_interfaces/lib/librt_interfaces__rosidl_generator_c.so" to ""
[3.460s] -- Up-to-date: /home/shiyuanduan/RapidTile/rapid_tile_ws/install/rt_interfaces/include/rt_interfaces/rt_interfaces
[3.460s] -- Up-to-date: /home/shiyuanduan/RapidTile/rapid_tile_ws/install/rt_interfaces/include/rt_interfaces/rt_interfaces/msg
[3.460s] -- Installing: /home/shiyuanduan/RapidTile/rapid_tile_ws/install/rt_interfaces/include/rt_interfaces/rt_interfaces/msg/rosidl_typesupport_fastrtps_c__visibility_control.h
[3.460s] -- Up-to-date: /home/shiyuanduan/RapidTile/rapid_tile_ws/install/rt_interfaces/include/rt_interfaces/rt_interfaces/srv
[3.460s] -- Up-to-date: /home/shiyuanduan/RapidTile/rapid_tile_ws/install/rt_interfaces/include/rt_interfaces/rt_interfaces/srv/detail
[3.460s] -- Installing: /home/shiyuanduan/RapidTile/rapid_tile_ws/install/rt_interfaces/include/rt_interfaces/rt_interfaces/srv/detail/solve_ik__rosidl_typesupport_fastrtps_c.h
[3.461s] -- Installing: /home/shiyuanduan/RapidTile/rapid_tile_ws/install/rt_interfaces/lib/librt_interfaces__rosidl_typesupport_fastrtps_c.so
[3.461s] -- Set runtime path of "/home/shiyuanduan/RapidTile/rapid_tile_ws/install/rt_interfaces/lib/librt_interfaces__rosidl_typesupport_fastrtps_c.so" to ""
[3.461s] -- Up-to-date: /home/shiyuanduan/RapidTile/rapid_tile_ws/install/rt_interfaces/include/rt_interfaces/rt_interfaces
[3.461s] -- Up-to-date: /home/shiyuanduan/RapidTile/rapid_tile_ws/install/rt_interfaces/include/rt_interfaces/rt_interfaces/msg
[3.461s] -- Installing: /home/shiyuanduan/RapidTile/rapid_tile_ws/install/rt_interfaces/include/rt_interfaces/rt_interfaces/msg/rosidl_typesupport_introspection_c__visibility_control.h
[3.461s] -- Up-to-date: /home/shiyuanduan/RapidTile/rapid_tile_ws/install/rt_interfaces/include/rt_interfaces/rt_interfaces/srv
[3.461s] -- Up-to-date: /home/shiyuanduan/RapidTile/rapid_tile_ws/install/rt_interfaces/include/rt_interfaces/rt_interfaces/srv/detail
[3.461s] -- Installing: /home/shiyuanduan/RapidTile/rapid_tile_ws/install/rt_interfaces/include/rt_interfaces/rt_interfaces/srv/detail/solve_ik__type_support.c
[3.461s] -- Installing: /home/shiyuanduan/RapidTile/rapid_tile_ws/install/rt_interfaces/include/rt_interfaces/rt_interfaces/srv/detail/solve_ik__rosidl_typesupport_introspection_c.h
[3.461s] -- Installing: /home/shiyuanduan/RapidTile/rapid_tile_ws/install/rt_interfaces/lib/librt_interfaces__rosidl_typesupport_introspection_c.so
[3.461s] -- Set runtime path of "/home/shiyuanduan/RapidTile/rapid_tile_ws/install/rt_interfaces/lib/librt_interfaces__rosidl_typesupport_introspection_c.so" to ""
[3.462s] -- Installing: /home/shiyuanduan/RapidTile/rapid_tile_ws/install/rt_interfaces/lib/librt_interfaces__rosidl_typesupport_c.so
[3.462s] -- Set runtime path of "/home/shiyuanduan/RapidTile/rapid_tile_ws/install/rt_interfaces/lib/librt_interfaces__rosidl_typesupport_c.so" to ""
[3.462s] -- Up-to-date: /home/shiyuanduan/RapidTile/rapid_tile_ws/install/rt_interfaces/include/rt_interfaces/rt_interfaces
[3.462s] -- Up-to-date: /home/shiyuanduan/RapidTile/rapid_tile_ws/install/rt_interfaces/include/rt_interfaces/rt_interfaces/srv
[3.462s] -- Up-to-date: /home/shiyuanduan/RapidTile/rapid_tile_ws/install/rt_interfaces/include/rt_interfaces/rt_interfaces/srv/detail
[3.462s] -- Installing: /home/shiyuanduan/RapidTile/rapid_tile_ws/install/rt_interfaces/include/rt_interfaces/rt_interfaces/srv/detail/solve_ik__struct.hpp
[3.462s] -- Installing: /home/shiyuanduan/RapidTile/rapid_tile_ws/install/rt_interfaces/include/rt_interfaces/rt_interfaces/srv/detail/solve_ik__builder.hpp
[3.462s] -- Installing: /home/shiyuanduan/RapidTile/rapid_tile_ws/install/rt_interfaces/include/rt_interfaces/rt_interfaces/srv/detail/solve_ik__traits.hpp
[3.462s] -- Installing: /home/shiyuanduan/RapidTile/rapid_tile_ws/install/rt_interfaces/include/rt_interfaces/rt_interfaces/srv/solve_ik.hpp
[3.463s] -- Up-to-date: /home/shiyuanduan/RapidTile/rapid_tile_ws/install/rt_interfaces/include/rt_interfaces/rt_interfaces
[3.463s] -- Up-to-date: /home/shiyuanduan/RapidTile/rapid_tile_ws/install/rt_interfaces/include/rt_interfaces/rt_interfaces/msg
[3.463s] -- Installing: /home/shiyuanduan/RapidTile/rapid_tile_ws/install/rt_interfaces/include/rt_interfaces/rt_interfaces/msg/rosidl_typesupport_fastrtps_cpp__visibility_control.h
[3.463s] -- Up-to-date: /home/shiyuanduan/RapidTile/rapid_tile_ws/install/rt_interfaces/include/rt_interfaces/rt_interfaces/srv
[3.463s] -- Up-to-date: /home/shiyuanduan/RapidTile/rapid_tile_ws/install/rt_interfaces/include/rt_interfaces/rt_interfaces/srv/detail
[3.463s] -- Installing: /home/shiyuanduan/RapidTile/rapid_tile_ws/install/rt_interfaces/include/rt_interfaces/rt_interfaces/srv/detail/dds_fastrtps
[3.463s] -- Installing: /home/shiyuanduan/RapidTile/rapid_tile_ws/install/rt_interfaces/include/rt_interfaces/rt_interfaces/srv/detail/solve_ik__rosidl_typesupport_fastrtps_cpp.hpp
[3.464s] -- Installing: /home/shiyuanduan/RapidTile/rapid_tile_ws/install/rt_interfaces/lib/librt_interfaces__rosidl_typesupport_fastrtps_cpp.so
[3.464s] -- Set runtime path of "/home/shiyuanduan/RapidTile/rapid_tile_ws/install/rt_interfaces/lib/librt_interfaces__rosidl_typesupport_fastrtps_cpp.so" to ""
[3.464s] -- Up-to-date: /home/shiyuanduan/RapidTile/rapid_tile_ws/install/rt_interfaces/include/rt_interfaces/rt_interfaces
[3.464s] -- Up-to-date: /home/shiyuanduan/RapidTile/rapid_tile_ws/install/rt_interfaces/include/rt_interfaces/rt_interfaces/srv
[3.464s] -- Up-to-date: /home/shiyuanduan/RapidTile/rapid_tile_ws/install/rt_interfaces/include/rt_interfaces/rt_interfaces/srv/detail
[3.464s] -- Installing: /home/shiyuanduan/RapidTile/rapid_tile_ws/install/rt_interfaces/include/rt_interfaces/rt_interfaces/srv/detail/solve_ik__rosidl_typesupport_introspection_cpp.hpp
[3.464s] -- Installing: /home/shiyuanduan/RapidTile/rapid_tile_ws/install/rt_interfaces/include/rt_interfaces/rt_interfaces/srv/detail/solve_ik__type_support.cpp
[3.464s] -- Installing: /home/shiyuanduan/RapidTile/rapid_tile_ws/install/rt_interfaces/lib/librt_interfaces__rosidl_typesupport_introspection_cpp.so
[3.464s] -- Set runtime path of "/home/shiyuanduan/RapidTile/rapid_tile_ws/install/rt_interfaces/lib/librt_interfaces__rosidl_typesupport_introspection_cpp.so" to ""
[3.464s] -- Installing: /home/shiyuanduan/RapidTile/rapid_tile_ws/install/rt_interfaces/lib/librt_interfaces__rosidl_typesupport_cpp.so
[3.464s] -- Set runtime path of "/home/shiyuanduan/RapidTile/rapid_tile_ws/install/rt_interfaces/lib/librt_interfaces__rosidl_typesupport_cpp.so" to ""
[3.464s] -- Installing: /home/shiyuanduan/RapidTile/rapid_tile_ws/install/rt_interfaces/share/rt_interfaces/environment/pythonpath.sh
[3.464s] -- Installing: /home/shiyuanduan/RapidTile/rapid_tile_ws/install/rt_interfaces/share/rt_interfaces/environment/pythonpath.dsv
[3.464s] -- Installing: /home/shiyuanduan/RapidTile/rapid_tile_ws/install/rt_interfaces/local/lib/python3.10/dist-packages/rt_interfaces-0.0.0-py3.10.egg-info
[3.464s] -- Installing: /home/shiyuanduan/RapidTile/rapid_tile_ws/install/rt_interfaces/local/lib/python3.10/dist-packages/rt_interfaces-0.0.0-py3.10.egg-info/SOURCES.txt
[3.465s] -- Installing: /home/shiyuanduan/RapidTile/rapid_tile_ws/install/rt_interfaces/local/lib/python3.10/dist-packages/rt_interfaces-0.0.0-py3.10.egg-info/top_level.txt
[3.465s] -- Installing: /home/shiyuanduan/RapidTile/rapid_tile_ws/install/rt_interfaces/local/lib/python3.10/dist-packages/rt_interfaces-0.0.0-py3.10.egg-info/dependency_links.txt
[3.465s] -- Installing: /home/shiyuanduan/RapidTile/rapid_tile_ws/install/rt_interfaces/local/lib/python3.10/dist-packages/rt_interfaces-0.0.0-py3.10.egg-info/PKG-INFO
[3.465s] -- Installing: /home/shiyuanduan/RapidTile/rapid_tile_ws/install/rt_interfaces/local/lib/python3.10/dist-packages/rt_interfaces
[3.465s] -- Installing: /home/shiyuanduan/RapidTile/rapid_tile_ws/install/rt_interfaces/local/lib/python3.10/dist-packages/rt_interfaces/_rt_interfaces_s.ep.rosidl_typesupport_fastrtps_c.c
[3.465s] -- Installing: /home/shiyuanduan/RapidTile/rapid_tile_ws/install/rt_interfaces/local/lib/python3.10/dist-packages/rt_interfaces/_rt_interfaces_s.ep.rosidl_typesupport_introspection_c.c
[3.465s] -- Installing: /home/shiyuanduan/RapidTile/rapid_tile_ws/install/rt_interfaces/local/lib/python3.10/dist-packages/rt_interfaces/rt_interfaces_s__rosidl_typesupport_c.cpython-310-x86_64-linux-gnu.so
[3.465s] -- Installing: /home/shiyuanduan/RapidTile/rapid_tile_ws/install/rt_interfaces/local/lib/python3.10/dist-packages/rt_interfaces/librt_interfaces__rosidl_generator_py.so
[3.465s] -- Installing: /home/shiyuanduan/RapidTile/rapid_tile_ws/install/rt_interfaces/local/lib/python3.10/dist-packages/rt_interfaces/__init__.py
[3.465s] -- Installing: /home/shiyuanduan/RapidTile/rapid_tile_ws/install/rt_interfaces/local/lib/python3.10/dist-packages/rt_interfaces/rt_interfaces_s__rosidl_typesupport_fastrtps_c.cpython-310-x86_64-linux-gnu.so
[3.465s] -- Installing: /home/shiyuanduan/RapidTile/rapid_tile_ws/install/rt_interfaces/local/lib/python3.10/dist-packages/rt_interfaces/rt_interfaces_s__rosidl_typesupport_introspection_c.cpython-310-x86_64-linux-gnu.so
[3.465s] -- Installing: /home/shiyuanduan/RapidTile/rapid_tile_ws/install/rt_interfaces/local/lib/python3.10/dist-packages/rt_interfaces/srv
[3.465s] -- Installing: /home/shiyuanduan/RapidTile/rapid_tile_ws/install/rt_interfaces/local/lib/python3.10/dist-packages/rt_interfaces/srv/_solve_ik_s.c
[3.465s] -- Installing: /home/shiyuanduan/RapidTile/rapid_tile_ws/install/rt_interfaces/local/lib/python3.10/dist-packages/rt_interfaces/srv/_solve_ik.py
[3.465s] -- Installing: /home/shiyuanduan/RapidTile/rapid_tile_ws/install/rt_interfaces/local/lib/python3.10/dist-packages/rt_interfaces/srv/__init__.py
[3.465s] -- Installing: /home/shiyuanduan/RapidTile/rapid_tile_ws/install/rt_interfaces/local/lib/python3.10/dist-packages/rt_interfaces/_rt_interfaces_s.ep.rosidl_typesupport_c.c
[3.485s] Listing '/home/shiyuanduan/RapidTile/rapid_tile_ws/install/rt_interfaces/local/lib/python3.10/dist-packages/rt_interfaces'...
[3.485s] Compiling '/home/shiyuanduan/RapidTile/rapid_tile_ws/install/rt_interfaces/local/lib/python3.10/dist-packages/rt_interfaces/__init__.py'...
[3.485s] Listing '/home/shiyuanduan/RapidTile/rapid_tile_ws/install/rt_interfaces/local/lib/python3.10/dist-packages/rt_interfaces/srv'...
[3.485s] Compiling '/home/shiyuanduan/RapidTile/rapid_tile_ws/install/rt_interfaces/local/lib/python3.10/dist-packages/rt_interfaces/srv/__init__.py'...
[3.485s] Compiling '/home/shiyuanduan/RapidTile/rapid_tile_ws/install/rt_interfaces/local/lib/python3.10/dist-packages/rt_interfaces/srv/_solve_ik.py'...
[3.489s] -- Installing: /home/shiyuanduan/RapidTile/rapid_tile_ws/install/rt_interfaces/local/lib/python3.10/dist-packages/rt_interfaces/rt_interfaces_s__rosidl_typesupport_fastrtps_c.cpython-310-x86_64-linux-gnu.so
[3.489s] -- Set runtime path of "/home/shiyuanduan/RapidTile/rapid_tile_ws/install/rt_interfaces/local/lib/python3.10/dist-packages/rt_interfaces/rt_interfaces_s__rosidl_typesupport_fastrtps_c.cpython-310-x86_64-linux-gnu.so" to ""
[3.490s] -- Installing: /home/shiyuanduan/RapidTile/rapid_tile_ws/install/rt_interfaces/local/lib/python3.10/dist-packages/rt_interfaces/rt_interfaces_s__rosidl_typesupport_introspection_c.cpython-310-x86_64-linux-gnu.so
[3.490s] -- Set runtime path of "/home/shiyuanduan/RapidTile/rapid_tile_ws/install/rt_interfaces/local/lib/python3.10/dist-packages/rt_interfaces/rt_interfaces_s__rosidl_typesupport_introspection_c.cpython-310-x86_64-linux-gnu.so" to ""
[3.490s] -- Installing: /home/shiyuanduan/RapidTile/rapid_tile_ws/install/rt_interfaces/local/lib/python3.10/dist-packages/rt_interfaces/rt_interfaces_s__rosidl_typesupport_c.cpython-310-x86_64-linux-gnu.so
[3.490s] -- Set runtime path of "/home/shiyuanduan/RapidTile/rapid_tile_ws/install/rt_interfaces/local/lib/python3.10/dist-packages/rt_interfaces/rt_interfaces_s__rosidl_typesupport_c.cpython-310-x86_64-linux-gnu.so" to ""
[3.490s] -- Installing: /home/shiyuanduan/RapidTile/rapid_tile_ws/install/rt_interfaces/lib/librt_interfaces__rosidl_generator_py.so
[3.490s] -- Set runtime path of "/home/shiyuanduan/RapidTile/rapid_tile_ws/install/rt_interfaces/lib/librt_interfaces__rosidl_generator_py.so" to ""
[3.490s] -- Installing: /home/shiyuanduan/RapidTile/rapid_tile_ws/install/rt_interfaces/share/rt_interfaces/srv/SolveIK.idl
[3.491s] -- Installing: /home/shiyuanduan/RapidTile/rapid_tile_ws/install/rt_interfaces/share/rt_interfaces/srv/SolveIK.srv
[3.491s] -- Installing: /home/shiyuanduan/RapidTile/rapid_tile_ws/install/rt_interfaces/share/rt_interfaces/srv/SolveIK_Request.msg
[3.491s] -- Installing: /home/shiyuanduan/RapidTile/rapid_tile_ws/install/rt_interfaces/share/rt_interfaces/srv/SolveIK_Response.msg
[3.491s] -- Installing: /home/shiyuanduan/RapidTile/rapid_tile_ws/install/rt_interfaces/share/ament_index/resource_index/package_run_dependencies/rt_interfaces
[3.491s] -- Installing: /home/shiyuanduan/RapidTile/rapid_tile_ws/install/rt_interfaces/share/ament_index/resource_index/parent_prefix_path/rt_interfaces
[3.491s] -- Installing: /home/shiyuanduan/RapidTile/rapid_tile_ws/install/rt_interfaces/share/rt_interfaces/environment/ament_prefix_path.sh
[3.492s] -- Installing: /home/shiyuanduan/RapidTile/rapid_tile_ws/install/rt_interfaces/share/rt_interfaces/environment/ament_prefix_path.dsv
[3.492s] -- Installing: /home/shiyuanduan/RapidTile/rapid_tile_ws/install/rt_interfaces/share/rt_interfaces/environment/path.sh
[3.492s] -- Installing: /home/shiyuanduan/RapidTile/rapid_tile_ws/install/rt_interfaces/share/rt_interfaces/environment/path.dsv
[3.492s] -- Installing: /home/shiyuanduan/RapidTile/rapid_tile_ws/install/rt_interfaces/share/rt_interfaces/local_setup.bash
[3.492s] -- Installing: /home/shiyuanduan/RapidTile/rapid_tile_ws/install/rt_interfaces/share/rt_interfaces/local_setup.sh
[3.492s] -- Installing: /home/shiyuanduan/RapidTile/rapid_tile_ws/install/rt_interfaces/share/rt_interfaces/local_setup.zsh
[3.493s] -- Installing: /home/shiyuanduan/RapidTile/rapid_tile_ws/install/rt_interfaces/share/rt_interfaces/local_setup.dsv
[3.493s] -- Installing: /home/shiyuanduan/RapidTile/rapid_tile_ws/install/rt_interfaces/share/rt_interfaces/package.dsv
[3.493s] -- Installing: /home/shiyuanduan/RapidTile/rapid_tile_ws/install/rt_interfaces/share/ament_index/resource_index/packages/rt_interfaces
[3.493s] -- Installing: /home/shiyuanduan/RapidTile/rapid_tile_ws/install/rt_interfaces/share/rt_interfaces/cmake/export_rt_interfaces__rosidl_generator_cExport.cmake
[3.493s] -- Installing: /home/shiyuanduan/RapidTile/rapid_tile_ws/install/rt_interfaces/share/rt_interfaces/cmake/export_rt_interfaces__rosidl_generator_cExport-noconfig.cmake
[3.493s] -- Installing: /home/shiyuanduan/RapidTile/rapid_tile_ws/install/rt_interfaces/share/rt_interfaces/cmake/export_rt_interfaces__rosidl_typesupport_fastrtps_cExport.cmake
[3.493s] -- Installing: /home/shiyuanduan/RapidTile/rapid_tile_ws/install/rt_interfaces/share/rt_interfaces/cmake/export_rt_interfaces__rosidl_typesupport_fastrtps_cExport-noconfig.cmake
[3.493s] -- Installing: /home/shiyuanduan/RapidTile/rapid_tile_ws/install/rt_interfaces/share/rt_interfaces/cmake/rt_interfaces__rosidl_typesupport_introspection_cExport.cmake
[3.494s] -- Installing: /home/shiyuanduan/RapidTile/rapid_tile_ws/install/rt_interfaces/share/rt_interfaces/cmake/rt_interfaces__rosidl_typesupport_introspection_cExport-noconfig.cmake
[3.494s] -- Installing: /home/shiyuanduan/RapidTile/rapid_tile_ws/install/rt_interfaces/share/rt_interfaces/cmake/rt_interfaces__rosidl_typesupport_cExport.cmake
[3.494s] -- Installing: /home/shiyuanduan/RapidTile/rapid_tile_ws/install/rt_interfaces/share/rt_interfaces/cmake/rt_interfaces__rosidl_typesupport_cExport-noconfig.cmake
[3.494s] -- Installing: /home/shiyuanduan/RapidTile/rapid_tile_ws/install/rt_interfaces/share/rt_interfaces/cmake/export_rt_interfaces__rosidl_generator_cppExport.cmake
[3.494s] -- Installing: /home/shiyuanduan/RapidTile/rapid_tile_ws/install/rt_interfaces/share/rt_interfaces/cmake/export_rt_interfaces__rosidl_typesupport_fastrtps_cppExport.cmake
[3.495s] -- Installing: /home/shiyuanduan/RapidTile/rapid_tile_ws/install/rt_interfaces/share/rt_interfaces/cmake/export_rt_interfaces__rosidl_typesupport_fastrtps_cppExport-noconfig.cmake
[3.495s] -- Installing: /home/shiyuanduan/RapidTile/rapid_tile_ws/install/rt_interfaces/share/rt_interfaces/cmake/rt_interfaces__rosidl_typesupport_introspection_cppExport.cmake
[3.495s] -- Installing: /home/shiyuanduan/RapidTile/rapid_tile_ws/install/rt_interfaces/share/rt_interfaces/cmake/rt_interfaces__rosidl_typesupport_introspection_cppExport-noconfig.cmake
[3.495s] -- Installing: /home/shiyuanduan/RapidTile/rapid_tile_ws/install/rt_interfaces/share/rt_interfaces/cmake/rt_interfaces__rosidl_typesupport_cppExport.cmake
[3.495s] -- Installing: /home/shiyuanduan/RapidTile/rapid_tile_ws/install/rt_interfaces/share/rt_interfaces/cmake/rt_interfaces__rosidl_typesupport_cppExport-noconfig.cmake
[3.495s] -- Installing: /home/shiyuanduan/RapidTile/rapid_tile_ws/install/rt_interfaces/share/rt_interfaces/cmake/export_rt_interfaces__rosidl_generator_pyExport.cmake
[3.496s] -- Installing: /home/shiyuanduan/RapidTile/rapid_tile_ws/install/rt_interfaces/share/rt_interfaces/cmake/export_rt_interfaces__rosidl_generator_pyExport-noconfig.cmake
[3.496s] -- Installing: /home/shiyuanduan/RapidTile/rapid_tile_ws/install/rt_interfaces/share/rt_interfaces/cmake/rosidl_cmake-extras.cmake
[3.496s] -- Installing: /home/shiyuanduan/RapidTile/rapid_tile_ws/install/rt_interfaces/share/rt_interfaces/cmake/ament_cmake_export_include_directories-extras.cmake
[3.496s] -- Installing: /home/shiyuanduan/RapidTile/rapid_tile_ws/install/rt_interfaces/share/rt_interfaces/cmake/ament_cmake_export_libraries-extras.cmake
[3.496s] -- Installing: /home/shiyuanduan/RapidTile/rapid_tile_ws/install/rt_interfaces/share/rt_interfaces/cmake/ament_cmake_export_targets-extras.cmake
[3.496s] -- Installing: /home/shiyuanduan/RapidTile/rapid_tile_ws/install/rt_interfaces/share/rt_interfaces/cmake/rosidl_cmake_export_typesupport_targets-extras.cmake
[3.496s] -- Installing: /home/shiyuanduan/RapidTile/rapid_tile_ws/install/rt_interfaces/share/rt_interfaces/cmake/ament_cmake_export_dependencies-extras.cmake
[3.496s] -- Installing: /home/shiyuanduan/RapidTile/rapid_tile_ws/install/rt_interfaces/share/rt_interfaces/cmake/rosidl_cmake_export_typesupport_libraries-extras.cmake
[3.496s] -- Installing: /home/shiyuanduan/RapidTile/rapid_tile_ws/install/rt_interfaces/share/rt_interfaces/cmake/rt_interfacesConfig.cmake
[3.496s] -- Installing: /home/shiyuanduan/RapidTile/rapid_tile_ws/install/rt_interfaces/share/rt_interfaces/cmake/rt_interfacesConfig-version.cmake
[3.497s] -- Installing: /home/shiyuanduan/RapidTile/rapid_tile_ws/install/rt_interfaces/share/rt_interfaces/package.xml
[3.499s] Invoked command in '/home/shiyuanduan/RapidTile/rapid_tile_ws/build/rt_interfaces' returned '0': CMAKE_PREFIX_PATH=${CMAKE_PREFIX_PATH}:/opt/ros/humble /usr/bin/cmake --install /home/shiyuanduan/RapidTile/rapid_tile_ws/build/rt_interfaces
