[0.057s] Invoking command in '/home/shiyuanduan/RapidTile/rapid_tile_ws/build/kinematics_utils': CMAKE_PREFIX_PATH=${CMAKE_PREFIX_PATH}:/opt/ros/humble /usr/bin/cmake --build /home/shiyuanduan/RapidTile/rapid_tile_ws/build/kinematics_utils -- -j16 -l16
[0.236s] [35m[1mConsolidate compiler generated dependencies of target IKServer[0m
[0.237s] [ 50%] [32mBuilding CXX object CMakeFiles/IKServer.dir/src/SolveIK.cpp.o[0m
[0.280s] [01m[K/home/shiyuanduan/RapidTile/rapid_tile_ws/src/kinematics_utils/src/SolveIK.cpp:29:52:[m[K [01;35m[Kwarning: [m[Kmulti-character character constant [[01;35m[K]8;;https://gcc.gnu.org/onlinedocs/gcc/Warning-Options.html#index-Wmultichar-Wmultichar]8;;[m[K]
[0.280s]    29 |         std::cout << "Destination " << x_target << [01;35m[K', '[m[K << y_target << ', ' << z_target << ' is not reachable'<<std::endl;
[0.280s]       |                                                    [01;35m[K^~~~[m[K
[0.280s] [01m[K/home/shiyuanduan/RapidTile/rapid_tile_ws/src/kinematics_utils/src/SolveIK.cpp:29:72:[m[K [01;35m[Kwarning: [m[Kmulti-character character constant [[01;35m[K]8;;https://gcc.gnu.org/onlinedocs/gcc/Warning-Options.html#index-Wmultichar-Wmultichar]8;;[m[K]
[0.280s]    29 |         std::cout << "Destination " << x_target << ', ' << y_target << [01;35m[K', '[m[K << z_target << ' is not reachable'<<std::endl;
[0.280s]       |                                                                        [01;35m[K^~~~[m[K
[0.281s] [01m[K/home/shiyuanduan/RapidTile/rapid_tile_ws/src/kinematics_utils/src/SolveIK.cpp:29:92:[m[K [01;35m[Kwarning: [m[Kcharacter constant too long for its type
[0.281s]    29 |         std::cout << "Destination " << x_target << ', ' << y_target << ', ' << z_target << [01;35m[K' is not reachable'[m[K<<std::endl;
[0.281s]       |                                                                                            [01;35m[K^~~~~~~~~~~~~~~~~~~[m[K
[2.977s] [01m[K/home/shiyuanduan/RapidTile/rapid_tile_ws/src/kinematics_utils/src/SolveIK.cpp:[m[K In function ‘[01m[Kvoid solve(std::shared_ptr<rt_interfaces::srv::SolveIK_Request_<std::allocator<void> > >, std::shared_ptr<rt_interfaces::srv::SolveIK_Response_<std::allocator<void> > >)[m[K’:
[2.977s] [01m[K/home/shiyuanduan/RapidTile/rapid_tile_ws/src/kinematics_utils/src/SolveIK.cpp:66:29:[m[K [01;31m[Kerror: [m[Kexpected ‘[01m[K;[m[K’ before ‘[01m[Kresponse[m[K’
[2.977s]    66 |     response->t1 = thetas[0]
[2.977s]       |                             [01;31m[K^[m[K
[2.978s]       |                             [32m[K;[m[K
[2.978s]    67 |     [32m[Kresponse[m[K->t2 = thetas[1]
[2.978s]       |     [32m[K~~~~~~~~[m[K                 
[3.566s] gmake[2]: *** [CMakeFiles/IKServer.dir/build.make:76: CMakeFiles/IKServer.dir/src/SolveIK.cpp.o] Error 1
[3.566s] gmake[1]: *** [CMakeFiles/Makefile2:137: CMakeFiles/IKServer.dir/all] Error 2
[3.566s] gmake: *** [Makefile:146: all] Error 2
[3.568s] Invoked command in '/home/shiyuanduan/RapidTile/rapid_tile_ws/build/kinematics_utils' returned '2': CMAKE_PREFIX_PATH=${CMAKE_PREFIX_PATH}:/opt/ros/humble /usr/bin/cmake --build /home/shiyuanduan/RapidTile/rapid_tile_ws/build/kinematics_utils -- -j16 -l16
