[0.009s] Invoking command in '/home/shiyuanduan/RapidTile/rapid_tile_ws/build/cpp_srvcli': CMAKE_PREFIX_PATH=${CMAKE_PREFIX_PATH}:/opt/ros/humble /usr/bin/cmake /home/shiyuanduan/RapidTile/rapid_tile_ws/src/cpp_srvcli -DCMAKE_INSTALL_PREFIX=/home/shiyuanduan/RapidTile/rapid_tile_ws/install/cpp_srvcli
[0.108s] -- The C compiler identification is GNU 11.3.0
[0.521s] -- The CXX compiler identification is GNU 11.3.0
[0.822s] -- Detecting C compiler ABI info
[0.925s] -- Detecting C compiler ABI info - done
[0.930s] -- Check for working C compiler: /usr/bin/cc - skipped
[0.930s] -- Detecting C compile features
[0.930s] -- Detecting C compile features - done
[0.932s] -- Detecting CXX compiler ABI info
[1.048s] -- Detecting CXX compiler ABI info - done
[1.052s] -- Check for working CXX compiler: /usr/bin/c++ - skipped
[1.052s] -- Detecting CXX compile features
[1.053s] -- Detecting CXX compile features - done
[1.054s] -- Found ament_cmake: 1.3.3 (/opt/ros/humble/share/ament_cmake/cmake)
[1.162s] -- Found Python3: /usr/bin/python3.10 (found version "3.10.6") found components: Interpreter 
[1.218s] -- Found rclcpp: 16.0.3 (/opt/ros/humble/share/rclcpp/cmake)
[1.336s] -- Found rosidl_generator_c: 3.1.4 (/opt/ros/humble/share/rosidl_generator_c/cmake)
[1.338s] -- Found rosidl_adapter: 3.1.4 (/opt/ros/humble/share/rosidl_adapter/cmake)
[1.342s] -- Found rosidl_generator_cpp: 3.1.4 (/opt/ros/humble/share/rosidl_generator_cpp/cmake)
[1.349s] -- Using all available rosidl_typesupport_c: rosidl_typesupport_fastrtps_c;rosidl_typesupport_introspection_c
[1.360s] -- Using all available rosidl_typesupport_cpp: rosidl_typesupport_fastrtps_cpp;rosidl_typesupport_introspection_cpp
[1.397s] -- Found rmw_implementation_cmake: 6.1.1 (/opt/ros/humble/share/rmw_implementation_cmake/cmake)
[1.398s] -- Found rmw_fastrtps_cpp: 6.2.2 (/opt/ros/humble/share/rmw_fastrtps_cpp/cmake)
[2.496s] -- Found OpenSSL: /usr/lib/x86_64-linux-gnu/libcrypto.so (found version "3.0.2")  
[3.646s] -- Found FastRTPS: /opt/ros/humble/include  
[5.749s] -- Using RMW implementation 'rmw_fastrtps_cpp' as default
[5.754s] -- Looking for pthread.h
[5.865s] -- Looking for pthread.h - found
[5.865s] -- Performing Test CMAKE_HAVE_LIBC_PTHREAD
[5.963s] -- Performing Test CMAKE_HAVE_LIBC_PTHREAD - Success
[5.964s] -- Found Threads: TRUE  
[6.053s] -- Found example_interfaces: 0.9.3 (/opt/ros/humble/share/example_interfaces/cmake)
[6.132s] -- Found ament_lint_auto: 0.12.5 (/opt/ros/humble/share/ament_lint_auto/cmake)
[6.186s] -- Added test 'cppcheck' to perform static code analysis on C / C++ code
[6.186s] -- Configured cppcheck include dirs: 
[6.186s] -- Configured cppcheck exclude dirs and/or files: 
[6.186s] -- Added test 'lint_cmake' to check CMake code style
[6.186s] -- Added test 'uncrustify' to check C / C++ code style
[6.187s] -- Configured uncrustify additional arguments: 
[6.187s] -- Added test 'xmllint' to check XML markup files
[6.187s] -- Configuring done
[6.194s] -- Generating done
[6.195s] -- Build files have been written to: /home/shiyuanduan/RapidTile/rapid_tile_ws/build/cpp_srvcli
[6.202s] Invoked command in '/home/shiyuanduan/RapidTile/rapid_tile_ws/build/cpp_srvcli' returned '0': CMAKE_PREFIX_PATH=${CMAKE_PREFIX_PATH}:/opt/ros/humble /usr/bin/cmake /home/shiyuanduan/RapidTile/rapid_tile_ws/src/cpp_srvcli -DCMAKE_INSTALL_PREFIX=/home/shiyuanduan/RapidTile/rapid_tile_ws/install/cpp_srvcli
[6.203s] Invoking command in '/home/shiyuanduan/RapidTile/rapid_tile_ws/build/cpp_srvcli': CMAKE_PREFIX_PATH=${CMAKE_PREFIX_PATH}:/opt/ros/humble /usr/bin/cmake --build /home/shiyuanduan/RapidTile/rapid_tile_ws/build/cpp_srvcli -- -j16 -l16
[6.223s] [ 25%] [32mBuilding CXX object CMakeFiles/server.dir/src/add_two_ints_server.cpp.o[0m
[6.223s] [ 50%] [32mBuilding CXX object CMakeFiles/client.dir/src/add_two_ints_client.cpp.o[0m
[9.010s] [ 75%] [32m[1mLinking CXX executable server[0m
[9.160s] [100%] [32m[1mLinking CXX executable client[0m
[9.160s] [100%] Built target server
[9.304s] [100%] Built target client
[9.310s] Invoked command in '/home/shiyuanduan/RapidTile/rapid_tile_ws/build/cpp_srvcli' returned '0': CMAKE_PREFIX_PATH=${CMAKE_PREFIX_PATH}:/opt/ros/humble /usr/bin/cmake --build /home/shiyuanduan/RapidTile/rapid_tile_ws/build/cpp_srvcli -- -j16 -l16
[9.329s] Invoking command in '/home/shiyuanduan/RapidTile/rapid_tile_ws/build/cpp_srvcli': CMAKE_PREFIX_PATH=${CMAKE_PREFIX_PATH}:/opt/ros/humble /usr/bin/cmake --install /home/shiyuanduan/RapidTile/rapid_tile_ws/build/cpp_srvcli
[9.331s] -- Install configuration: ""
[9.332s] -- Installing: /home/shiyuanduan/RapidTile/rapid_tile_ws/install/cpp_srvcli/lib/cpp_srvcli/server
[9.332s] -- Set runtime path of "/home/shiyuanduan/RapidTile/rapid_tile_ws/install/cpp_srvcli/lib/cpp_srvcli/server" to ""
[9.332s] -- Installing: /home/shiyuanduan/RapidTile/rapid_tile_ws/install/cpp_srvcli/lib/cpp_srvcli/client
[9.332s] -- Set runtime path of "/home/shiyuanduan/RapidTile/rapid_tile_ws/install/cpp_srvcli/lib/cpp_srvcli/client" to ""
[9.333s] -- Installing: /home/shiyuanduan/RapidTile/rapid_tile_ws/install/cpp_srvcli/share/ament_index/resource_index/package_run_dependencies/cpp_srvcli
[9.333s] -- Installing: /home/shiyuanduan/RapidTile/rapid_tile_ws/install/cpp_srvcli/share/ament_index/resource_index/parent_prefix_path/cpp_srvcli
[9.333s] -- Installing: /home/shiyuanduan/RapidTile/rapid_tile_ws/install/cpp_srvcli/share/cpp_srvcli/environment/ament_prefix_path.sh
[9.333s] -- Installing: /home/shiyuanduan/RapidTile/rapid_tile_ws/install/cpp_srvcli/share/cpp_srvcli/environment/ament_prefix_path.dsv
[9.333s] -- Installing: /home/shiyuanduan/RapidTile/rapid_tile_ws/install/cpp_srvcli/share/cpp_srvcli/environment/path.sh
[9.333s] -- Installing: /home/shiyuanduan/RapidTile/rapid_tile_ws/install/cpp_srvcli/share/cpp_srvcli/environment/path.dsv
[9.333s] -- Installing: /home/shiyuanduan/RapidTile/rapid_tile_ws/install/cpp_srvcli/share/cpp_srvcli/local_setup.bash
[9.334s] -- Installing: /home/shiyuanduan/RapidTile/rapid_tile_ws/install/cpp_srvcli/share/cpp_srvcli/local_setup.sh
[9.334s] -- Installing: /home/shiyuanduan/RapidTile/rapid_tile_ws/install/cpp_srvcli/share/cpp_srvcli/local_setup.zsh
[9.334s] -- Installing: /home/shiyuanduan/RapidTile/rapid_tile_ws/install/cpp_srvcli/share/cpp_srvcli/local_setup.dsv
[9.334s] -- Installing: /home/shiyuanduan/RapidTile/rapid_tile_ws/install/cpp_srvcli/share/cpp_srvcli/package.dsv
[9.334s] -- Installing: /home/shiyuanduan/RapidTile/rapid_tile_ws/install/cpp_srvcli/share/ament_index/resource_index/packages/cpp_srvcli
[9.334s] -- Installing: /home/shiyuanduan/RapidTile/rapid_tile_ws/install/cpp_srvcli/share/cpp_srvcli/cmake/cpp_srvcliConfig.cmake
[9.334s] -- Installing: /home/shiyuanduan/RapidTile/rapid_tile_ws/install/cpp_srvcli/share/cpp_srvcli/cmake/cpp_srvcliConfig-version.cmake
[9.334s] -- Installing: /home/shiyuanduan/RapidTile/rapid_tile_ws/install/cpp_srvcli/share/cpp_srvcli/package.xml
[9.337s] Invoked command in '/home/shiyuanduan/RapidTile/rapid_tile_ws/build/cpp_srvcli' returned '0': CMAKE_PREFIX_PATH=${CMAKE_PREFIX_PATH}:/opt/ros/humble /usr/bin/cmake --install /home/shiyuanduan/RapidTile/rapid_tile_ws/build/cpp_srvcli
