[0.012s] Invoking command in '/home/shiyuanduan/RapidTile/rapid_tile_ws/build/kinematics_utils': CMAKE_PREFIX_PATH=${CMAKE_PREFIX_PATH}:/opt/ros/humble /usr/bin/cmake --build /home/shiyuanduan/RapidTile/rapid_tile_ws/build/kinematics_utils -- -j16 -l16
[0.043s] [100%] Built target server
[0.053s] Invoked command in '/home/shiyuanduan/RapidTile/rapid_tile_ws/build/kinematics_utils' returned '0': CMAKE_PREFIX_PATH=${CMAKE_PREFIX_PATH}:/opt/ros/humble /usr/bin/cmake --build /home/shiyuanduan/RapidTile/rapid_tile_ws/build/kinematics_utils -- -j16 -l16
[0.075s] Invoking command in '/home/shiyuanduan/RapidTile/rapid_tile_ws/build/kinematics_utils': CMAKE_PREFIX_PATH=${CMAKE_PREFIX_PATH}:/opt/ros/humble /usr/bin/cmake --install /home/shiyuanduan/RapidTile/rapid_tile_ws/build/kinematics_utils
[0.078s] -- Install configuration: ""
[0.078s] -- Up-to-date: /home/shiyuanduan/RapidTile/rapid_tile_ws/install/kinematics_utils/share/ament_index/resource_index/package_run_dependencies/kinematics_utils
[0.078s] -- Up-to-date: /home/shiyuanduan/RapidTile/rapid_tile_ws/install/kinematics_utils/share/ament_index/resource_index/parent_prefix_path/kinematics_utils
[0.078s] -- Up-to-date: /home/shiyuanduan/RapidTile/rapid_tile_ws/install/kinematics_utils/share/kinematics_utils/environment/ament_prefix_path.sh
[0.078s] -- Up-to-date: /home/shiyuanduan/RapidTile/rapid_tile_ws/install/kinematics_utils/share/kinematics_utils/environment/ament_prefix_path.dsv
[0.078s] -- Up-to-date: /home/shiyuanduan/RapidTile/rapid_tile_ws/install/kinematics_utils/share/kinematics_utils/environment/path.sh
[0.078s] -- Up-to-date: /home/shiyuanduan/RapidTile/rapid_tile_ws/install/kinematics_utils/share/kinematics_utils/environment/path.dsv
[0.079s] -- Up-to-date: /home/shiyuanduan/RapidTile/rapid_tile_ws/install/kinematics_utils/share/kinematics_utils/local_setup.bash
[0.079s] -- Up-to-date: /home/shiyuanduan/RapidTile/rapid_tile_ws/install/kinematics_utils/share/kinematics_utils/local_setup.sh
[0.079s] -- Up-to-date: /home/shiyuanduan/RapidTile/rapid_tile_ws/install/kinematics_utils/share/kinematics_utils/local_setup.zsh
[0.079s] -- Up-to-date: /home/shiyuanduan/RapidTile/rapid_tile_ws/install/kinematics_utils/share/kinematics_utils/local_setup.dsv
[0.079s] -- Installing: /home/shiyuanduan/RapidTile/rapid_tile_ws/install/kinematics_utils/share/kinematics_utils/package.dsv
[0.079s] -- Up-to-date: /home/shiyuanduan/RapidTile/rapid_tile_ws/install/kinematics_utils/share/ament_index/resource_index/packages/kinematics_utils
[0.079s] -- Up-to-date: /home/shiyuanduan/RapidTile/rapid_tile_ws/install/kinematics_utils/share/kinematics_utils/cmake/kinematics_utilsConfig.cmake
[0.079s] -- Up-to-date: /home/shiyuanduan/RapidTile/rapid_tile_ws/install/kinematics_utils/share/kinematics_utils/cmake/kinematics_utilsConfig-version.cmake
[0.079s] -- Up-to-date: /home/shiyuanduan/RapidTile/rapid_tile_ws/install/kinematics_utils/share/kinematics_utils/package.xml
[0.079s] -- Up-to-date: /home/shiyuanduan/RapidTile/rapid_tile_ws/install/kinematics_utils/lib/kinematics_utils/server
[0.080s] Invoked command in '/home/shiyuanduan/RapidTile/rapid_tile_ws/build/kinematics_utils' returned '0': CMAKE_PREFIX_PATH=${CMAKE_PREFIX_PATH}:/opt/ros/humble /usr/bin/cmake --install /home/shiyuanduan/RapidTile/rapid_tile_ws/build/kinematics_utils
