[0.008s] Invoking command in '/home/shiyuanduan/RapidTile/rapid_tile_ws/build/rt_interfaces': CMAKE_PREFIX_PATH=${CMAKE_PREFIX_PATH}:/opt/ros/humble /usr/bin/cmake /home/shiyuanduan/RapidTile/rapid_tile_ws/src/rt_interfaces -DCMAKE_INSTALL_PREFIX=/home/shiyuanduan/RapidTile/rapid_tile_ws/install/rt_interfaces
[0.015s] -- Found ament_cmake: 1.3.3 (/opt/ros/humble/share/ament_cmake/cmake)
[0.125s] -- Found rosidl_default_generators: 1.2.0 (/opt/ros/humble/share/rosidl_default_generators/cmake)
[0.125s] -- Using all available rosidl_typesupport_c: rosidl_typesupport_fastrtps_c;rosidl_typesupport_introspection_c
[0.127s] -- Found rosidl_adapter: 3.1.4 (/opt/ros/humble/share/rosidl_adapter/cmake)
[0.217s] -- Using all available rosidl_typesupport_cpp: rosidl_typesupport_fastrtps_cpp;rosidl_typesupport_introspection_cpp
[0.385s] -- Found ament_cmake_ros: 0.10.0 (/opt/ros/humble/share/ament_cmake_ros/cmake)
[0.494s] -- Using all available rosidl_typesupport_c: rosidl_typesupport_fastrtps_c;rosidl_typesupport_introspection_c
[0.640s] -- Using all available rosidl_typesupport_cpp: rosidl_typesupport_fastrtps_cpp;rosidl_typesupport_introspection_cpp
[0.720s] -- Found PythonInterp: /usr/bin/python3 (found suitable version "3.10.6", minimum required is "3.6") 
[0.721s] -- Found python_cmake_module: 0.10.0 (/opt/ros/humble/share/python_cmake_module/cmake)
[0.956s] -- Found PythonLibs: /usr/lib/x86_64-linux-gnu/libpython3.10.so (found suitable version "3.10.6", minimum required is "3.5") 
[0.956s] -- Using PYTHON_EXECUTABLE: /usr/bin/python3
[0.956s] -- Using PYTHON_INCLUDE_DIRS: /usr/include/python3.10
[0.956s] -- Using PYTHON_LIBRARIES: /usr/lib/x86_64-linux-gnu/libpython3.10.so
[0.968s] -- Found PythonExtra: .so  
[1.009s] -- Found ament_lint_auto: 0.12.5 (/opt/ros/humble/share/ament_lint_auto/cmake)
[1.020s] -- Added test 'lint_cmake' to check CMake code style
[1.020s] -- Added test 'xmllint' to check XML markup files
[1.022s] -- Configuring done
[1.044s] -- Generating done
[1.046s] -- Build files have been written to: /home/shiyuanduan/RapidTile/rapid_tile_ws/build/rt_interfaces
[1.050s] Invoked command in '/home/shiyuanduan/RapidTile/rapid_tile_ws/build/rt_interfaces' returned '0': CMAKE_PREFIX_PATH=${CMAKE_PREFIX_PATH}:/opt/ros/humble /usr/bin/cmake /home/shiyuanduan/RapidTile/rapid_tile_ws/src/rt_interfaces -DCMAKE_INSTALL_PREFIX=/home/shiyuanduan/RapidTile/rapid_tile_ws/install/rt_interfaces
[1.052s] Invoking command in '/home/shiyuanduan/RapidTile/rapid_tile_ws/build/rt_interfaces': CMAKE_PREFIX_PATH=${CMAKE_PREFIX_PATH}:/opt/ros/humble /usr/bin/cmake --build /home/shiyuanduan/RapidTile/rapid_tile_ws/build/rt_interfaces -- -j16 -l16
[1.069s] [  3%] [34m[1mGenerating C code for ROS interfaces[0m
[1.074s] [  6%] [34m[1mGenerating C++ code for ROS interfaces[0m
[1.078s] [  6%] Built target ament_cmake_python_copy_rt_interfaces
[1.264s] running egg_info
[1.265s] creating rt_interfaces.egg-info
[1.265s] writing rt_interfaces.egg-info/PKG-INFO
[1.265s] writing dependency_links to rt_interfaces.egg-info/dependency_links.txt
[1.265s] writing top-level names to rt_interfaces.egg-info/top_level.txt
[1.265s] writing manifest file 'rt_interfaces.egg-info/SOURCES.txt'
[1.267s] reading manifest file 'rt_interfaces.egg-info/SOURCES.txt'
[1.268s] writing manifest file 'rt_interfaces.egg-info/SOURCES.txt'
[1.282s] [  6%] Built target ament_cmake_python_build_rt_interfaces_egg
[1.306s] [  9%] [32mBuilding C object CMakeFiles/rt_interfaces__rosidl_generator_c.dir/rosidl_generator_c/rt_interfaces/srv/detail/solve_ik__functions.c.o[0m
[1.308s] [  9%] Built target rt_interfaces__cpp
[1.314s] [ 16%] [34m[1mGenerating C++ introspection for ROS interfaces[0m
[1.314s] [ 16%] [34m[1mGenerating C++ type support for eProsima Fast-RTPS[0m
[1.314s] [ 19%] [34m[1mGenerating C++ type support dispatch for ROS interfaces[0m
[1.347s] [ 22%] [32m[1mLinking C shared library librt_interfaces__rosidl_generator_c.so[0m
[1.432s] [ 22%] Built target rt_interfaces__rosidl_generator_c
[1.438s] [ 25%] [34m[1mGenerating C type support for eProsima Fast-RTPS[0m
[1.438s] [ 29%] [34m[1mGenerating C introspection for ROS interfaces[0m
[1.439s] [ 32%] [34m[1mGenerating C type support dispatch for ROS interfaces[0m
[1.497s] [ 35%] [32mBuilding CXX object CMakeFiles/rt_interfaces__rosidl_typesupport_cpp.dir/rosidl_typesupport_cpp/rt_interfaces/srv/solve_ik__type_support.cpp.o[0m
[1.516s] [ 38%] [32mBuilding CXX object CMakeFiles/rt_interfaces__rosidl_typesupport_introspection_cpp.dir/rosidl_typesupport_introspection_cpp/rt_interfaces/srv/detail/solve_ik__type_support.cpp.o[0m
[1.522s] [ 41%] [32mBuilding CXX object CMakeFiles/rt_interfaces__rosidl_typesupport_fastrtps_cpp.dir/rosidl_typesupport_fastrtps_cpp/rt_interfaces/srv/detail/dds_fastrtps/solve_ik__type_support.cpp.o[0m
[1.626s] [ 45%] [32mBuilding CXX object CMakeFiles/rt_interfaces__rosidl_typesupport_c.dir/rosidl_typesupport_c/rt_interfaces/srv/solve_ik__type_support.cpp.o[0m
[1.653s] [ 48%] [32m[1mLinking CXX shared library librt_interfaces__rosidl_typesupport_c.so[0m
[1.665s] [ 51%] [32mBuilding C object CMakeFiles/rt_interfaces__rosidl_typesupport_introspection_c.dir/rosidl_typesupport_introspection_c/rt_interfaces/srv/detail/solve_ik__type_support.c.o[0m
[1.688s] [ 54%] [32mBuilding CXX object CMakeFiles/rt_interfaces__rosidl_typesupport_fastrtps_c.dir/rosidl_typesupport_fastrtps_c/rt_interfaces/srv/detail/solve_ik__type_support_c.cpp.o[0m
[1.689s] [ 58%] [32m[1mLinking C shared library librt_interfaces__rosidl_typesupport_introspection_c.so[0m
[1.750s] [ 58%] Built target rt_interfaces__rosidl_typesupport_c
[1.755s] [ 58%] Built target rt_interfaces__rosidl_typesupport_introspection_c
[1.783s] [ 61%] [32m[1mLinking CXX shared library librt_interfaces__rosidl_typesupport_cpp.so[0m
[1.862s] [ 61%] Built target rt_interfaces__rosidl_typesupport_cpp
[1.907s] [ 64%] [32m[1mLinking CXX shared library librt_interfaces__rosidl_typesupport_introspection_cpp.so[0m
[1.923s] [ 67%] [32m[1mLinking CXX shared library librt_interfaces__rosidl_typesupport_fastrtps_cpp.so[0m
[1.977s] [ 70%] [32m[1mLinking CXX shared library librt_interfaces__rosidl_typesupport_fastrtps_c.so[0m
[1.989s] [ 70%] Built target rt_interfaces__rosidl_typesupport_introspection_cpp
[2.026s] [ 70%] Built target rt_interfaces__rosidl_typesupport_fastrtps_cpp
[2.068s] [ 70%] Built target rt_interfaces__rosidl_typesupport_fastrtps_c
[2.077s] [ 70%] Built target rt_interfaces
[2.086s] [ 74%] [34m[1mGenerating Python code for ROS interfaces[0m
[2.354s] [ 74%] Built target rt_interfaces__py
[2.363s] [ 77%] [32mBuilding C object CMakeFiles/rt_interfaces__rosidl_generator_py.dir/rosidl_generator_py/rt_interfaces/srv/_solve_ik_s.c.o[0m
[2.433s] [ 80%] [32m[1mLinking C shared library rosidl_generator_py/rt_interfaces/librt_interfaces__rosidl_generator_py.so[0m
[2.501s] [ 80%] Built target rt_interfaces__rosidl_generator_py
[2.511s] [ 83%] [32mBuilding C object CMakeFiles/rt_interfaces__rosidl_typesupport_fastrtps_c__pyext.dir/rosidl_generator_py/rt_interfaces/_rt_interfaces_s.ep.rosidl_typesupport_fastrtps_c.c.o[0m
[2.511s] [ 87%] [32mBuilding C object CMakeFiles/rt_interfaces__rosidl_typesupport_introspection_c__pyext.dir/rosidl_generator_py/rt_interfaces/_rt_interfaces_s.ep.rosidl_typesupport_introspection_c.c.o[0m
[2.511s] [ 90%] [32mBuilding C object CMakeFiles/rt_interfaces__rosidl_typesupport_c__pyext.dir/rosidl_generator_py/rt_interfaces/_rt_interfaces_s.ep.rosidl_typesupport_c.c.o[0m
[2.564s] [ 93%] [32m[1mLinking C shared library rosidl_generator_py/rt_interfaces/rt_interfaces_s__rosidl_typesupport_c.cpython-310-x86_64-linux-gnu.so[0m
[2.565s] [ 96%] [32m[1mLinking C shared library rosidl_generator_py/rt_interfaces/rt_interfaces_s__rosidl_typesupport_introspection_c.cpython-310-x86_64-linux-gnu.so[0m
[2.566s] [100%] [32m[1mLinking C shared library rosidl_generator_py/rt_interfaces/rt_interfaces_s__rosidl_typesupport_fastrtps_c.cpython-310-x86_64-linux-gnu.so[0m
[2.616s] [100%] Built target rt_interfaces__rosidl_typesupport_c__pyext
[2.616s] [100%] Built target rt_interfaces__rosidl_typesupport_fastrtps_c__pyext
[2.616s] [100%] Built target rt_interfaces__rosidl_typesupport_introspection_c__pyext
[2.622s] Invoked command in '/home/shiyuanduan/RapidTile/rapid_tile_ws/build/rt_interfaces' returned '0': CMAKE_PREFIX_PATH=${CMAKE_PREFIX_PATH}:/opt/ros/humble /usr/bin/cmake --build /home/shiyuanduan/RapidTile/rapid_tile_ws/build/rt_interfaces -- -j16 -l16
[2.665s] Invoking command in '/home/shiyuanduan/RapidTile/rapid_tile_ws/build/rt_interfaces': CMAKE_PREFIX_PATH=${CMAKE_PREFIX_PATH}:/opt/ros/humble /usr/bin/cmake --install /home/shiyuanduan/RapidTile/rapid_tile_ws/build/rt_interfaces
[2.668s] -- Install configuration: ""
[2.668s] -- Installing: /home/shiyuanduan/RapidTile/rapid_tile_ws/install/rt_interfaces/share/ament_index/resource_index/rosidl_interfaces/rt_interfaces
[2.669s] -- Installing: /home/shiyuanduan/RapidTile/rapid_tile_ws/install/rt_interfaces/include/rt_interfaces/rt_interfaces
[2.669s] -- Installing: /home/shiyuanduan/RapidTile/rapid_tile_ws/install/rt_interfaces/include/rt_interfaces/rt_interfaces/msg
[2.669s] -- Installing: /home/shiyuanduan/RapidTile/rapid_tile_ws/install/rt_interfaces/include/rt_interfaces/rt_interfaces/msg/rosidl_generator_c__visibility_control.h
[2.669s] -- Installing: /home/shiyuanduan/RapidTile/rapid_tile_ws/install/rt_interfaces/include/rt_interfaces/rt_interfaces/srv
[2.669s] -- Installing: /home/shiyuanduan/RapidTile/rapid_tile_ws/install/rt_interfaces/include/rt_interfaces/rt_interfaces/srv/solve_ik.h
[2.669s] -- Installing: /home/shiyuanduan/RapidTile/rapid_tile_ws/install/rt_interfaces/include/rt_interfaces/rt_interfaces/srv/detail
[2.669s] -- Installing: /home/shiyuanduan/RapidTile/rapid_tile_ws/install/rt_interfaces/include/rt_interfaces/rt_interfaces/srv/detail/solve_ik__type_support.h
[2.669s] -- Installing: /home/shiyuanduan/RapidTile/rapid_tile_ws/install/rt_interfaces/include/rt_interfaces/rt_interfaces/srv/detail/solve_ik__functions.h
[2.669s] -- Installing: /home/shiyuanduan/RapidTile/rapid_tile_ws/install/rt_interfaces/include/rt_interfaces/rt_interfaces/srv/detail/solve_ik__struct.h
[2.669s] -- Installing: /home/shiyuanduan/RapidTile/rapid_tile_ws/install/rt_interfaces/include/rt_interfaces/rt_interfaces/srv/detail/solve_ik__functions.c
[2.669s] -- Installing: /home/shiyuanduan/RapidTile/rapid_tile_ws/install/rt_interfaces/share/rt_interfaces/environment/library_path.sh
[2.670s] -- Installing: /home/shiyuanduan/RapidTile/rapid_tile_ws/install/rt_interfaces/share/rt_interfaces/environment/library_path.dsv
[2.670s] -- Installing: /home/shiyuanduan/RapidTile/rapid_tile_ws/install/rt_interfaces/lib/librt_interfaces__rosidl_generator_c.so
[2.670s] -- Set runtime path of "/home/shiyuanduan/RapidTile/rapid_tile_ws/install/rt_interfaces/lib/librt_interfaces__rosidl_generator_c.so" to ""
[2.670s] -- Up-to-date: /home/shiyuanduan/RapidTile/rapid_tile_ws/install/rt_interfaces/include/rt_interfaces/rt_interfaces
[2.670s] -- Up-to-date: /home/shiyuanduan/RapidTile/rapid_tile_ws/install/rt_interfaces/include/rt_interfaces/rt_interfaces/msg
[2.670s] -- Installing: /home/shiyuanduan/RapidTile/rapid_tile_ws/install/rt_interfaces/include/rt_interfaces/rt_interfaces/msg/rosidl_typesupport_fastrtps_c__visibility_control.h
[2.670s] -- Up-to-date: /home/shiyuanduan/RapidTile/rapid_tile_ws/install/rt_interfaces/include/rt_interfaces/rt_interfaces/srv
[2.670s] -- Up-to-date: /home/shiyuanduan/RapidTile/rapid_tile_ws/install/rt_interfaces/include/rt_interfaces/rt_interfaces/srv/detail
[2.671s] -- Installing: /home/shiyuanduan/RapidTile/rapid_tile_ws/install/rt_interfaces/include/rt_interfaces/rt_interfaces/srv/detail/solve_ik__rosidl_typesupport_fastrtps_c.h
[2.671s] -- Installing: /home/shiyuanduan/RapidTile/rapid_tile_ws/install/rt_interfaces/lib/librt_interfaces__rosidl_typesupport_fastrtps_c.so
[2.671s] -- Set runtime path of "/home/shiyuanduan/RapidTile/rapid_tile_ws/install/rt_interfaces/lib/librt_interfaces__rosidl_typesupport_fastrtps_c.so" to ""
[2.671s] -- Up-to-date: /home/shiyuanduan/RapidTile/rapid_tile_ws/install/rt_interfaces/include/rt_interfaces/rt_interfaces
[2.671s] -- Up-to-date: /home/shiyuanduan/RapidTile/rapid_tile_ws/install/rt_interfaces/include/rt_interfaces/rt_interfaces/msg
[2.672s] -- Installing: /home/shiyuanduan/RapidTile/rapid_tile_ws/install/rt_interfaces/include/rt_interfaces/rt_interfaces/msg/rosidl_typesupport_introspection_c__visibility_control.h
[2.672s] -- Up-to-date: /home/shiyuanduan/RapidTile/rapid_tile_ws/install/rt_interfaces/include/rt_interfaces/rt_interfaces/srv
[2.672s] -- Up-to-date: /home/shiyuanduan/RapidTile/rapid_tile_ws/install/rt_interfaces/include/rt_interfaces/rt_interfaces/srv/detail
[2.672s] -- Installing: /home/shiyuanduan/RapidTile/rapid_tile_ws/install/rt_interfaces/include/rt_interfaces/rt_interfaces/srv/detail/solve_ik__type_support.c
[2.672s] -- Installing: /home/shiyuanduan/RapidTile/rapid_tile_ws/install/rt_interfaces/include/rt_interfaces/rt_interfaces/srv/detail/solve_ik__rosidl_typesupport_introspection_c.h
[2.672s] -- Installing: /home/shiyuanduan/RapidTile/rapid_tile_ws/install/rt_interfaces/lib/librt_interfaces__rosidl_typesupport_introspection_c.so
[2.672s] -- Set runtime path of "/home/shiyuanduan/RapidTile/rapid_tile_ws/install/rt_interfaces/lib/librt_interfaces__rosidl_typesupport_introspection_c.so" to ""
[2.672s] -- Installing: /home/shiyuanduan/RapidTile/rapid_tile_ws/install/rt_interfaces/lib/librt_interfaces__rosidl_typesupport_c.so
[2.673s] -- Set runtime path of "/home/shiyuanduan/RapidTile/rapid_tile_ws/install/rt_interfaces/lib/librt_interfaces__rosidl_typesupport_c.so" to ""
[2.673s] -- Up-to-date: /home/shiyuanduan/RapidTile/rapid_tile_ws/install/rt_interfaces/include/rt_interfaces/rt_interfaces
[2.673s] -- Up-to-date: /home/shiyuanduan/RapidTile/rapid_tile_ws/install/rt_interfaces/include/rt_interfaces/rt_interfaces/srv
[2.673s] -- Up-to-date: /home/shiyuanduan/RapidTile/rapid_tile_ws/install/rt_interfaces/include/rt_interfaces/rt_interfaces/srv/detail
[2.673s] -- Installing: /home/shiyuanduan/RapidTile/rapid_tile_ws/install/rt_interfaces/include/rt_interfaces/rt_interfaces/srv/detail/solve_ik__struct.hpp
[2.673s] -- Installing: /home/shiyuanduan/RapidTile/rapid_tile_ws/install/rt_interfaces/include/rt_interfaces/rt_interfaces/srv/detail/solve_ik__builder.hpp
[2.673s] -- Installing: /home/shiyuanduan/RapidTile/rapid_tile_ws/install/rt_interfaces/include/rt_interfaces/rt_interfaces/srv/detail/solve_ik__traits.hpp
[2.673s] -- Installing: /home/shiyuanduan/RapidTile/rapid_tile_ws/install/rt_interfaces/include/rt_interfaces/rt_interfaces/srv/solve_ik.hpp
[2.673s] -- Up-to-date: /home/shiyuanduan/RapidTile/rapid_tile_ws/install/rt_interfaces/include/rt_interfaces/rt_interfaces
[2.673s] -- Up-to-date: /home/shiyuanduan/RapidTile/rapid_tile_ws/install/rt_interfaces/include/rt_interfaces/rt_interfaces/msg
[2.673s] -- Installing: /home/shiyuanduan/RapidTile/rapid_tile_ws/install/rt_interfaces/include/rt_interfaces/rt_interfaces/msg/rosidl_typesupport_fastrtps_cpp__visibility_control.h
[2.673s] -- Up-to-date: /home/shiyuanduan/RapidTile/rapid_tile_ws/install/rt_interfaces/include/rt_interfaces/rt_interfaces/srv
[2.673s] -- Up-to-date: /home/shiyuanduan/RapidTile/rapid_tile_ws/install/rt_interfaces/include/rt_interfaces/rt_interfaces/srv/detail
[2.674s] -- Installing: /home/shiyuanduan/RapidTile/rapid_tile_ws/install/rt_interfaces/include/rt_interfaces/rt_interfaces/srv/detail/dds_fastrtps
[2.674s] -- Installing: /home/shiyuanduan/RapidTile/rapid_tile_ws/install/rt_interfaces/include/rt_interfaces/rt_interfaces/srv/detail/solve_ik__rosidl_typesupport_fastrtps_cpp.hpp
[2.674s] -- Installing: /home/shiyuanduan/RapidTile/rapid_tile_ws/install/rt_interfaces/lib/librt_interfaces__rosidl_typesupport_fastrtps_cpp.so
[2.674s] -- Set runtime path of "/home/shiyuanduan/RapidTile/rapid_tile_ws/install/rt_interfaces/lib/librt_interfaces__rosidl_typesupport_fastrtps_cpp.so" to ""
[2.674s] -- Up-to-date: /home/shiyuanduan/RapidTile/rapid_tile_ws/install/rt_interfaces/include/rt_interfaces/rt_interfaces
[2.674s] -- Up-to-date: /home/shiyuanduan/RapidTile/rapid_tile_ws/install/rt_interfaces/include/rt_interfaces/rt_interfaces/srv
[2.674s] -- Up-to-date: /home/shiyuanduan/RapidTile/rapid_tile_ws/install/rt_interfaces/include/rt_interfaces/rt_interfaces/srv/detail
[2.675s] -- Installing: /home/shiyuanduan/RapidTile/rapid_tile_ws/install/rt_interfaces/include/rt_interfaces/rt_interfaces/srv/detail/solve_ik__rosidl_typesupport_introspection_cpp.hpp
[2.675s] -- Installing: /home/shiyuanduan/RapidTile/rapid_tile_ws/install/rt_interfaces/include/rt_interfaces/rt_interfaces/srv/detail/solve_ik__type_support.cpp
[2.675s] -- Installing: /home/shiyuanduan/RapidTile/rapid_tile_ws/install/rt_interfaces/lib/librt_interfaces__rosidl_typesupport_introspection_cpp.so
[2.675s] -- Set runtime path of "/home/shiyuanduan/RapidTile/rapid_tile_ws/install/rt_interfaces/lib/librt_interfaces__rosidl_typesupport_introspection_cpp.so" to ""
[2.675s] -- Installing: /home/shiyuanduan/RapidTile/rapid_tile_ws/install/rt_interfaces/lib/librt_interfaces__rosidl_typesupport_cpp.so
[2.675s] -- Set runtime path of "/home/shiyuanduan/RapidTile/rapid_tile_ws/install/rt_interfaces/lib/librt_interfaces__rosidl_typesupport_cpp.so" to ""
[2.675s] -- Installing: /home/shiyuanduan/RapidTile/rapid_tile_ws/install/rt_interfaces/share/rt_interfaces/environment/pythonpath.sh
[2.675s] -- Installing: /home/shiyuanduan/RapidTile/rapid_tile_ws/install/rt_interfaces/share/rt_interfaces/environment/pythonpath.dsv
[2.675s] -- Installing: /home/shiyuanduan/RapidTile/rapid_tile_ws/install/rt_interfaces/local/lib/python3.10/dist-packages/rt_interfaces-0.0.0-py3.10.egg-info
[2.675s] -- Installing: /home/shiyuanduan/RapidTile/rapid_tile_ws/install/rt_interfaces/local/lib/python3.10/dist-packages/rt_interfaces-0.0.0-py3.10.egg-info/SOURCES.txt
[2.675s] -- Installing: /home/shiyuanduan/RapidTile/rapid_tile_ws/install/rt_interfaces/local/lib/python3.10/dist-packages/rt_interfaces-0.0.0-py3.10.egg-info/top_level.txt
[2.675s] -- Installing: /home/shiyuanduan/RapidTile/rapid_tile_ws/install/rt_interfaces/local/lib/python3.10/dist-packages/rt_interfaces-0.0.0-py3.10.egg-info/dependency_links.txt
[2.675s] -- Installing: /home/shiyuanduan/RapidTile/rapid_tile_ws/install/rt_interfaces/local/lib/python3.10/dist-packages/rt_interfaces-0.0.0-py3.10.egg-info/PKG-INFO
[2.675s] -- Installing: /home/shiyuanduan/RapidTile/rapid_tile_ws/install/rt_interfaces/local/lib/python3.10/dist-packages/rt_interfaces
[2.675s] -- Installing: /home/shiyuanduan/RapidTile/rapid_tile_ws/install/rt_interfaces/local/lib/python3.10/dist-packages/rt_interfaces/_rt_interfaces_s.ep.rosidl_typesupport_fastrtps_c.c
[2.675s] -- Installing: /home/shiyuanduan/RapidTile/rapid_tile_ws/install/rt_interfaces/local/lib/python3.10/dist-packages/rt_interfaces/_rt_interfaces_s.ep.rosidl_typesupport_introspection_c.c
[2.676s] -- Installing: /home/shiyuanduan/RapidTile/rapid_tile_ws/install/rt_interfaces/local/lib/python3.10/dist-packages/rt_interfaces/rt_interfaces_s__rosidl_typesupport_c.cpython-310-x86_64-linux-gnu.so
[2.676s] -- Installing: /home/shiyuanduan/RapidTile/rapid_tile_ws/install/rt_interfaces/local/lib/python3.10/dist-packages/rt_interfaces/librt_interfaces__rosidl_generator_py.so
[2.676s] -- Installing: /home/shiyuanduan/RapidTile/rapid_tile_ws/install/rt_interfaces/local/lib/python3.10/dist-packages/rt_interfaces/__init__.py
[2.676s] -- Installing: /home/shiyuanduan/RapidTile/rapid_tile_ws/install/rt_interfaces/local/lib/python3.10/dist-packages/rt_interfaces/rt_interfaces_s__rosidl_typesupport_fastrtps_c.cpython-310-x86_64-linux-gnu.so
[2.676s] -- Installing: /home/shiyuanduan/RapidTile/rapid_tile_ws/install/rt_interfaces/local/lib/python3.10/dist-packages/rt_interfaces/rt_interfaces_s__rosidl_typesupport_introspection_c.cpython-310-x86_64-linux-gnu.so
[2.676s] -- Installing: /home/shiyuanduan/RapidTile/rapid_tile_ws/install/rt_interfaces/local/lib/python3.10/dist-packages/rt_interfaces/srv
[2.676s] -- Installing: /home/shiyuanduan/RapidTile/rapid_tile_ws/install/rt_interfaces/local/lib/python3.10/dist-packages/rt_interfaces/srv/_solve_ik_s.c
[2.676s] -- Installing: /home/shiyuanduan/RapidTile/rapid_tile_ws/install/rt_interfaces/local/lib/python3.10/dist-packages/rt_interfaces/srv/_solve_ik.py
[2.676s] -- Installing: /home/shiyuanduan/RapidTile/rapid_tile_ws/install/rt_interfaces/local/lib/python3.10/dist-packages/rt_interfaces/srv/__init__.py
[2.676s] -- Installing: /home/shiyuanduan/RapidTile/rapid_tile_ws/install/rt_interfaces/local/lib/python3.10/dist-packages/rt_interfaces/_rt_interfaces_s.ep.rosidl_typesupport_c.c
[2.700s] Listing '/home/shiyuanduan/RapidTile/rapid_tile_ws/install/rt_interfaces/local/lib/python3.10/dist-packages/rt_interfaces'...
[2.700s] Compiling '/home/shiyuanduan/RapidTile/rapid_tile_ws/install/rt_interfaces/local/lib/python3.10/dist-packages/rt_interfaces/__init__.py'...
[2.700s] Listing '/home/shiyuanduan/RapidTile/rapid_tile_ws/install/rt_interfaces/local/lib/python3.10/dist-packages/rt_interfaces/srv'...
[2.700s] Compiling '/home/shiyuanduan/RapidTile/rapid_tile_ws/install/rt_interfaces/local/lib/python3.10/dist-packages/rt_interfaces/srv/__init__.py'...
[2.700s] Compiling '/home/shiyuanduan/RapidTile/rapid_tile_ws/install/rt_interfaces/local/lib/python3.10/dist-packages/rt_interfaces/srv/_solve_ik.py'...
[2.703s] -- Installing: /home/shiyuanduan/RapidTile/rapid_tile_ws/install/rt_interfaces/local/lib/python3.10/dist-packages/rt_interfaces/rt_interfaces_s__rosidl_typesupport_fastrtps_c.cpython-310-x86_64-linux-gnu.so
[2.703s] -- Set runtime path of "/home/shiyuanduan/RapidTile/rapid_tile_ws/install/rt_interfaces/local/lib/python3.10/dist-packages/rt_interfaces/rt_interfaces_s__rosidl_typesupport_fastrtps_c.cpython-310-x86_64-linux-gnu.so" to ""
[2.703s] -- Installing: /home/shiyuanduan/RapidTile/rapid_tile_ws/install/rt_interfaces/local/lib/python3.10/dist-packages/rt_interfaces/rt_interfaces_s__rosidl_typesupport_introspection_c.cpython-310-x86_64-linux-gnu.so
[2.703s] -- Set runtime path of "/home/shiyuanduan/RapidTile/rapid_tile_ws/install/rt_interfaces/local/lib/python3.10/dist-packages/rt_interfaces/rt_interfaces_s__rosidl_typesupport_introspection_c.cpython-310-x86_64-linux-gnu.so" to ""
[2.703s] -- Installing: /home/shiyuanduan/RapidTile/rapid_tile_ws/install/rt_interfaces/local/lib/python3.10/dist-packages/rt_interfaces/rt_interfaces_s__rosidl_typesupport_c.cpython-310-x86_64-linux-gnu.so
[2.704s] -- Set runtime path of "/home/shiyuanduan/RapidTile/rapid_tile_ws/install/rt_interfaces/local/lib/python3.10/dist-packages/rt_interfaces/rt_interfaces_s__rosidl_typesupport_c.cpython-310-x86_64-linux-gnu.so" to ""
[2.704s] -- Installing: /home/shiyuanduan/RapidTile/rapid_tile_ws/install/rt_interfaces/lib/librt_interfaces__rosidl_generator_py.so
[2.704s] -- Set runtime path of "/home/shiyuanduan/RapidTile/rapid_tile_ws/install/rt_interfaces/lib/librt_interfaces__rosidl_generator_py.so" to ""
[2.704s] -- Installing: /home/shiyuanduan/RapidTile/rapid_tile_ws/install/rt_interfaces/share/rt_interfaces/srv/SolveIK.idl
[2.704s] -- Installing: /home/shiyuanduan/RapidTile/rapid_tile_ws/install/rt_interfaces/share/rt_interfaces/srv/SolveIK.srv
[2.704s] -- Installing: /home/shiyuanduan/RapidTile/rapid_tile_ws/install/rt_interfaces/share/rt_interfaces/srv/SolveIK_Request.msg
[2.704s] -- Installing: /home/shiyuanduan/RapidTile/rapid_tile_ws/install/rt_interfaces/share/rt_interfaces/srv/SolveIK_Response.msg
[2.704s] -- Installing: /home/shiyuanduan/RapidTile/rapid_tile_ws/install/rt_interfaces/share/ament_index/resource_index/package_run_dependencies/rt_interfaces
[2.705s] -- Installing: /home/shiyuanduan/RapidTile/rapid_tile_ws/install/rt_interfaces/share/ament_index/resource_index/parent_prefix_path/rt_interfaces
[2.705s] -- Installing: /home/shiyuanduan/RapidTile/rapid_tile_ws/install/rt_interfaces/share/rt_interfaces/environment/ament_prefix_path.sh
[2.705s] -- Installing: /home/shiyuanduan/RapidTile/rapid_tile_ws/install/rt_interfaces/share/rt_interfaces/environment/ament_prefix_path.dsv
[2.705s] -- Installing: /home/shiyuanduan/RapidTile/rapid_tile_ws/install/rt_interfaces/share/rt_interfaces/environment/path.sh
[2.705s] -- Installing: /home/shiyuanduan/RapidTile/rapid_tile_ws/install/rt_interfaces/share/rt_interfaces/environment/path.dsv
[2.705s] -- Installing: /home/shiyuanduan/RapidTile/rapid_tile_ws/install/rt_interfaces/share/rt_interfaces/local_setup.bash
[2.705s] -- Installing: /home/shiyuanduan/RapidTile/rapid_tile_ws/install/rt_interfaces/share/rt_interfaces/local_setup.sh
[2.705s] -- Installing: /home/shiyuanduan/RapidTile/rapid_tile_ws/install/rt_interfaces/share/rt_interfaces/local_setup.zsh
[2.706s] -- Installing: /home/shiyuanduan/RapidTile/rapid_tile_ws/install/rt_interfaces/share/rt_interfaces/local_setup.dsv
[2.706s] -- Installing: /home/shiyuanduan/RapidTile/rapid_tile_ws/install/rt_interfaces/share/rt_interfaces/package.dsv
[2.706s] -- Installing: /home/shiyuanduan/RapidTile/rapid_tile_ws/install/rt_interfaces/share/ament_index/resource_index/packages/rt_interfaces
[2.706s] -- Installing: /home/shiyuanduan/RapidTile/rapid_tile_ws/install/rt_interfaces/share/rt_interfaces/cmake/export_rt_interfaces__rosidl_generator_cExport.cmake
[2.706s] -- Installing: /home/shiyuanduan/RapidTile/rapid_tile_ws/install/rt_interfaces/share/rt_interfaces/cmake/export_rt_interfaces__rosidl_generator_cExport-noconfig.cmake
[2.706s] -- Installing: /home/shiyuanduan/RapidTile/rapid_tile_ws/install/rt_interfaces/share/rt_interfaces/cmake/export_rt_interfaces__rosidl_typesupport_fastrtps_cExport.cmake
[2.706s] -- Installing: /home/shiyuanduan/RapidTile/rapid_tile_ws/install/rt_interfaces/share/rt_interfaces/cmake/export_rt_interfaces__rosidl_typesupport_fastrtps_cExport-noconfig.cmake
[2.707s] -- Installing: /home/shiyuanduan/RapidTile/rapid_tile_ws/install/rt_interfaces/share/rt_interfaces/cmake/rt_interfaces__rosidl_typesupport_introspection_cExport.cmake
[2.707s] -- Installing: /home/shiyuanduan/RapidTile/rapid_tile_ws/install/rt_interfaces/share/rt_interfaces/cmake/rt_interfaces__rosidl_typesupport_introspection_cExport-noconfig.cmake
[2.707s] -- Installing: /home/shiyuanduan/RapidTile/rapid_tile_ws/install/rt_interfaces/share/rt_interfaces/cmake/rt_interfaces__rosidl_typesupport_cExport.cmake
[2.707s] -- Installing: /home/shiyuanduan/RapidTile/rapid_tile_ws/install/rt_interfaces/share/rt_interfaces/cmake/rt_interfaces__rosidl_typesupport_cExport-noconfig.cmake
[2.707s] -- Installing: /home/shiyuanduan/RapidTile/rapid_tile_ws/install/rt_interfaces/share/rt_interfaces/cmake/export_rt_interfaces__rosidl_generator_cppExport.cmake
[2.707s] -- Installing: /home/shiyuanduan/RapidTile/rapid_tile_ws/install/rt_interfaces/share/rt_interfaces/cmake/export_rt_interfaces__rosidl_typesupport_fastrtps_cppExport.cmake
[2.707s] -- Installing: /home/shiyuanduan/RapidTile/rapid_tile_ws/install/rt_interfaces/share/rt_interfaces/cmake/export_rt_interfaces__rosidl_typesupport_fastrtps_cppExport-noconfig.cmake
[2.708s] -- Installing: /home/shiyuanduan/RapidTile/rapid_tile_ws/install/rt_interfaces/share/rt_interfaces/cmake/rt_interfaces__rosidl_typesupport_introspection_cppExport.cmake
[2.708s] -- Installing: /home/shiyuanduan/RapidTile/rapid_tile_ws/install/rt_interfaces/share/rt_interfaces/cmake/rt_interfaces__rosidl_typesupport_introspection_cppExport-noconfig.cmake
[2.708s] -- Installing: /home/shiyuanduan/RapidTile/rapid_tile_ws/install/rt_interfaces/share/rt_interfaces/cmake/rt_interfaces__rosidl_typesupport_cppExport.cmake
[2.708s] -- Installing: /home/shiyuanduan/RapidTile/rapid_tile_ws/install/rt_interfaces/share/rt_interfaces/cmake/rt_interfaces__rosidl_typesupport_cppExport-noconfig.cmake
[2.708s] -- Installing: /home/shiyuanduan/RapidTile/rapid_tile_ws/install/rt_interfaces/share/rt_interfaces/cmake/export_rt_interfaces__rosidl_generator_pyExport.cmake
[2.708s] -- Installing: /home/shiyuanduan/RapidTile/rapid_tile_ws/install/rt_interfaces/share/rt_interfaces/cmake/export_rt_interfaces__rosidl_generator_pyExport-noconfig.cmake
[2.709s] -- Installing: /home/shiyuanduan/RapidTile/rapid_tile_ws/install/rt_interfaces/share/rt_interfaces/cmake/rosidl_cmake-extras.cmake
[2.709s] -- Installing: /home/shiyuanduan/RapidTile/rapid_tile_ws/install/rt_interfaces/share/rt_interfaces/cmake/ament_cmake_export_include_directories-extras.cmake
[2.709s] -- Installing: /home/shiyuanduan/RapidTile/rapid_tile_ws/install/rt_interfaces/share/rt_interfaces/cmake/ament_cmake_export_libraries-extras.cmake
[2.709s] -- Installing: /home/shiyuanduan/RapidTile/rapid_tile_ws/install/rt_interfaces/share/rt_interfaces/cmake/ament_cmake_export_targets-extras.cmake
[2.709s] -- Installing: /home/shiyuanduan/RapidTile/rapid_tile_ws/install/rt_interfaces/share/rt_interfaces/cmake/rosidl_cmake_export_typesupport_targets-extras.cmake
[2.709s] -- Installing: /home/shiyuanduan/RapidTile/rapid_tile_ws/install/rt_interfaces/share/rt_interfaces/cmake/ament_cmake_export_dependencies-extras.cmake
[2.709s] -- Installing: /home/shiyuanduan/RapidTile/rapid_tile_ws/install/rt_interfaces/share/rt_interfaces/cmake/rosidl_cmake_export_typesupport_libraries-extras.cmake
[2.709s] -- Installing: /home/shiyuanduan/RapidTile/rapid_tile_ws/install/rt_interfaces/share/rt_interfaces/cmake/rt_interfacesConfig.cmake
[2.709s] -- Installing: /home/shiyuanduan/RapidTile/rapid_tile_ws/install/rt_interfaces/share/rt_interfaces/cmake/rt_interfacesConfig-version.cmake
[2.709s] -- Installing: /home/shiyuanduan/RapidTile/rapid_tile_ws/install/rt_interfaces/share/rt_interfaces/package.xml
[2.711s] Invoked command in '/home/shiyuanduan/RapidTile/rapid_tile_ws/build/rt_interfaces' returned '0': CMAKE_PREFIX_PATH=${CMAKE_PREFIX_PATH}:/opt/ros/humble /usr/bin/cmake --install /home/shiyuanduan/RapidTile/rapid_tile_ws/build/rt_interfaces
