[0.017s] Invoking command in '/home/shiyuanduan/RapidTile/rapid_tile_ws/build/rt_interfaces': CMAKE_PREFIX_PATH=${CMAKE_PREFIX_PATH}:/home/shiyuanduan/RapidTile/rapid_tile_ws/install/arm_ctrl:/opt/ros/humble /usr/bin/cmake --build /home/shiyuanduan/RapidTile/rapid_tile_ws/build/rt_interfaces -- -j16 -l16
[0.046s] [35m[1mConsolidate compiler generated dependencies of target rt_interfaces__rosidl_generator_c[0m
[0.052s] [  3%] Built target rt_interfaces__cpp
[0.054s] [ 12%] Built target rt_interfaces__rosidl_generator_c
[0.060s] [35m[1mConsolidate compiler generated dependencies of target rt_interfaces__rosidl_typesupport_cpp[0m
[0.060s] [35m[1mConsolidate compiler generated dependencies of target rt_interfaces__rosidl_typesupport_introspection_c[0m
[0.060s] [35m[1mConsolidate compiler generated dependencies of target rt_interfaces__rosidl_typesupport_c[0m
[0.062s] [35m[1mConsolidate compiler generated dependencies of target rt_interfaces__rosidl_typesupport_fastrtps_c[0m
[0.063s] [35m[1mConsolidate compiler generated dependencies of target rt_interfaces__rosidl_typesupport_introspection_cpp[0m
[0.066s] [35m[1mConsolidate compiler generated dependencies of target rt_interfaces__rosidl_typesupport_fastrtps_cpp[0m
[0.067s] [ 12%] Built target ament_cmake_python_copy_rt_interfaces
[0.067s] [ 22%] Built target rt_interfaces__rosidl_typesupport_cpp
[0.068s] [ 41%] Built target rt_interfaces__rosidl_typesupport_introspection_c
[0.068s] [ 41%] Built target rt_interfaces__rosidl_typesupport_c
[0.074s] [ 61%] Built target rt_interfaces__rosidl_typesupport_fastrtps_c
[0.074s] [ 61%] Built target rt_interfaces__rosidl_typesupport_introspection_cpp
[0.075s] [ 70%] Built target rt_interfaces__rosidl_typesupport_fastrtps_cpp
[0.090s] [ 70%] Built target rt_interfaces
[0.103s] [ 74%] Built target rt_interfaces__py
[0.111s] [35m[1mConsolidate compiler generated dependencies of target rt_interfaces__rosidl_generator_py[0m
[0.123s] [ 80%] Built target rt_interfaces__rosidl_generator_py
[0.129s] [35m[1mConsolidate compiler generated dependencies of target rt_interfaces__rosidl_typesupport_introspection_c__pyext[0m
[0.131s] [35m[1mConsolidate compiler generated dependencies of target rt_interfaces__rosidl_typesupport_fastrtps_c__pyext[0m
[0.136s] [35m[1mConsolidate compiler generated dependencies of target rt_interfaces__rosidl_typesupport_c__pyext[0m
[0.139s] [ 87%] Built target rt_interfaces__rosidl_typesupport_introspection_c__pyext
[0.140s] [ 93%] Built target rt_interfaces__rosidl_typesupport_fastrtps_c__pyext
[0.144s] [100%] Built target rt_interfaces__rosidl_typesupport_c__pyext
[0.250s] running egg_info
[0.251s] writing rt_interfaces.egg-info/PKG-INFO
[0.251s] writing dependency_links to rt_interfaces.egg-info/dependency_links.txt
[0.251s] writing top-level names to rt_interfaces.egg-info/top_level.txt
[0.253s] reading manifest file 'rt_interfaces.egg-info/SOURCES.txt'
[0.254s] writing manifest file 'rt_interfaces.egg-info/SOURCES.txt'
[0.269s] [100%] Built target ament_cmake_python_build_rt_interfaces_egg
[0.274s] Invoked command in '/home/shiyuanduan/RapidTile/rapid_tile_ws/build/rt_interfaces' returned '0': CMAKE_PREFIX_PATH=${CMAKE_PREFIX_PATH}:/home/shiyuanduan/RapidTile/rapid_tile_ws/install/arm_ctrl:/opt/ros/humble /usr/bin/cmake --build /home/shiyuanduan/RapidTile/rapid_tile_ws/build/rt_interfaces -- -j16 -l16
[0.308s] Invoking command in '/home/shiyuanduan/RapidTile/rapid_tile_ws/build/rt_interfaces': CMAKE_PREFIX_PATH=${CMAKE_PREFIX_PATH}:/home/shiyuanduan/RapidTile/rapid_tile_ws/install/arm_ctrl:/opt/ros/humble /usr/bin/cmake --install /home/shiyuanduan/RapidTile/rapid_tile_ws/build/rt_interfaces
[0.313s] -- Install configuration: ""
[0.313s] -- Up-to-date: /home/shiyuanduan/RapidTile/rapid_tile_ws/install/rt_interfaces/share/ament_index/resource_index/rosidl_interfaces/rt_interfaces
[0.313s] -- Up-to-date: /home/shiyuanduan/RapidTile/rapid_tile_ws/install/rt_interfaces/include/rt_interfaces/rt_interfaces
[0.313s] -- Up-to-date: /home/shiyuanduan/RapidTile/rapid_tile_ws/install/rt_interfaces/include/rt_interfaces/rt_interfaces/msg
[0.313s] -- Up-to-date: /home/shiyuanduan/RapidTile/rapid_tile_ws/install/rt_interfaces/include/rt_interfaces/rt_interfaces/msg/rosidl_generator_c__visibility_control.h
[0.313s] -- Up-to-date: /home/shiyuanduan/RapidTile/rapid_tile_ws/install/rt_interfaces/include/rt_interfaces/rt_interfaces/srv
[0.313s] -- Up-to-date: /home/shiyuanduan/RapidTile/rapid_tile_ws/install/rt_interfaces/include/rt_interfaces/rt_interfaces/srv/solve_ik.h
[0.314s] -- Up-to-date: /home/shiyuanduan/RapidTile/rapid_tile_ws/install/rt_interfaces/include/rt_interfaces/rt_interfaces/srv/detail
[0.314s] -- Up-to-date: /home/shiyuanduan/RapidTile/rapid_tile_ws/install/rt_interfaces/include/rt_interfaces/rt_interfaces/srv/detail/solve_ik__type_support.h
[0.314s] -- Up-to-date: /home/shiyuanduan/RapidTile/rapid_tile_ws/install/rt_interfaces/include/rt_interfaces/rt_interfaces/srv/detail/solve_ik__functions.h
[0.314s] -- Up-to-date: /home/shiyuanduan/RapidTile/rapid_tile_ws/install/rt_interfaces/include/rt_interfaces/rt_interfaces/srv/detail/solve_ik__struct.h
[0.314s] -- Up-to-date: /home/shiyuanduan/RapidTile/rapid_tile_ws/install/rt_interfaces/include/rt_interfaces/rt_interfaces/srv/detail/solve_ik__functions.c
[0.314s] -- Up-to-date: /home/shiyuanduan/RapidTile/rapid_tile_ws/install/rt_interfaces/share/rt_interfaces/environment/library_path.sh
[0.314s] -- Up-to-date: /home/shiyuanduan/RapidTile/rapid_tile_ws/install/rt_interfaces/share/rt_interfaces/environment/library_path.dsv
[0.314s] -- Up-to-date: /home/shiyuanduan/RapidTile/rapid_tile_ws/install/rt_interfaces/lib/librt_interfaces__rosidl_generator_c.so
[0.315s] -- Up-to-date: /home/shiyuanduan/RapidTile/rapid_tile_ws/install/rt_interfaces/include/rt_interfaces/rt_interfaces
[0.315s] -- Up-to-date: /home/shiyuanduan/RapidTile/rapid_tile_ws/install/rt_interfaces/include/rt_interfaces/rt_interfaces/msg
[0.315s] -- Up-to-date: /home/shiyuanduan/RapidTile/rapid_tile_ws/install/rt_interfaces/include/rt_interfaces/rt_interfaces/msg/rosidl_typesupport_fastrtps_c__visibility_control.h
[0.315s] -- Up-to-date: /home/shiyuanduan/RapidTile/rapid_tile_ws/install/rt_interfaces/include/rt_interfaces/rt_interfaces/srv
[0.315s] -- Up-to-date: /home/shiyuanduan/RapidTile/rapid_tile_ws/install/rt_interfaces/include/rt_interfaces/rt_interfaces/srv/detail
[0.315s] -- Up-to-date: /home/shiyuanduan/RapidTile/rapid_tile_ws/install/rt_interfaces/include/rt_interfaces/rt_interfaces/srv/detail/solve_ik__rosidl_typesupport_fastrtps_c.h
[0.315s] -- Up-to-date: /home/shiyuanduan/RapidTile/rapid_tile_ws/install/rt_interfaces/lib/librt_interfaces__rosidl_typesupport_fastrtps_c.so
[0.315s] -- Up-to-date: /home/shiyuanduan/RapidTile/rapid_tile_ws/install/rt_interfaces/include/rt_interfaces/rt_interfaces
[0.315s] -- Up-to-date: /home/shiyuanduan/RapidTile/rapid_tile_ws/install/rt_interfaces/include/rt_interfaces/rt_interfaces/msg
[0.315s] -- Up-to-date: /home/shiyuanduan/RapidTile/rapid_tile_ws/install/rt_interfaces/include/rt_interfaces/rt_interfaces/msg/rosidl_typesupport_introspection_c__visibility_control.h
[0.315s] -- Up-to-date: /home/shiyuanduan/RapidTile/rapid_tile_ws/install/rt_interfaces/include/rt_interfaces/rt_interfaces/srv
[0.316s] -- Up-to-date: /home/shiyuanduan/RapidTile/rapid_tile_ws/install/rt_interfaces/include/rt_interfaces/rt_interfaces/srv/detail
[0.316s] -- Up-to-date: /home/shiyuanduan/RapidTile/rapid_tile_ws/install/rt_interfaces/include/rt_interfaces/rt_interfaces/srv/detail/solve_ik__type_support.c
[0.316s] -- Up-to-date: /home/shiyuanduan/RapidTile/rapid_tile_ws/install/rt_interfaces/include/rt_interfaces/rt_interfaces/srv/detail/solve_ik__rosidl_typesupport_introspection_c.h
[0.316s] -- Up-to-date: /home/shiyuanduan/RapidTile/rapid_tile_ws/install/rt_interfaces/lib/librt_interfaces__rosidl_typesupport_introspection_c.so
[0.316s] -- Up-to-date: /home/shiyuanduan/RapidTile/rapid_tile_ws/install/rt_interfaces/lib/librt_interfaces__rosidl_typesupport_c.so
[0.316s] -- Up-to-date: /home/shiyuanduan/RapidTile/rapid_tile_ws/install/rt_interfaces/include/rt_interfaces/rt_interfaces
[0.316s] -- Up-to-date: /home/shiyuanduan/RapidTile/rapid_tile_ws/install/rt_interfaces/include/rt_interfaces/rt_interfaces/srv
[0.316s] -- Up-to-date: /home/shiyuanduan/RapidTile/rapid_tile_ws/install/rt_interfaces/include/rt_interfaces/rt_interfaces/srv/detail
[0.316s] -- Up-to-date: /home/shiyuanduan/RapidTile/rapid_tile_ws/install/rt_interfaces/include/rt_interfaces/rt_interfaces/srv/detail/solve_ik__struct.hpp
[0.317s] -- Up-to-date: /home/shiyuanduan/RapidTile/rapid_tile_ws/install/rt_interfaces/include/rt_interfaces/rt_interfaces/srv/detail/solve_ik__builder.hpp
[0.317s] -- Up-to-date: /home/shiyuanduan/RapidTile/rapid_tile_ws/install/rt_interfaces/include/rt_interfaces/rt_interfaces/srv/detail/solve_ik__traits.hpp
[0.317s] -- Up-to-date: /home/shiyuanduan/RapidTile/rapid_tile_ws/install/rt_interfaces/include/rt_interfaces/rt_interfaces/srv/solve_ik.hpp
[0.317s] -- Up-to-date: /home/shiyuanduan/RapidTile/rapid_tile_ws/install/rt_interfaces/include/rt_interfaces/rt_interfaces
[0.317s] -- Up-to-date: /home/shiyuanduan/RapidTile/rapid_tile_ws/install/rt_interfaces/include/rt_interfaces/rt_interfaces/msg
[0.317s] -- Up-to-date: /home/shiyuanduan/RapidTile/rapid_tile_ws/install/rt_interfaces/include/rt_interfaces/rt_interfaces/msg/rosidl_typesupport_fastrtps_cpp__visibility_control.h
[0.317s] -- Up-to-date: /home/shiyuanduan/RapidTile/rapid_tile_ws/install/rt_interfaces/include/rt_interfaces/rt_interfaces/srv
[0.317s] -- Up-to-date: /home/shiyuanduan/RapidTile/rapid_tile_ws/install/rt_interfaces/include/rt_interfaces/rt_interfaces/srv/detail
[0.317s] -- Up-to-date: /home/shiyuanduan/RapidTile/rapid_tile_ws/install/rt_interfaces/include/rt_interfaces/rt_interfaces/srv/detail/dds_fastrtps
[0.317s] -- Up-to-date: /home/shiyuanduan/RapidTile/rapid_tile_ws/install/rt_interfaces/include/rt_interfaces/rt_interfaces/srv/detail/solve_ik__rosidl_typesupport_fastrtps_cpp.hpp
[0.317s] -- Up-to-date: /home/shiyuanduan/RapidTile/rapid_tile_ws/install/rt_interfaces/lib/librt_interfaces__rosidl_typesupport_fastrtps_cpp.so
[0.317s] -- Up-to-date: /home/shiyuanduan/RapidTile/rapid_tile_ws/install/rt_interfaces/include/rt_interfaces/rt_interfaces
[0.317s] -- Up-to-date: /home/shiyuanduan/RapidTile/rapid_tile_ws/install/rt_interfaces/include/rt_interfaces/rt_interfaces/srv
[0.317s] -- Up-to-date: /home/shiyuanduan/RapidTile/rapid_tile_ws/install/rt_interfaces/include/rt_interfaces/rt_interfaces/srv/detail
[0.317s] -- Up-to-date: /home/shiyuanduan/RapidTile/rapid_tile_ws/install/rt_interfaces/include/rt_interfaces/rt_interfaces/srv/detail/solve_ik__rosidl_typesupport_introspection_cpp.hpp
[0.317s] -- Up-to-date: /home/shiyuanduan/RapidTile/rapid_tile_ws/install/rt_interfaces/include/rt_interfaces/rt_interfaces/srv/detail/solve_ik__type_support.cpp
[0.317s] -- Up-to-date: /home/shiyuanduan/RapidTile/rapid_tile_ws/install/rt_interfaces/lib/librt_interfaces__rosidl_typesupport_introspection_cpp.so
[0.317s] -- Up-to-date: /home/shiyuanduan/RapidTile/rapid_tile_ws/install/rt_interfaces/lib/librt_interfaces__rosidl_typesupport_cpp.so
[0.317s] -- Up-to-date: /home/shiyuanduan/RapidTile/rapid_tile_ws/install/rt_interfaces/share/rt_interfaces/environment/pythonpath.sh
[0.317s] -- Up-to-date: /home/shiyuanduan/RapidTile/rapid_tile_ws/install/rt_interfaces/share/rt_interfaces/environment/pythonpath.dsv
[0.317s] -- Up-to-date: /home/shiyuanduan/RapidTile/rapid_tile_ws/install/rt_interfaces/local/lib/python3.10/dist-packages/rt_interfaces-0.0.0-py3.10.egg-info
[0.317s] -- Installing: /home/shiyuanduan/RapidTile/rapid_tile_ws/install/rt_interfaces/local/lib/python3.10/dist-packages/rt_interfaces-0.0.0-py3.10.egg-info/SOURCES.txt
[0.317s] -- Installing: /home/shiyuanduan/RapidTile/rapid_tile_ws/install/rt_interfaces/local/lib/python3.10/dist-packages/rt_interfaces-0.0.0-py3.10.egg-info/top_level.txt
[0.318s] -- Installing: /home/shiyuanduan/RapidTile/rapid_tile_ws/install/rt_interfaces/local/lib/python3.10/dist-packages/rt_interfaces-0.0.0-py3.10.egg-info/dependency_links.txt
[0.318s] -- Installing: /home/shiyuanduan/RapidTile/rapid_tile_ws/install/rt_interfaces/local/lib/python3.10/dist-packages/rt_interfaces-0.0.0-py3.10.egg-info/PKG-INFO
[0.318s] -- Up-to-date: /home/shiyuanduan/RapidTile/rapid_tile_ws/install/rt_interfaces/local/lib/python3.10/dist-packages/rt_interfaces
[0.318s] -- Up-to-date: /home/shiyuanduan/RapidTile/rapid_tile_ws/install/rt_interfaces/local/lib/python3.10/dist-packages/rt_interfaces/_rt_interfaces_s.ep.rosidl_typesupport_fastrtps_c.c
[0.318s] -- Up-to-date: /home/shiyuanduan/RapidTile/rapid_tile_ws/install/rt_interfaces/local/lib/python3.10/dist-packages/rt_interfaces/_rt_interfaces_s.ep.rosidl_typesupport_introspection_c.c
[0.318s] -- Up-to-date: /home/shiyuanduan/RapidTile/rapid_tile_ws/install/rt_interfaces/local/lib/python3.10/dist-packages/rt_interfaces/rt_interfaces_s__rosidl_typesupport_c.cpython-310-x86_64-linux-gnu.so
[0.318s] -- Up-to-date: /home/shiyuanduan/RapidTile/rapid_tile_ws/install/rt_interfaces/local/lib/python3.10/dist-packages/rt_interfaces/librt_interfaces__rosidl_generator_py.so
[0.318s] -- Up-to-date: /home/shiyuanduan/RapidTile/rapid_tile_ws/install/rt_interfaces/local/lib/python3.10/dist-packages/rt_interfaces/__init__.py
[0.318s] -- Up-to-date: /home/shiyuanduan/RapidTile/rapid_tile_ws/install/rt_interfaces/local/lib/python3.10/dist-packages/rt_interfaces/rt_interfaces_s__rosidl_typesupport_fastrtps_c.cpython-310-x86_64-linux-gnu.so
[0.318s] -- Up-to-date: /home/shiyuanduan/RapidTile/rapid_tile_ws/install/rt_interfaces/local/lib/python3.10/dist-packages/rt_interfaces/rt_interfaces_s__rosidl_typesupport_introspection_c.cpython-310-x86_64-linux-gnu.so
[0.318s] -- Up-to-date: /home/shiyuanduan/RapidTile/rapid_tile_ws/install/rt_interfaces/local/lib/python3.10/dist-packages/rt_interfaces/srv
[0.318s] -- Up-to-date: /home/shiyuanduan/RapidTile/rapid_tile_ws/install/rt_interfaces/local/lib/python3.10/dist-packages/rt_interfaces/srv/_solve_ik_s.c
[0.318s] -- Up-to-date: /home/shiyuanduan/RapidTile/rapid_tile_ws/install/rt_interfaces/local/lib/python3.10/dist-packages/rt_interfaces/srv/_solve_ik.py
[0.318s] -- Up-to-date: /home/shiyuanduan/RapidTile/rapid_tile_ws/install/rt_interfaces/local/lib/python3.10/dist-packages/rt_interfaces/srv/__init__.py
[0.318s] -- Up-to-date: /home/shiyuanduan/RapidTile/rapid_tile_ws/install/rt_interfaces/local/lib/python3.10/dist-packages/rt_interfaces/_rt_interfaces_s.ep.rosidl_typesupport_c.c
[0.335s] Listing '/home/shiyuanduan/RapidTile/rapid_tile_ws/install/rt_interfaces/local/lib/python3.10/dist-packages/rt_interfaces'...
[0.335s] Listing '/home/shiyuanduan/RapidTile/rapid_tile_ws/install/rt_interfaces/local/lib/python3.10/dist-packages/rt_interfaces/srv'...
[0.338s] -- Up-to-date: /home/shiyuanduan/RapidTile/rapid_tile_ws/install/rt_interfaces/local/lib/python3.10/dist-packages/rt_interfaces/rt_interfaces_s__rosidl_typesupport_fastrtps_c.cpython-310-x86_64-linux-gnu.so
[0.338s] -- Up-to-date: /home/shiyuanduan/RapidTile/rapid_tile_ws/install/rt_interfaces/local/lib/python3.10/dist-packages/rt_interfaces/rt_interfaces_s__rosidl_typesupport_introspection_c.cpython-310-x86_64-linux-gnu.so
[0.338s] -- Up-to-date: /home/shiyuanduan/RapidTile/rapid_tile_ws/install/rt_interfaces/local/lib/python3.10/dist-packages/rt_interfaces/rt_interfaces_s__rosidl_typesupport_c.cpython-310-x86_64-linux-gnu.so
[0.338s] -- Up-to-date: /home/shiyuanduan/RapidTile/rapid_tile_ws/install/rt_interfaces/lib/librt_interfaces__rosidl_generator_py.so
[0.339s] -- Up-to-date: /home/shiyuanduan/RapidTile/rapid_tile_ws/install/rt_interfaces/share/rt_interfaces/srv/SolveIK.idl
[0.339s] -- Up-to-date: /home/shiyuanduan/RapidTile/rapid_tile_ws/install/rt_interfaces/share/rt_interfaces/srv/SolveIK.srv
[0.339s] -- Up-to-date: /home/shiyuanduan/RapidTile/rapid_tile_ws/install/rt_interfaces/share/rt_interfaces/srv/SolveIK_Request.msg
[0.339s] -- Up-to-date: /home/shiyuanduan/RapidTile/rapid_tile_ws/install/rt_interfaces/share/rt_interfaces/srv/SolveIK_Response.msg
[0.339s] -- Up-to-date: /home/shiyuanduan/RapidTile/rapid_tile_ws/install/rt_interfaces/share/ament_index/resource_index/package_run_dependencies/rt_interfaces
[0.339s] -- Up-to-date: /home/shiyuanduan/RapidTile/rapid_tile_ws/install/rt_interfaces/share/ament_index/resource_index/parent_prefix_path/rt_interfaces
[0.339s] -- Up-to-date: /home/shiyuanduan/RapidTile/rapid_tile_ws/install/rt_interfaces/share/rt_interfaces/environment/ament_prefix_path.sh
[0.340s] -- Up-to-date: /home/shiyuanduan/RapidTile/rapid_tile_ws/install/rt_interfaces/share/rt_interfaces/environment/ament_prefix_path.dsv
[0.340s] -- Up-to-date: /home/shiyuanduan/RapidTile/rapid_tile_ws/install/rt_interfaces/share/rt_interfaces/environment/path.sh
[0.340s] -- Up-to-date: /home/shiyuanduan/RapidTile/rapid_tile_ws/install/rt_interfaces/share/rt_interfaces/environment/path.dsv
[0.340s] -- Up-to-date: /home/shiyuanduan/RapidTile/rapid_tile_ws/install/rt_interfaces/share/rt_interfaces/local_setup.bash
[0.340s] -- Up-to-date: /home/shiyuanduan/RapidTile/rapid_tile_ws/install/rt_interfaces/share/rt_interfaces/local_setup.sh
[0.340s] -- Up-to-date: /home/shiyuanduan/RapidTile/rapid_tile_ws/install/rt_interfaces/share/rt_interfaces/local_setup.zsh
[0.340s] -- Up-to-date: /home/shiyuanduan/RapidTile/rapid_tile_ws/install/rt_interfaces/share/rt_interfaces/local_setup.dsv
[0.340s] -- Installing: /home/shiyuanduan/RapidTile/rapid_tile_ws/install/rt_interfaces/share/rt_interfaces/package.dsv
[0.340s] -- Up-to-date: /home/shiyuanduan/RapidTile/rapid_tile_ws/install/rt_interfaces/share/ament_index/resource_index/packages/rt_interfaces
[0.340s] -- Up-to-date: /home/shiyuanduan/RapidTile/rapid_tile_ws/install/rt_interfaces/share/rt_interfaces/cmake/export_rt_interfaces__rosidl_generator_cExport.cmake
[0.340s] -- Up-to-date: /home/shiyuanduan/RapidTile/rapid_tile_ws/install/rt_interfaces/share/rt_interfaces/cmake/export_rt_interfaces__rosidl_generator_cExport-noconfig.cmake
[0.340s] -- Up-to-date: /home/shiyuanduan/RapidTile/rapid_tile_ws/install/rt_interfaces/share/rt_interfaces/cmake/export_rt_interfaces__rosidl_typesupport_fastrtps_cExport.cmake
[0.340s] -- Up-to-date: /home/shiyuanduan/RapidTile/rapid_tile_ws/install/rt_interfaces/share/rt_interfaces/cmake/export_rt_interfaces__rosidl_typesupport_fastrtps_cExport-noconfig.cmake
[0.340s] -- Up-to-date: /home/shiyuanduan/RapidTile/rapid_tile_ws/install/rt_interfaces/share/rt_interfaces/cmake/rt_interfaces__rosidl_typesupport_introspection_cExport.cmake
[0.340s] -- Up-to-date: /home/shiyuanduan/RapidTile/rapid_tile_ws/install/rt_interfaces/share/rt_interfaces/cmake/rt_interfaces__rosidl_typesupport_introspection_cExport-noconfig.cmake
[0.340s] -- Up-to-date: /home/shiyuanduan/RapidTile/rapid_tile_ws/install/rt_interfaces/share/rt_interfaces/cmake/rt_interfaces__rosidl_typesupport_cExport.cmake
[0.341s] -- Up-to-date: /home/shiyuanduan/RapidTile/rapid_tile_ws/install/rt_interfaces/share/rt_interfaces/cmake/rt_interfaces__rosidl_typesupport_cExport-noconfig.cmake
[0.341s] -- Up-to-date: /home/shiyuanduan/RapidTile/rapid_tile_ws/install/rt_interfaces/share/rt_interfaces/cmake/export_rt_interfaces__rosidl_generator_cppExport.cmake
[0.341s] -- Up-to-date: /home/shiyuanduan/RapidTile/rapid_tile_ws/install/rt_interfaces/share/rt_interfaces/cmake/export_rt_interfaces__rosidl_typesupport_fastrtps_cppExport.cmake
[0.341s] -- Up-to-date: /home/shiyuanduan/RapidTile/rapid_tile_ws/install/rt_interfaces/share/rt_interfaces/cmake/export_rt_interfaces__rosidl_typesupport_fastrtps_cppExport-noconfig.cmake
[0.341s] -- Up-to-date: /home/shiyuanduan/RapidTile/rapid_tile_ws/install/rt_interfaces/share/rt_interfaces/cmake/rt_interfaces__rosidl_typesupport_introspection_cppExport.cmake
[0.341s] -- Up-to-date: /home/shiyuanduan/RapidTile/rapid_tile_ws/install/rt_interfaces/share/rt_interfaces/cmake/rt_interfaces__rosidl_typesupport_introspection_cppExport-noconfig.cmake
[0.341s] -- Up-to-date: /home/shiyuanduan/RapidTile/rapid_tile_ws/install/rt_interfaces/share/rt_interfaces/cmake/rt_interfaces__rosidl_typesupport_cppExport.cmake
[0.341s] -- Up-to-date: /home/shiyuanduan/RapidTile/rapid_tile_ws/install/rt_interfaces/share/rt_interfaces/cmake/rt_interfaces__rosidl_typesupport_cppExport-noconfig.cmake
[0.341s] -- Up-to-date: /home/shiyuanduan/RapidTile/rapid_tile_ws/install/rt_interfaces/share/rt_interfaces/cmake/export_rt_interfaces__rosidl_generator_pyExport.cmake
[0.341s] -- Up-to-date: /home/shiyuanduan/RapidTile/rapid_tile_ws/install/rt_interfaces/share/rt_interfaces/cmake/export_rt_interfaces__rosidl_generator_pyExport-noconfig.cmake
[0.341s] -- Up-to-date: /home/shiyuanduan/RapidTile/rapid_tile_ws/install/rt_interfaces/share/rt_interfaces/cmake/rosidl_cmake-extras.cmake
[0.341s] -- Up-to-date: /home/shiyuanduan/RapidTile/rapid_tile_ws/install/rt_interfaces/share/rt_interfaces/cmake/ament_cmake_export_include_directories-extras.cmake
[0.341s] -- Up-to-date: /home/shiyuanduan/RapidTile/rapid_tile_ws/install/rt_interfaces/share/rt_interfaces/cmake/ament_cmake_export_libraries-extras.cmake
[0.342s] -- Up-to-date: /home/shiyuanduan/RapidTile/rapid_tile_ws/install/rt_interfaces/share/rt_interfaces/cmake/ament_cmake_export_targets-extras.cmake
[0.342s] -- Up-to-date: /home/shiyuanduan/RapidTile/rapid_tile_ws/install/rt_interfaces/share/rt_interfaces/cmake/rosidl_cmake_export_typesupport_targets-extras.cmake
[0.342s] -- Up-to-date: /home/shiyuanduan/RapidTile/rapid_tile_ws/install/rt_interfaces/share/rt_interfaces/cmake/ament_cmake_export_dependencies-extras.cmake
[0.342s] -- Up-to-date: /home/shiyuanduan/RapidTile/rapid_tile_ws/install/rt_interfaces/share/rt_interfaces/cmake/rosidl_cmake_export_typesupport_libraries-extras.cmake
[0.342s] -- Up-to-date: /home/shiyuanduan/RapidTile/rapid_tile_ws/install/rt_interfaces/share/rt_interfaces/cmake/rt_interfacesConfig.cmake
[0.342s] -- Up-to-date: /home/shiyuanduan/RapidTile/rapid_tile_ws/install/rt_interfaces/share/rt_interfaces/cmake/rt_interfacesConfig-version.cmake
[0.342s] -- Up-to-date: /home/shiyuanduan/RapidTile/rapid_tile_ws/install/rt_interfaces/share/rt_interfaces/package.xml
[0.345s] Invoked command in '/home/shiyuanduan/RapidTile/rapid_tile_ws/build/rt_interfaces' returned '0': CMAKE_PREFIX_PATH=${CMAKE_PREFIX_PATH}:/home/shiyuanduan/RapidTile/rapid_tile_ws/install/arm_ctrl:/opt/ros/humble /usr/bin/cmake --install /home/shiyuanduan/RapidTile/rapid_tile_ws/build/rt_interfaces
