[0.008s] Invoking command in '/home/shiyuanduan/RapidTile/rapid_tile_ws/build/rt_interfaces': CMAKE_PREFIX_PATH=${CMAKE_PREFIX_PATH}:/opt/ros/humble /usr/bin/cmake /home/shiyuanduan/RapidTile/rapid_tile_ws/src/rt_interfaces -DCMAKE_INSTALL_PREFIX=/home/shiyuanduan/RapidTile/rapid_tile_ws/install/rt_interfaces
[0.121s] -- The C compiler identification is GNU 11.3.0
[0.527s] -- The CXX compiler identification is GNU 11.3.0
[0.817s] -- Detecting C compiler ABI info
[0.922s] -- Detecting C compiler ABI info - done
[0.926s] -- Check for working C compiler: /usr/bin/cc - skipped
[0.927s] -- Detecting C compile features
[0.927s] -- Detecting C compile features - done
[0.928s] -- Detecting CXX compiler ABI info
[1.041s] -- Detecting CXX compiler ABI info - done
[1.046s] -- Check for working CXX compiler: /usr/bin/c++ - skipped
[1.046s] -- Detecting CXX compile features
[1.046s] -- Detecting CXX compile features - done
[1.047s] -- Found ament_cmake: 1.3.3 (/opt/ros/humble/share/ament_cmake/cmake)
[1.151s] -- Found Python3: /usr/bin/python3.10 (found version "3.10.6") found components: Interpreter 
[1.201s] -- Found rosidl_default_generators: 1.2.0 (/opt/ros/humble/share/rosidl_default_generators/cmake)
[1.202s] -- Using all available rosidl_typesupport_c: rosidl_typesupport_fastrtps_c;rosidl_typesupport_introspection_c
[1.205s] -- Found rosidl_adapter: 3.1.4 (/opt/ros/humble/share/rosidl_adapter/cmake)
[1.321s] -- Using all available rosidl_typesupport_cpp: rosidl_typesupport_fastrtps_cpp;rosidl_typesupport_introspection_cpp
[1.489s] -- Found ament_cmake_ros: 0.10.0 (/opt/ros/humble/share/ament_cmake_ros/cmake)
[1.593s] -- Using all available rosidl_typesupport_c: rosidl_typesupport_fastrtps_c;rosidl_typesupport_introspection_c
[1.728s] -- Using all available rosidl_typesupport_cpp: rosidl_typesupport_fastrtps_cpp;rosidl_typesupport_introspection_cpp
[1.841s] -- Found PythonInterp: /usr/bin/python3 (found suitable version "3.10.6", minimum required is "3.6") 
[1.842s] -- Found python_cmake_module: 0.10.0 (/opt/ros/humble/share/python_cmake_module/cmake)
[2.173s] -- Found PythonLibs: /usr/lib/x86_64-linux-gnu/libpython3.10.so (found suitable version "3.10.6", minimum required is "3.5") 
[2.173s] -- Using PYTHON_EXECUTABLE: /usr/bin/python3
[2.173s] -- Using PYTHON_INCLUDE_DIRS: /usr/include/python3.10
[2.173s] -- Using PYTHON_LIBRARIES: /usr/lib/x86_64-linux-gnu/libpython3.10.so
[2.185s] -- Found PythonExtra: .so  
[2.242s] -- Found ament_lint_auto: 0.12.5 (/opt/ros/humble/share/ament_lint_auto/cmake)
[2.250s] -- Added test 'lint_cmake' to check CMake code style
[2.251s] -- Added test 'xmllint' to check XML markup files
[2.252s] -- Configuring done
[2.268s] -- Generating done
[2.270s] -- Build files have been written to: /home/shiyuanduan/RapidTile/rapid_tile_ws/build/rt_interfaces
[2.275s] Invoked command in '/home/shiyuanduan/RapidTile/rapid_tile_ws/build/rt_interfaces' returned '0': CMAKE_PREFIX_PATH=${CMAKE_PREFIX_PATH}:/opt/ros/humble /usr/bin/cmake /home/shiyuanduan/RapidTile/rapid_tile_ws/src/rt_interfaces -DCMAKE_INSTALL_PREFIX=/home/shiyuanduan/RapidTile/rapid_tile_ws/install/rt_interfaces
[2.275s] Invoking command in '/home/shiyuanduan/RapidTile/rapid_tile_ws/build/rt_interfaces': CMAKE_PREFIX_PATH=${CMAKE_PREFIX_PATH}:/opt/ros/humble /usr/bin/cmake --build /home/shiyuanduan/RapidTile/rapid_tile_ws/build/rt_interfaces -- -j16 -l16
[2.292s] [  3%] [34m[1mGenerating C code for ROS interfaces[0m
[2.296s] [  6%] [34m[1mGenerating C++ code for ROS interfaces[0m
[2.301s] [  6%] Built target ament_cmake_python_copy_rt_interfaces
[2.485s] running egg_info
[2.486s] creating rt_interfaces.egg-info
[2.486s] writing rt_interfaces.egg-info/PKG-INFO
[2.486s] writing dependency_links to rt_interfaces.egg-info/dependency_links.txt
[2.487s] writing top-level names to rt_interfaces.egg-info/top_level.txt
[2.487s] writing manifest file 'rt_interfaces.egg-info/SOURCES.txt'
[2.488s] reading manifest file 'rt_interfaces.egg-info/SOURCES.txt'
[2.488s] writing manifest file 'rt_interfaces.egg-info/SOURCES.txt'
[2.504s] [  6%] Built target ament_cmake_python_build_rt_interfaces_egg
[2.512s] [  6%] Built target rt_interfaces__cpp
[2.516s] [  9%] [34m[1mGenerating C++ type support dispatch for ROS interfaces[0m
[2.517s] [ 12%] [34m[1mGenerating C++ introspection for ROS interfaces[0m
[2.517s] [ 16%] [34m[1mGenerating C++ type support for eProsima Fast-RTPS[0m
[2.521s] [ 19%] [32mBuilding C object CMakeFiles/rt_interfaces__rosidl_generator_c.dir/rosidl_generator_c/rt_interfaces/srv/detail/solve_ik__functions.c.o[0m
[2.554s] [ 22%] [32m[1mLinking C shared library librt_interfaces__rosidl_generator_c.so[0m
[2.655s] [ 22%] Built target rt_interfaces__rosidl_generator_c
[2.660s] [ 25%] [34m[1mGenerating C type support for eProsima Fast-RTPS[0m
[2.660s] [ 29%] [34m[1mGenerating C type support dispatch for ROS interfaces[0m
[2.660s] [ 32%] [34m[1mGenerating C introspection for ROS interfaces[0m
[2.693s] [ 35%] [32mBuilding CXX object CMakeFiles/rt_interfaces__rosidl_typesupport_cpp.dir/rosidl_typesupport_cpp/rt_interfaces/srv/solve_ik__type_support.cpp.o[0m
[2.749s] [ 38%] [32mBuilding CXX object CMakeFiles/rt_interfaces__rosidl_typesupport_introspection_cpp.dir/rosidl_typesupport_introspection_cpp/rt_interfaces/srv/detail/solve_ik__type_support.cpp.o[0m
[2.781s] [ 41%] [32mBuilding CXX object CMakeFiles/rt_interfaces__rosidl_typesupport_fastrtps_cpp.dir/rosidl_typesupport_fastrtps_cpp/rt_interfaces/srv/detail/dds_fastrtps/solve_ik__type_support.cpp.o[0m
[2.852s] [ 45%] [32mBuilding CXX object CMakeFiles/rt_interfaces__rosidl_typesupport_c.dir/rosidl_typesupport_c/rt_interfaces/srv/solve_ik__type_support.cpp.o[0m
[2.876s] [ 48%] [32m[1mLinking CXX shared library librt_interfaces__rosidl_typesupport_c.so[0m
[2.893s] [ 51%] [32mBuilding CXX object CMakeFiles/rt_interfaces__rosidl_typesupport_fastrtps_c.dir/rosidl_typesupport_fastrtps_c/rt_interfaces/srv/detail/solve_ik__type_support_c.cpp.o[0m
[2.914s] [ 54%] [32mBuilding C object CMakeFiles/rt_interfaces__rosidl_typesupport_introspection_c.dir/rosidl_typesupport_introspection_c/rt_interfaces/srv/detail/solve_ik__type_support.c.o[0m
[2.942s] [ 58%] [32m[1mLinking CXX shared library librt_interfaces__rosidl_typesupport_cpp.so[0m
[2.943s] [ 61%] [32m[1mLinking C shared library librt_interfaces__rosidl_typesupport_introspection_c.so[0m
[2.983s] [ 61%] Built target rt_interfaces__rosidl_typesupport_c
[3.005s] [ 61%] Built target rt_interfaces__rosidl_typesupport_introspection_c
[3.015s] [ 61%] Built target rt_interfaces__rosidl_typesupport_cpp
[3.076s] [ 64%] [32m[1mLinking CXX shared library librt_interfaces__rosidl_typesupport_introspection_cpp.so[0m
[3.111s] [ 67%] [32m[1mLinking CXX shared library librt_interfaces__rosidl_typesupport_fastrtps_cpp.so[0m
[3.165s] [ 67%] Built target rt_interfaces__rosidl_typesupport_introspection_cpp
[3.168s] [ 70%] [32m[1mLinking CXX shared library librt_interfaces__rosidl_typesupport_fastrtps_c.so[0m
[3.228s] [ 70%] Built target rt_interfaces__rosidl_typesupport_fastrtps_cpp
[3.283s] [ 70%] Built target rt_interfaces__rosidl_typesupport_fastrtps_c
[3.292s] [ 70%] Built target rt_interfaces
[3.302s] [ 74%] [34m[1mGenerating Python code for ROS interfaces[0m
[3.575s] [ 74%] Built target rt_interfaces__py
[3.584s] [ 77%] [32mBuilding C object CMakeFiles/rt_interfaces__rosidl_generator_py.dir/rosidl_generator_py/rt_interfaces/srv/_solve_ik_s.c.o[0m
[3.641s] [ 80%] [32m[1mLinking C shared library rosidl_generator_py/rt_interfaces/librt_interfaces__rosidl_generator_py.so[0m
[3.730s] [ 80%] Built target rt_interfaces__rosidl_generator_py
[3.740s] [ 90%] [32mBuilding C object CMakeFiles/rt_interfaces__rosidl_typesupport_introspection_c__pyext.dir/rosidl_generator_py/rt_interfaces/_rt_interfaces_s.ep.rosidl_typesupport_introspection_c.c.o[0m
[3.740s] [ 90%] [32mBuilding C object CMakeFiles/rt_interfaces__rosidl_typesupport_fastrtps_c__pyext.dir/rosidl_generator_py/rt_interfaces/_rt_interfaces_s.ep.rosidl_typesupport_fastrtps_c.c.o[0m
[3.740s] [ 90%] [32mBuilding C object CMakeFiles/rt_interfaces__rosidl_typesupport_c__pyext.dir/rosidl_generator_py/rt_interfaces/_rt_interfaces_s.ep.rosidl_typesupport_c.c.o[0m
[3.796s] [ 96%] [32m[1mLinking C shared library rosidl_generator_py/rt_interfaces/rt_interfaces_s__rosidl_typesupport_introspection_c.cpython-310-x86_64-linux-gnu.so[0m
[3.796s] [ 96%] [32m[1mLinking C shared library rosidl_generator_py/rt_interfaces/rt_interfaces_s__rosidl_typesupport_c.cpython-310-x86_64-linux-gnu.so[0m
[3.796s] [100%] [32m[1mLinking C shared library rosidl_generator_py/rt_interfaces/rt_interfaces_s__rosidl_typesupport_fastrtps_c.cpython-310-x86_64-linux-gnu.so[0m
[3.859s] [100%] Built target rt_interfaces__rosidl_typesupport_c__pyext
[3.859s] [100%] Built target rt_interfaces__rosidl_typesupport_fastrtps_c__pyext
[3.859s] [100%] Built target rt_interfaces__rosidl_typesupport_introspection_c__pyext
[3.866s] Invoked command in '/home/shiyuanduan/RapidTile/rapid_tile_ws/build/rt_interfaces' returned '0': CMAKE_PREFIX_PATH=${CMAKE_PREFIX_PATH}:/opt/ros/humble /usr/bin/cmake --build /home/shiyuanduan/RapidTile/rapid_tile_ws/build/rt_interfaces -- -j16 -l16
[3.907s] Invoking command in '/home/shiyuanduan/RapidTile/rapid_tile_ws/build/rt_interfaces': CMAKE_PREFIX_PATH=${CMAKE_PREFIX_PATH}:/opt/ros/humble /usr/bin/cmake --install /home/shiyuanduan/RapidTile/rapid_tile_ws/build/rt_interfaces
[3.910s] -- Install configuration: ""
[3.911s] -- Installing: /home/shiyuanduan/RapidTile/rapid_tile_ws/install/rt_interfaces/share/ament_index/resource_index/rosidl_interfaces/rt_interfaces
[3.911s] -- Installing: /home/shiyuanduan/RapidTile/rapid_tile_ws/install/rt_interfaces/include/rt_interfaces/rt_interfaces
[3.911s] -- Installing: /home/shiyuanduan/RapidTile/rapid_tile_ws/install/rt_interfaces/include/rt_interfaces/rt_interfaces/msg
[3.911s] -- Installing: /home/shiyuanduan/RapidTile/rapid_tile_ws/install/rt_interfaces/include/rt_interfaces/rt_interfaces/msg/rosidl_generator_c__visibility_control.h
[3.911s] -- Installing: /home/shiyuanduan/RapidTile/rapid_tile_ws/install/rt_interfaces/include/rt_interfaces/rt_interfaces/srv
[3.911s] -- Installing: /home/shiyuanduan/RapidTile/rapid_tile_ws/install/rt_interfaces/include/rt_interfaces/rt_interfaces/srv/solve_ik.h
[3.911s] -- Installing: /home/shiyuanduan/RapidTile/rapid_tile_ws/install/rt_interfaces/include/rt_interfaces/rt_interfaces/srv/detail
[3.911s] -- Installing: /home/shiyuanduan/RapidTile/rapid_tile_ws/install/rt_interfaces/include/rt_interfaces/rt_interfaces/srv/detail/solve_ik__type_support.h
[3.912s] -- Installing: /home/shiyuanduan/RapidTile/rapid_tile_ws/install/rt_interfaces/include/rt_interfaces/rt_interfaces/srv/detail/solve_ik__functions.h
[3.912s] -- Installing: /home/shiyuanduan/RapidTile/rapid_tile_ws/install/rt_interfaces/include/rt_interfaces/rt_interfaces/srv/detail/solve_ik__struct.h
[3.912s] -- Installing: /home/shiyuanduan/RapidTile/rapid_tile_ws/install/rt_interfaces/include/rt_interfaces/rt_interfaces/srv/detail/solve_ik__functions.c
[3.912s] -- Installing: /home/shiyuanduan/RapidTile/rapid_tile_ws/install/rt_interfaces/share/rt_interfaces/environment/library_path.sh
[3.912s] -- Installing: /home/shiyuanduan/RapidTile/rapid_tile_ws/install/rt_interfaces/share/rt_interfaces/environment/library_path.dsv
[3.912s] -- Installing: /home/shiyuanduan/RapidTile/rapid_tile_ws/install/rt_interfaces/lib/librt_interfaces__rosidl_generator_c.so
[3.912s] -- Set runtime path of "/home/shiyuanduan/RapidTile/rapid_tile_ws/install/rt_interfaces/lib/librt_interfaces__rosidl_generator_c.so" to ""
[3.912s] -- Up-to-date: /home/shiyuanduan/RapidTile/rapid_tile_ws/install/rt_interfaces/include/rt_interfaces/rt_interfaces
[3.912s] -- Up-to-date: /home/shiyuanduan/RapidTile/rapid_tile_ws/install/rt_interfaces/include/rt_interfaces/rt_interfaces/msg
[3.912s] -- Installing: /home/shiyuanduan/RapidTile/rapid_tile_ws/install/rt_interfaces/include/rt_interfaces/rt_interfaces/msg/rosidl_typesupport_fastrtps_c__visibility_control.h
[3.913s] -- Up-to-date: /home/shiyuanduan/RapidTile/rapid_tile_ws/install/rt_interfaces/include/rt_interfaces/rt_interfaces/srv
[3.913s] -- Up-to-date: /home/shiyuanduan/RapidTile/rapid_tile_ws/install/rt_interfaces/include/rt_interfaces/rt_interfaces/srv/detail
[3.913s] -- Installing: /home/shiyuanduan/RapidTile/rapid_tile_ws/install/rt_interfaces/include/rt_interfaces/rt_interfaces/srv/detail/solve_ik__rosidl_typesupport_fastrtps_c.h
[3.913s] -- Installing: /home/shiyuanduan/RapidTile/rapid_tile_ws/install/rt_interfaces/lib/librt_interfaces__rosidl_typesupport_fastrtps_c.so
[3.913s] -- Set runtime path of "/home/shiyuanduan/RapidTile/rapid_tile_ws/install/rt_interfaces/lib/librt_interfaces__rosidl_typesupport_fastrtps_c.so" to ""
[3.913s] -- Up-to-date: /home/shiyuanduan/RapidTile/rapid_tile_ws/install/rt_interfaces/include/rt_interfaces/rt_interfaces
[3.913s] -- Up-to-date: /home/shiyuanduan/RapidTile/rapid_tile_ws/install/rt_interfaces/include/rt_interfaces/rt_interfaces/msg
[3.913s] -- Installing: /home/shiyuanduan/RapidTile/rapid_tile_ws/install/rt_interfaces/include/rt_interfaces/rt_interfaces/msg/rosidl_typesupport_introspection_c__visibility_control.h
[3.914s] -- Up-to-date: /home/shiyuanduan/RapidTile/rapid_tile_ws/install/rt_interfaces/include/rt_interfaces/rt_interfaces/srv
[3.914s] -- Up-to-date: /home/shiyuanduan/RapidTile/rapid_tile_ws/install/rt_interfaces/include/rt_interfaces/rt_interfaces/srv/detail
[3.914s] -- Installing: /home/shiyuanduan/RapidTile/rapid_tile_ws/install/rt_interfaces/include/rt_interfaces/rt_interfaces/srv/detail/solve_ik__type_support.c
[3.914s] -- Installing: /home/shiyuanduan/RapidTile/rapid_tile_ws/install/rt_interfaces/include/rt_interfaces/rt_interfaces/srv/detail/solve_ik__rosidl_typesupport_introspection_c.h
[3.914s] -- Installing: /home/shiyuanduan/RapidTile/rapid_tile_ws/install/rt_interfaces/lib/librt_interfaces__rosidl_typesupport_introspection_c.so
[3.914s] -- Set runtime path of "/home/shiyuanduan/RapidTile/rapid_tile_ws/install/rt_interfaces/lib/librt_interfaces__rosidl_typesupport_introspection_c.so" to ""
[3.914s] -- Installing: /home/shiyuanduan/RapidTile/rapid_tile_ws/install/rt_interfaces/lib/librt_interfaces__rosidl_typesupport_c.so
[3.914s] -- Set runtime path of "/home/shiyuanduan/RapidTile/rapid_tile_ws/install/rt_interfaces/lib/librt_interfaces__rosidl_typesupport_c.so" to ""
[3.914s] -- Up-to-date: /home/shiyuanduan/RapidTile/rapid_tile_ws/install/rt_interfaces/include/rt_interfaces/rt_interfaces
[3.914s] -- Up-to-date: /home/shiyuanduan/RapidTile/rapid_tile_ws/install/rt_interfaces/include/rt_interfaces/rt_interfaces/srv
[3.915s] -- Up-to-date: /home/shiyuanduan/RapidTile/rapid_tile_ws/install/rt_interfaces/include/rt_interfaces/rt_interfaces/srv/detail
[3.915s] -- Installing: /home/shiyuanduan/RapidTile/rapid_tile_ws/install/rt_interfaces/include/rt_interfaces/rt_interfaces/srv/detail/solve_ik__struct.hpp
[3.915s] -- Installing: /home/shiyuanduan/RapidTile/rapid_tile_ws/install/rt_interfaces/include/rt_interfaces/rt_interfaces/srv/detail/solve_ik__builder.hpp
[3.915s] -- Installing: /home/shiyuanduan/RapidTile/rapid_tile_ws/install/rt_interfaces/include/rt_interfaces/rt_interfaces/srv/detail/solve_ik__traits.hpp
[3.915s] -- Installing: /home/shiyuanduan/RapidTile/rapid_tile_ws/install/rt_interfaces/include/rt_interfaces/rt_interfaces/srv/solve_ik.hpp
[3.915s] -- Up-to-date: /home/shiyuanduan/RapidTile/rapid_tile_ws/install/rt_interfaces/include/rt_interfaces/rt_interfaces
[3.915s] -- Up-to-date: /home/shiyuanduan/RapidTile/rapid_tile_ws/install/rt_interfaces/include/rt_interfaces/rt_interfaces/msg
[3.915s] -- Installing: /home/shiyuanduan/RapidTile/rapid_tile_ws/install/rt_interfaces/include/rt_interfaces/rt_interfaces/msg/rosidl_typesupport_fastrtps_cpp__visibility_control.h
[3.915s] -- Up-to-date: /home/shiyuanduan/RapidTile/rapid_tile_ws/install/rt_interfaces/include/rt_interfaces/rt_interfaces/srv
[3.915s] -- Up-to-date: /home/shiyuanduan/RapidTile/rapid_tile_ws/install/rt_interfaces/include/rt_interfaces/rt_interfaces/srv/detail
[3.915s] -- Installing: /home/shiyuanduan/RapidTile/rapid_tile_ws/install/rt_interfaces/include/rt_interfaces/rt_interfaces/srv/detail/dds_fastrtps
[3.915s] -- Installing: /home/shiyuanduan/RapidTile/rapid_tile_ws/install/rt_interfaces/include/rt_interfaces/rt_interfaces/srv/detail/solve_ik__rosidl_typesupport_fastrtps_cpp.hpp
[3.915s] -- Installing: /home/shiyuanduan/RapidTile/rapid_tile_ws/install/rt_interfaces/lib/librt_interfaces__rosidl_typesupport_fastrtps_cpp.so
[3.915s] -- Set runtime path of "/home/shiyuanduan/RapidTile/rapid_tile_ws/install/rt_interfaces/lib/librt_interfaces__rosidl_typesupport_fastrtps_cpp.so" to ""
[3.916s] -- Up-to-date: /home/shiyuanduan/RapidTile/rapid_tile_ws/install/rt_interfaces/include/rt_interfaces/rt_interfaces
[3.916s] -- Up-to-date: /home/shiyuanduan/RapidTile/rapid_tile_ws/install/rt_interfaces/include/rt_interfaces/rt_interfaces/srv
[3.916s] -- Up-to-date: /home/shiyuanduan/RapidTile/rapid_tile_ws/install/rt_interfaces/include/rt_interfaces/rt_interfaces/srv/detail
[3.916s] -- Installing: /home/shiyuanduan/RapidTile/rapid_tile_ws/install/rt_interfaces/include/rt_interfaces/rt_interfaces/srv/detail/solve_ik__rosidl_typesupport_introspection_cpp.hpp
[3.916s] -- Installing: /home/shiyuanduan/RapidTile/rapid_tile_ws/install/rt_interfaces/include/rt_interfaces/rt_interfaces/srv/detail/solve_ik__type_support.cpp
[3.916s] -- Installing: /home/shiyuanduan/RapidTile/rapid_tile_ws/install/rt_interfaces/lib/librt_interfaces__rosidl_typesupport_introspection_cpp.so
[3.916s] -- Set runtime path of "/home/shiyuanduan/RapidTile/rapid_tile_ws/install/rt_interfaces/lib/librt_interfaces__rosidl_typesupport_introspection_cpp.so" to ""
[3.916s] -- Installing: /home/shiyuanduan/RapidTile/rapid_tile_ws/install/rt_interfaces/lib/librt_interfaces__rosidl_typesupport_cpp.so
[3.916s] -- Set runtime path of "/home/shiyuanduan/RapidTile/rapid_tile_ws/install/rt_interfaces/lib/librt_interfaces__rosidl_typesupport_cpp.so" to ""
[3.916s] -- Installing: /home/shiyuanduan/RapidTile/rapid_tile_ws/install/rt_interfaces/share/rt_interfaces/environment/pythonpath.sh
[3.916s] -- Installing: /home/shiyuanduan/RapidTile/rapid_tile_ws/install/rt_interfaces/share/rt_interfaces/environment/pythonpath.dsv
[3.916s] -- Installing: /home/shiyuanduan/RapidTile/rapid_tile_ws/install/rt_interfaces/local/lib/python3.10/dist-packages/rt_interfaces-0.0.0-py3.10.egg-info
[3.916s] -- Installing: /home/shiyuanduan/RapidTile/rapid_tile_ws/install/rt_interfaces/local/lib/python3.10/dist-packages/rt_interfaces-0.0.0-py3.10.egg-info/SOURCES.txt
[3.916s] -- Installing: /home/shiyuanduan/RapidTile/rapid_tile_ws/install/rt_interfaces/local/lib/python3.10/dist-packages/rt_interfaces-0.0.0-py3.10.egg-info/top_level.txt
[3.917s] -- Installing: /home/shiyuanduan/RapidTile/rapid_tile_ws/install/rt_interfaces/local/lib/python3.10/dist-packages/rt_interfaces-0.0.0-py3.10.egg-info/dependency_links.txt
[3.917s] -- Installing: /home/shiyuanduan/RapidTile/rapid_tile_ws/install/rt_interfaces/local/lib/python3.10/dist-packages/rt_interfaces-0.0.0-py3.10.egg-info/PKG-INFO
[3.917s] -- Installing: /home/shiyuanduan/RapidTile/rapid_tile_ws/install/rt_interfaces/local/lib/python3.10/dist-packages/rt_interfaces
[3.917s] -- Installing: /home/shiyuanduan/RapidTile/rapid_tile_ws/install/rt_interfaces/local/lib/python3.10/dist-packages/rt_interfaces/_rt_interfaces_s.ep.rosidl_typesupport_fastrtps_c.c
[3.917s] -- Installing: /home/shiyuanduan/RapidTile/rapid_tile_ws/install/rt_interfaces/local/lib/python3.10/dist-packages/rt_interfaces/_rt_interfaces_s.ep.rosidl_typesupport_introspection_c.c
[3.917s] -- Installing: /home/shiyuanduan/RapidTile/rapid_tile_ws/install/rt_interfaces/local/lib/python3.10/dist-packages/rt_interfaces/rt_interfaces_s__rosidl_typesupport_c.cpython-310-x86_64-linux-gnu.so
[3.917s] -- Installing: /home/shiyuanduan/RapidTile/rapid_tile_ws/install/rt_interfaces/local/lib/python3.10/dist-packages/rt_interfaces/librt_interfaces__rosidl_generator_py.so
[3.917s] -- Installing: /home/shiyuanduan/RapidTile/rapid_tile_ws/install/rt_interfaces/local/lib/python3.10/dist-packages/rt_interfaces/__init__.py
[3.917s] -- Installing: /home/shiyuanduan/RapidTile/rapid_tile_ws/install/rt_interfaces/local/lib/python3.10/dist-packages/rt_interfaces/rt_interfaces_s__rosidl_typesupport_fastrtps_c.cpython-310-x86_64-linux-gnu.so
[3.917s] -- Installing: /home/shiyuanduan/RapidTile/rapid_tile_ws/install/rt_interfaces/local/lib/python3.10/dist-packages/rt_interfaces/rt_interfaces_s__rosidl_typesupport_introspection_c.cpython-310-x86_64-linux-gnu.so
[3.917s] -- Installing: /home/shiyuanduan/RapidTile/rapid_tile_ws/install/rt_interfaces/local/lib/python3.10/dist-packages/rt_interfaces/srv
[3.917s] -- Installing: /home/shiyuanduan/RapidTile/rapid_tile_ws/install/rt_interfaces/local/lib/python3.10/dist-packages/rt_interfaces/srv/_solve_ik_s.c
[3.917s] -- Installing: /home/shiyuanduan/RapidTile/rapid_tile_ws/install/rt_interfaces/local/lib/python3.10/dist-packages/rt_interfaces/srv/_solve_ik.py
[3.917s] -- Installing: /home/shiyuanduan/RapidTile/rapid_tile_ws/install/rt_interfaces/local/lib/python3.10/dist-packages/rt_interfaces/srv/__init__.py
[3.917s] -- Installing: /home/shiyuanduan/RapidTile/rapid_tile_ws/install/rt_interfaces/local/lib/python3.10/dist-packages/rt_interfaces/_rt_interfaces_s.ep.rosidl_typesupport_c.c
[3.937s] Listing '/home/shiyuanduan/RapidTile/rapid_tile_ws/install/rt_interfaces/local/lib/python3.10/dist-packages/rt_interfaces'...
[3.937s] Compiling '/home/shiyuanduan/RapidTile/rapid_tile_ws/install/rt_interfaces/local/lib/python3.10/dist-packages/rt_interfaces/__init__.py'...
[3.937s] Listing '/home/shiyuanduan/RapidTile/rapid_tile_ws/install/rt_interfaces/local/lib/python3.10/dist-packages/rt_interfaces/srv'...
[3.937s] Compiling '/home/shiyuanduan/RapidTile/rapid_tile_ws/install/rt_interfaces/local/lib/python3.10/dist-packages/rt_interfaces/srv/__init__.py'...
[3.937s] Compiling '/home/shiyuanduan/RapidTile/rapid_tile_ws/install/rt_interfaces/local/lib/python3.10/dist-packages/rt_interfaces/srv/_solve_ik.py'...
[3.940s] -- Installing: /home/shiyuanduan/RapidTile/rapid_tile_ws/install/rt_interfaces/local/lib/python3.10/dist-packages/rt_interfaces/rt_interfaces_s__rosidl_typesupport_fastrtps_c.cpython-310-x86_64-linux-gnu.so
[3.940s] -- Set runtime path of "/home/shiyuanduan/RapidTile/rapid_tile_ws/install/rt_interfaces/local/lib/python3.10/dist-packages/rt_interfaces/rt_interfaces_s__rosidl_typesupport_fastrtps_c.cpython-310-x86_64-linux-gnu.so" to ""
[3.940s] -- Installing: /home/shiyuanduan/RapidTile/rapid_tile_ws/install/rt_interfaces/local/lib/python3.10/dist-packages/rt_interfaces/rt_interfaces_s__rosidl_typesupport_introspection_c.cpython-310-x86_64-linux-gnu.so
[3.941s] -- Set runtime path of "/home/shiyuanduan/RapidTile/rapid_tile_ws/install/rt_interfaces/local/lib/python3.10/dist-packages/rt_interfaces/rt_interfaces_s__rosidl_typesupport_introspection_c.cpython-310-x86_64-linux-gnu.so" to ""
[3.941s] -- Installing: /home/shiyuanduan/RapidTile/rapid_tile_ws/install/rt_interfaces/local/lib/python3.10/dist-packages/rt_interfaces/rt_interfaces_s__rosidl_typesupport_c.cpython-310-x86_64-linux-gnu.so
[3.941s] -- Set runtime path of "/home/shiyuanduan/RapidTile/rapid_tile_ws/install/rt_interfaces/local/lib/python3.10/dist-packages/rt_interfaces/rt_interfaces_s__rosidl_typesupport_c.cpython-310-x86_64-linux-gnu.so" to ""
[3.941s] -- Installing: /home/shiyuanduan/RapidTile/rapid_tile_ws/install/rt_interfaces/lib/librt_interfaces__rosidl_generator_py.so
[3.941s] -- Set runtime path of "/home/shiyuanduan/RapidTile/rapid_tile_ws/install/rt_interfaces/lib/librt_interfaces__rosidl_generator_py.so" to ""
[3.941s] -- Installing: /home/shiyuanduan/RapidTile/rapid_tile_ws/install/rt_interfaces/share/rt_interfaces/srv/SolveIK.idl
[3.942s] -- Installing: /home/shiyuanduan/RapidTile/rapid_tile_ws/install/rt_interfaces/share/rt_interfaces/srv/SolveIK.srv
[3.942s] -- Installing: /home/shiyuanduan/RapidTile/rapid_tile_ws/install/rt_interfaces/share/rt_interfaces/srv/SolveIK_Request.msg
[3.942s] -- Installing: /home/shiyuanduan/RapidTile/rapid_tile_ws/install/rt_interfaces/share/rt_interfaces/srv/SolveIK_Response.msg
[3.942s] -- Installing: /home/shiyuanduan/RapidTile/rapid_tile_ws/install/rt_interfaces/share/ament_index/resource_index/package_run_dependencies/rt_interfaces
[3.942s] -- Installing: /home/shiyuanduan/RapidTile/rapid_tile_ws/install/rt_interfaces/share/ament_index/resource_index/parent_prefix_path/rt_interfaces
[3.942s] -- Installing: /home/shiyuanduan/RapidTile/rapid_tile_ws/install/rt_interfaces/share/rt_interfaces/environment/ament_prefix_path.sh
[3.942s] -- Installing: /home/shiyuanduan/RapidTile/rapid_tile_ws/install/rt_interfaces/share/rt_interfaces/environment/ament_prefix_path.dsv
[3.942s] -- Installing: /home/shiyuanduan/RapidTile/rapid_tile_ws/install/rt_interfaces/share/rt_interfaces/environment/path.sh
[3.942s] -- Installing: /home/shiyuanduan/RapidTile/rapid_tile_ws/install/rt_interfaces/share/rt_interfaces/environment/path.dsv
[3.943s] -- Installing: /home/shiyuanduan/RapidTile/rapid_tile_ws/install/rt_interfaces/share/rt_interfaces/local_setup.bash
[3.943s] -- Installing: /home/shiyuanduan/RapidTile/rapid_tile_ws/install/rt_interfaces/share/rt_interfaces/local_setup.sh
[3.943s] -- Installing: /home/shiyuanduan/RapidTile/rapid_tile_ws/install/rt_interfaces/share/rt_interfaces/local_setup.zsh
[3.943s] -- Installing: /home/shiyuanduan/RapidTile/rapid_tile_ws/install/rt_interfaces/share/rt_interfaces/local_setup.dsv
[3.943s] -- Installing: /home/shiyuanduan/RapidTile/rapid_tile_ws/install/rt_interfaces/share/rt_interfaces/package.dsv
[3.943s] -- Installing: /home/shiyuanduan/RapidTile/rapid_tile_ws/install/rt_interfaces/share/ament_index/resource_index/packages/rt_interfaces
[3.943s] -- Installing: /home/shiyuanduan/RapidTile/rapid_tile_ws/install/rt_interfaces/share/rt_interfaces/cmake/export_rt_interfaces__rosidl_generator_cExport.cmake
[3.943s] -- Installing: /home/shiyuanduan/RapidTile/rapid_tile_ws/install/rt_interfaces/share/rt_interfaces/cmake/export_rt_interfaces__rosidl_generator_cExport-noconfig.cmake
[3.944s] -- Installing: /home/shiyuanduan/RapidTile/rapid_tile_ws/install/rt_interfaces/share/rt_interfaces/cmake/export_rt_interfaces__rosidl_typesupport_fastrtps_cExport.cmake
[3.944s] -- Installing: /home/shiyuanduan/RapidTile/rapid_tile_ws/install/rt_interfaces/share/rt_interfaces/cmake/export_rt_interfaces__rosidl_typesupport_fastrtps_cExport-noconfig.cmake
[3.944s] -- Installing: /home/shiyuanduan/RapidTile/rapid_tile_ws/install/rt_interfaces/share/rt_interfaces/cmake/rt_interfaces__rosidl_typesupport_introspection_cExport.cmake
[3.944s] -- Installing: /home/shiyuanduan/RapidTile/rapid_tile_ws/install/rt_interfaces/share/rt_interfaces/cmake/rt_interfaces__rosidl_typesupport_introspection_cExport-noconfig.cmake
[3.944s] -- Installing: /home/shiyuanduan/RapidTile/rapid_tile_ws/install/rt_interfaces/share/rt_interfaces/cmake/rt_interfaces__rosidl_typesupport_cExport.cmake
[3.944s] -- Installing: /home/shiyuanduan/RapidTile/rapid_tile_ws/install/rt_interfaces/share/rt_interfaces/cmake/rt_interfaces__rosidl_typesupport_cExport-noconfig.cmake
[3.944s] -- Installing: /home/shiyuanduan/RapidTile/rapid_tile_ws/install/rt_interfaces/share/rt_interfaces/cmake/export_rt_interfaces__rosidl_generator_cppExport.cmake
[3.944s] -- Installing: /home/shiyuanduan/RapidTile/rapid_tile_ws/install/rt_interfaces/share/rt_interfaces/cmake/export_rt_interfaces__rosidl_typesupport_fastrtps_cppExport.cmake
[3.945s] -- Installing: /home/shiyuanduan/RapidTile/rapid_tile_ws/install/rt_interfaces/share/rt_interfaces/cmake/export_rt_interfaces__rosidl_typesupport_fastrtps_cppExport-noconfig.cmake
[3.945s] -- Installing: /home/shiyuanduan/RapidTile/rapid_tile_ws/install/rt_interfaces/share/rt_interfaces/cmake/rt_interfaces__rosidl_typesupport_introspection_cppExport.cmake
[3.945s] -- Installing: /home/shiyuanduan/RapidTile/rapid_tile_ws/install/rt_interfaces/share/rt_interfaces/cmake/rt_interfaces__rosidl_typesupport_introspection_cppExport-noconfig.cmake
[3.945s] -- Installing: /home/shiyuanduan/RapidTile/rapid_tile_ws/install/rt_interfaces/share/rt_interfaces/cmake/rt_interfaces__rosidl_typesupport_cppExport.cmake
[3.945s] -- Installing: /home/shiyuanduan/RapidTile/rapid_tile_ws/install/rt_interfaces/share/rt_interfaces/cmake/rt_interfaces__rosidl_typesupport_cppExport-noconfig.cmake
[3.945s] -- Installing: /home/shiyuanduan/RapidTile/rapid_tile_ws/install/rt_interfaces/share/rt_interfaces/cmake/export_rt_interfaces__rosidl_generator_pyExport.cmake
[3.945s] -- Installing: /home/shiyuanduan/RapidTile/rapid_tile_ws/install/rt_interfaces/share/rt_interfaces/cmake/export_rt_interfaces__rosidl_generator_pyExport-noconfig.cmake
[3.945s] -- Installing: /home/shiyuanduan/RapidTile/rapid_tile_ws/install/rt_interfaces/share/rt_interfaces/cmake/rosidl_cmake-extras.cmake
[3.945s] -- Installing: /home/shiyuanduan/RapidTile/rapid_tile_ws/install/rt_interfaces/share/rt_interfaces/cmake/ament_cmake_export_include_directories-extras.cmake
[3.945s] -- Installing: /home/shiyuanduan/RapidTile/rapid_tile_ws/install/rt_interfaces/share/rt_interfaces/cmake/ament_cmake_export_libraries-extras.cmake
[3.945s] -- Installing: /home/shiyuanduan/RapidTile/rapid_tile_ws/install/rt_interfaces/share/rt_interfaces/cmake/ament_cmake_export_targets-extras.cmake
[3.945s] -- Installing: /home/shiyuanduan/RapidTile/rapid_tile_ws/install/rt_interfaces/share/rt_interfaces/cmake/rosidl_cmake_export_typesupport_targets-extras.cmake
[3.945s] -- Installing: /home/shiyuanduan/RapidTile/rapid_tile_ws/install/rt_interfaces/share/rt_interfaces/cmake/ament_cmake_export_dependencies-extras.cmake
[3.945s] -- Installing: /home/shiyuanduan/RapidTile/rapid_tile_ws/install/rt_interfaces/share/rt_interfaces/cmake/rosidl_cmake_export_typesupport_libraries-extras.cmake
[3.946s] -- Installing: /home/shiyuanduan/RapidTile/rapid_tile_ws/install/rt_interfaces/share/rt_interfaces/cmake/rt_interfacesConfig.cmake
[3.946s] -- Installing: /home/shiyuanduan/RapidTile/rapid_tile_ws/install/rt_interfaces/share/rt_interfaces/cmake/rt_interfacesConfig-version.cmake
[3.946s] -- Installing: /home/shiyuanduan/RapidTile/rapid_tile_ws/install/rt_interfaces/share/rt_interfaces/package.xml
[3.948s] Invoked command in '/home/shiyuanduan/RapidTile/rapid_tile_ws/build/rt_interfaces' returned '0': CMAKE_PREFIX_PATH=${CMAKE_PREFIX_PATH}:/opt/ros/humble /usr/bin/cmake --install /home/shiyuanduan/RapidTile/rapid_tile_ws/build/rt_interfaces
