running egg_info
writing ../../build/arm_ctrl/arm_ctrl.egg-info/PKG-INFO
writing dependency_links to ../../build/arm_ctrl/arm_ctrl.egg-info/dependency_links.txt
writing entry points to ../../build/arm_ctrl/arm_ctrl.egg-info/entry_points.txt
writing requirements to ../../build/arm_ctrl/arm_ctrl.egg-info/requires.txt
writing top-level names to ../../build/arm_ctrl/arm_ctrl.egg-info/top_level.txt
reading manifest file '../../build/arm_ctrl/arm_ctrl.egg-info/SOURCES.txt'
writing manifest file '../../build/arm_ctrl/arm_ctrl.egg-info/SOURCES.txt'
running build
running build_py
copying arm_ctrl/arrow_key_ctrl.py -> /home/shiyuanduan/RapidTile/rapid_tile_ws/build/arm_ctrl/build/lib/arm_ctrl
running install
/usr/lib/python3/dist-packages/setuptools/command/install.py:34: SetuptoolsDeprecationWarning: setup.py install is deprecated. Use build and pip and other standards-based tools.
  warnings.warn(
running install_lib
copying /home/shiyuanduan/RapidTile/rapid_tile_ws/build/arm_ctrl/build/lib/arm_ctrl/arrow_key_ctrl.py -> /home/shiyuanduan/RapidTile/rapid_tile_ws/install/arm_ctrl/lib/python3.10/site-packages/arm_ctrl
byte-compiling /home/shiyuanduan/RapidTile/rapid_tile_ws/install/arm_ctrl/lib/python3.10/site-packages/arm_ctrl/arrow_key_ctrl.py to arrow_key_ctrl.cpython-310.pyc
running install_data
running install_egg_info
removing '/home/shiyuanduan/RapidTile/rapid_tile_ws/install/arm_ctrl/lib/python3.10/site-packages/arm_ctrl-0.0.0-py3.10.egg-info' (and everything under it)
Copying ../../build/arm_ctrl/arm_ctrl.egg-info to /home/shiyuanduan/RapidTile/rapid_tile_ws/install/arm_ctrl/lib/python3.10/site-packages/arm_ctrl-0.0.0-py3.10.egg-info
running install_scripts
Installing arrow_key_ctrl script to /home/shiyuanduan/RapidTile/rapid_tile_ws/install/arm_ctrl/lib/arm_ctrl
writing list of installed files to '/home/shiyuanduan/RapidTile/rapid_tile_ws/build/arm_ctrl/install.log'
