[0.015s] Invoking command in '/home/shiyuanduan/RapidTile/rapid_tile_ws/build/rt_interfaces': CMAKE_PREFIX_PATH=${CMAKE_PREFIX_PATH}:/opt/ros/humble /usr/bin/cmake --build /home/shiyuanduan/RapidTile/rapid_tile_ws/build/rt_interfaces -- -j16 -l16
[0.053s] [  3%] Built target rt_interfaces__cpp
[0.054s] [ 12%] Built target rt_interfaces__rosidl_generator_c
[0.061s] [ 12%] Built target ament_cmake_python_copy_rt_interfaces
[0.068s] [ 22%] Built target rt_interfaces__rosidl_typesupport_introspection_cpp
[0.068s] [ 32%] Built target rt_interfaces__rosidl_typesupport_fastrtps_cpp
[0.070s] [ 41%] Built target rt_interfaces__rosidl_typesupport_fastrtps_c
[0.070s] [ 51%] Built target rt_interfaces__rosidl_typesupport_cpp
[0.070s] [ 61%] Built target rt_interfaces__rosidl_typesupport_introspection_c
[0.070s] [ 70%] Built target rt_interfaces__rosidl_typesupport_c
[0.084s] [ 70%] Built target rt_interfaces
[0.097s] [ 74%] Built target rt_interfaces__py
[0.113s] [ 80%] Built target rt_interfaces__rosidl_generator_py
[0.127s] [ 87%] Built target rt_interfaces__rosidl_typesupport_fastrtps_c__pyext
[0.129s] [ 93%] Built target rt_interfaces__rosidl_typesupport_c__pyext
[0.130s] [100%] Built target rt_interfaces__rosidl_typesupport_introspection_c__pyext
[0.245s] running egg_info
[0.246s] writing rt_interfaces.egg-info/PKG-INFO
[0.246s] writing dependency_links to rt_interfaces.egg-info/dependency_links.txt
[0.246s] writing top-level names to rt_interfaces.egg-info/top_level.txt
[0.247s] reading manifest file 'rt_interfaces.egg-info/SOURCES.txt'
[0.248s] writing manifest file 'rt_interfaces.egg-info/SOURCES.txt'
[0.262s] [100%] Built target ament_cmake_python_build_rt_interfaces_egg
