[35m[1mConsolidate compiler generated dependencies of target IKServer[0m
[ 50%] [32mBuilding CXX object CMakeFiles/IKServer.dir/src/SolveIK.cpp.o[0m
[01m[K/home/shiyuanduan/RapidTile/rapid_tile_ws/src/kinematics_utils/src/SolveIK.cpp:29:52:[m[K [01;35m[Kwarning: [m[Kmulti-character character constant [[01;35m[K]8;;https://gcc.gnu.org/onlinedocs/gcc/Warning-Options.html#index-Wmultichar-Wmultichar]8;;[m[K]
   29 |         std::cout << "Destination " << x_target << [01;35m[K', '[m[K << y_target << ', ' << z_target << ' is not reachable'<<std::endl;
      |                                                    [01;35m[K^~~~[m[K
[01m[K/home/shiyuanduan/RapidTile/rapid_tile_ws/src/kinematics_utils/src/SolveIK.cpp:29:72:[m[K [01;35m[Kwarning: [m[Kmulti-character character constant [[01;35m[K]8;;https://gcc.gnu.org/onlinedocs/gcc/Warning-Options.html#index-Wmultichar-Wmultichar]8;;[m[K]
   29 |         std::cout << "Destination " << x_target << ', ' << y_target << [01;35m[K', '[m[K << z_target << ' is not reachable'<<std::endl;
      |                                                                        [01;35m[K^~~~[m[K
[01m[K/home/shiyuanduan/RapidTile/rapid_tile_ws/src/kinematics_utils/src/SolveIK.cpp:29:92:[m[K [01;35m[Kwarning: [m[Kcharacter constant too long for its type
   29 |         std::cout << "Destination " << x_target << ', ' << y_target << ', ' << z_target << [01;35m[K' is not reachable'[m[K<<std::endl;
      |                                                                                            [01;35m[K^~~~~~~~~~~~~~~~~~~[m[K
[100%] [32m[1mLinking CXX executable IKServer[0m
[100%] Built target IKServer
-- Install configuration: ""
-- Installing: /home/shiyuanduan/RapidTile/rapid_tile_ws/install/kinematics_utils/lib/kinematics_utils/IKServer
-- Set runtime path of "/home/shiyuanduan/RapidTile/rapid_tile_ws/install/kinematics_utils/lib/kinematics_utils/IKServer" to ""
-- Up-to-date: /home/shiyuanduan/RapidTile/rapid_tile_ws/install/kinematics_utils/share/ament_index/resource_index/package_run_dependencies/kinematics_utils
-- Up-to-date: /home/shiyuanduan/RapidTile/rapid_tile_ws/install/kinematics_utils/share/ament_index/resource_index/parent_prefix_path/kinematics_utils
-- Up-to-date: /home/shiyuanduan/RapidTile/rapid_tile_ws/install/kinematics_utils/share/kinematics_utils/environment/ament_prefix_path.sh
-- Up-to-date: /home/shiyuanduan/RapidTile/rapid_tile_ws/install/kinematics_utils/share/kinematics_utils/environment/ament_prefix_path.dsv
-- Up-to-date: /home/shiyuanduan/RapidTile/rapid_tile_ws/install/kinematics_utils/share/kinematics_utils/environment/path.sh
-- Up-to-date: /home/shiyuanduan/RapidTile/rapid_tile_ws/install/kinematics_utils/share/kinematics_utils/environment/path.dsv
-- Up-to-date: /home/shiyuanduan/RapidTile/rapid_tile_ws/install/kinematics_utils/share/kinematics_utils/local_setup.bash
-- Up-to-date: /home/shiyuanduan/RapidTile/rapid_tile_ws/install/kinematics_utils/share/kinematics_utils/local_setup.sh
-- Up-to-date: /home/shiyuanduan/RapidTile/rapid_tile_ws/install/kinematics_utils/share/kinematics_utils/local_setup.zsh
-- Up-to-date: /home/shiyuanduan/RapidTile/rapid_tile_ws/install/kinematics_utils/share/kinematics_utils/local_setup.dsv
-- Installing: /home/shiyuanduan/RapidTile/rapid_tile_ws/install/kinematics_utils/share/kinematics_utils/package.dsv
-- Up-to-date: /home/shiyuanduan/RapidTile/rapid_tile_ws/install/kinematics_utils/share/ament_index/resource_index/packages/kinematics_utils
-- Up-to-date: /home/shiyuanduan/RapidTile/rapid_tile_ws/install/kinematics_utils/share/kinematics_utils/cmake/kinematics_utilsConfig.cmake
-- Up-to-date: /home/shiyuanduan/RapidTile/rapid_tile_ws/install/kinematics_utils/share/kinematics_utils/cmake/kinematics_utilsConfig-version.cmake
-- Up-to-date: /home/shiyuanduan/RapidTile/rapid_tile_ws/install/kinematics_utils/share/kinematics_utils/package.xml
