[0.351s] DEBUG:colcon:Command line arguments: ['/usr/bin/colcon', 'build']
[0.352s] DEBUG:colcon:Parsed command line arguments: Namespace(log_base=None, log_level=None, verb_name='build', build_base='build', install_base='install', merge_install=False, symlink_install=False, test_result_base=None, continue_on_error=False, executor='sequential', event_handlers=None, base_paths=['.'], paths=None, cmake_args=None, cmake_target=None, cmake_target_skip_unavailable=False, cmake_clean_cache=False, cmake_clean_first=False, cmake_force_configure=False, ament_cmake_args=None, catkin_cmake_args=None, catkin_skip_building_tests=False, verb_parser=CustomArgumentParser(prog='colcon build', usage=None, description='Build a set of packages.', formatter_class=<class 'colcon_core.command.CustomFormatter'>, conflict_handler='error', add_help=True), verb_extension=<colcon_core.verb.build.BuildVerb object at 0x7fb8a55efac0>, main=<bound method BuildVerb.main of <colcon_core.verb.build.BuildVerb object at 0x7fb8a55efac0>>)
[0.410s] Level 1:colcon.colcon_core.package_discovery:discover_packages(recursive) check parameters
[0.410s] Level 1:colcon.colcon_core.package_discovery:discover_packages(path) check parameters
[0.410s] Level 1:colcon.colcon_core.package_discovery:discover_packages(recursive) discover
[0.410s] INFO:colcon.colcon_core.package_discovery:Crawling recursively for packages in '/home/shiyuan/bald_dolphin_ws'
[0.410s] Level 1:colcon.colcon_core.package_identification:_identify(.) by extensions ['ignore', 'ignore_ament_install']
[0.410s] Level 1:colcon.colcon_core.package_identification:_identify(.) by extension 'ignore'
[0.410s] Level 1:colcon.colcon_core.package_identification:_identify(.) by extension 'ignore_ament_install'
[0.410s] Level 1:colcon.colcon_core.package_identification:_identify(.) by extensions ['ros']
[0.410s] Level 1:colcon.colcon_core.package_identification:_identify(.) by extension 'ros'
[0.434s] Level 1:colcon.colcon_core.package_identification:_identify(.) by extensions ['cmake', 'python']
[0.434s] Level 1:colcon.colcon_core.package_identification:_identify(.) by extension 'cmake'
[0.434s] Level 1:colcon.colcon_core.package_identification:_identify(.) by extension 'python'
[0.434s] Level 1:colcon.colcon_core.package_identification:_identify(.) by extensions ['python_setup_py']
[0.434s] Level 1:colcon.colcon_core.package_identification:_identify(.) by extension 'python_setup_py'
[0.434s] Level 1:colcon.colcon_core.package_identification:_identify(build) by extensions ['ignore', 'ignore_ament_install']
[0.435s] Level 1:colcon.colcon_core.package_identification:_identify(build) by extension 'ignore'
[0.435s] Level 1:colcon.colcon_core.package_identification:_identify(build) ignored
[0.435s] Level 1:colcon.colcon_core.package_identification:_identify(install) by extensions ['ignore', 'ignore_ament_install']
[0.435s] Level 1:colcon.colcon_core.package_identification:_identify(install) by extension 'ignore'
[0.435s] Level 1:colcon.colcon_core.package_identification:_identify(install) ignored
[0.435s] Level 1:colcon.colcon_core.package_identification:_identify(log) by extensions ['ignore', 'ignore_ament_install']
[0.435s] Level 1:colcon.colcon_core.package_identification:_identify(log) by extension 'ignore'
[0.435s] Level 1:colcon.colcon_core.package_identification:_identify(log) ignored
[0.435s] Level 1:colcon.colcon_core.package_identification:_identify(src) by extensions ['ignore', 'ignore_ament_install']
[0.435s] Level 1:colcon.colcon_core.package_identification:_identify(src) by extension 'ignore'
[0.435s] Level 1:colcon.colcon_core.package_identification:_identify(src) by extension 'ignore_ament_install'
[0.435s] Level 1:colcon.colcon_core.package_identification:_identify(src) by extensions ['ros']
[0.435s] Level 1:colcon.colcon_core.package_identification:_identify(src) by extension 'ros'
[0.436s] Level 1:colcon.colcon_core.package_identification:_identify(src) by extensions ['cmake', 'python']
[0.436s] Level 1:colcon.colcon_core.package_identification:_identify(src) by extension 'cmake'
[0.436s] Level 1:colcon.colcon_core.package_identification:_identify(src) by extension 'python'
[0.436s] Level 1:colcon.colcon_core.package_identification:_identify(src) by extensions ['python_setup_py']
[0.436s] Level 1:colcon.colcon_core.package_identification:_identify(src) by extension 'python_setup_py'
[0.436s] Level 1:colcon.colcon_core.package_identification:_identify(src/arm_ctrl) by extensions ['ignore', 'ignore_ament_install']
[0.436s] Level 1:colcon.colcon_core.package_identification:_identify(src/arm_ctrl) by extension 'ignore'
[0.436s] Level 1:colcon.colcon_core.package_identification:_identify(src/arm_ctrl) by extension 'ignore_ament_install'
[0.436s] Level 1:colcon.colcon_core.package_identification:_identify(src/arm_ctrl) by extensions ['ros']
[0.436s] Level 1:colcon.colcon_core.package_identification:_identify(src/arm_ctrl) by extension 'ros'
[0.440s] DEBUG:colcon.colcon_core.package_identification:Package 'src/arm_ctrl' with type 'ros.ament_python' and name 'arm_ctrl'
[0.440s] Level 1:colcon.colcon_core.package_identification:_identify(src/kinematic_utils) by extensions ['ignore', 'ignore_ament_install']
[0.440s] Level 1:colcon.colcon_core.package_identification:_identify(src/kinematic_utils) by extension 'ignore'
[0.440s] Level 1:colcon.colcon_core.package_identification:_identify(src/kinematic_utils) by extension 'ignore_ament_install'
[0.440s] Level 1:colcon.colcon_core.package_identification:_identify(src/kinematic_utils) by extensions ['ros']
[0.441s] Level 1:colcon.colcon_core.package_identification:_identify(src/kinematic_utils) by extension 'ros'
[0.441s] DEBUG:colcon.colcon_core.package_identification:Package 'src/kinematic_utils' with type 'ros.ament_cmake' and name 'kinematic_utils'
[0.441s] Level 1:colcon.colcon_core.package_discovery:discover_packages(recursive) using defaults
[0.441s] Level 1:colcon.colcon_core.package_discovery:discover_packages(path) discover
[0.441s] Level 1:colcon.colcon_core.package_discovery:discover_packages(path) using defaults
[0.478s] Level 5:colcon.colcon_core.verb:set package 'arm_ctrl' build argument 'cmake_args' from command line to 'None'
[0.478s] Level 5:colcon.colcon_core.verb:set package 'arm_ctrl' build argument 'cmake_target' from command line to 'None'
[0.478s] Level 5:colcon.colcon_core.verb:set package 'arm_ctrl' build argument 'cmake_target_skip_unavailable' from command line to 'False'
[0.478s] Level 5:colcon.colcon_core.verb:set package 'arm_ctrl' build argument 'cmake_clean_cache' from command line to 'False'
[0.478s] Level 5:colcon.colcon_core.verb:set package 'arm_ctrl' build argument 'cmake_clean_first' from command line to 'False'
[0.478s] Level 5:colcon.colcon_core.verb:set package 'arm_ctrl' build argument 'cmake_force_configure' from command line to 'False'
[0.478s] Level 5:colcon.colcon_core.verb:set package 'arm_ctrl' build argument 'ament_cmake_args' from command line to 'None'
[0.478s] Level 5:colcon.colcon_core.verb:set package 'arm_ctrl' build argument 'catkin_cmake_args' from command line to 'None'
[0.478s] Level 5:colcon.colcon_core.verb:set package 'arm_ctrl' build argument 'catkin_skip_building_tests' from command line to 'False'
[0.478s] DEBUG:colcon.colcon_core.verb:Building package 'arm_ctrl' with the following arguments: {'ament_cmake_args': None, 'build_base': '/home/shiyuan/bald_dolphin_ws/build/arm_ctrl', 'catkin_cmake_args': None, 'catkin_skip_building_tests': False, 'cmake_args': None, 'cmake_clean_cache': False, 'cmake_clean_first': False, 'cmake_force_configure': False, 'cmake_target': None, 'cmake_target_skip_unavailable': False, 'install_base': '/home/shiyuan/bald_dolphin_ws/install/arm_ctrl', 'merge_install': False, 'path': '/home/shiyuan/bald_dolphin_ws/src/arm_ctrl', 'symlink_install': False, 'test_result_base': None}
[0.479s] Level 5:colcon.colcon_core.verb:set package 'kinematic_utils' build argument 'cmake_args' from command line to 'None'
[0.479s] Level 5:colcon.colcon_core.verb:set package 'kinematic_utils' build argument 'cmake_target' from command line to 'None'
[0.479s] Level 5:colcon.colcon_core.verb:set package 'kinematic_utils' build argument 'cmake_target_skip_unavailable' from command line to 'False'
[0.479s] Level 5:colcon.colcon_core.verb:set package 'kinematic_utils' build argument 'cmake_clean_cache' from command line to 'False'
[0.479s] Level 5:colcon.colcon_core.verb:set package 'kinematic_utils' build argument 'cmake_clean_first' from command line to 'False'
[0.479s] Level 5:colcon.colcon_core.verb:set package 'kinematic_utils' build argument 'cmake_force_configure' from command line to 'False'
[0.479s] Level 5:colcon.colcon_core.verb:set package 'kinematic_utils' build argument 'ament_cmake_args' from command line to 'None'
[0.479s] Level 5:colcon.colcon_core.verb:set package 'kinematic_utils' build argument 'catkin_cmake_args' from command line to 'None'
[0.479s] Level 5:colcon.colcon_core.verb:set package 'kinematic_utils' build argument 'catkin_skip_building_tests' from command line to 'False'
[0.479s] DEBUG:colcon.colcon_core.verb:Building package 'kinematic_utils' with the following arguments: {'ament_cmake_args': None, 'build_base': '/home/shiyuan/bald_dolphin_ws/build/kinematic_utils', 'catkin_cmake_args': None, 'catkin_skip_building_tests': False, 'cmake_args': None, 'cmake_clean_cache': False, 'cmake_clean_first': False, 'cmake_force_configure': False, 'cmake_target': None, 'cmake_target_skip_unavailable': False, 'install_base': '/home/shiyuan/bald_dolphin_ws/install/kinematic_utils', 'merge_install': False, 'path': '/home/shiyuan/bald_dolphin_ws/src/kinematic_utils', 'symlink_install': False, 'test_result_base': None}
[0.480s] INFO:colcon.colcon_core.executor:Executing jobs using 'sequential' executor
[0.481s] DEBUG:colcon.colcon_core.executor.sequential:run_until_complete 'arm_ctrl'
[0.481s] INFO:colcon.colcon_ros.task.ament_python.build:Building ROS package in '/home/shiyuan/bald_dolphin_ws/src/arm_ctrl' with build type 'ament_python'
[0.481s] Level 1:colcon.colcon_core.shell:create_environment_hook('arm_ctrl', 'ament_prefix_path')
[0.484s] INFO:colcon.colcon_core.plugin_system:Skipping extension 'colcon_core.shell.bat': Not used on non-Windows systems
[0.484s] INFO:colcon.colcon_core.shell:Creating environment descriptor '/home/shiyuan/bald_dolphin_ws/install/arm_ctrl/share/arm_ctrl/hook/ament_prefix_path.dsv'
[0.485s] INFO:colcon.colcon_core.shell:Creating environment hook '/home/shiyuan/bald_dolphin_ws/install/arm_ctrl/share/arm_ctrl/hook/ament_prefix_path.sh'
[0.487s] DEBUG:colcon.colcon_core.shell:Skip shell extension 'dsv' for command environment
[0.708s] INFO:colcon.colcon_core.task.python.build:Building Python package in '/home/shiyuan/bald_dolphin_ws/src/arm_ctrl'
[0.709s] DEBUG:colcon.colcon_core.shell:Skip shell extension 'dsv' for command environment
[1.038s] DEBUG:colcon.colcon_core.event_handler.log_command:Invoking command in '/home/shiyuan/bald_dolphin_ws/src/arm_ctrl': PYTHONPATH=/home/shiyuan/bald_dolphin_ws/build/arm_ctrl/prefix_override:/home/shiyuan/bald_dolphin_ws/install/arm_ctrl/lib/python3.10/site-packages:${PYTHONPATH} WSLENV=ELECTRON_RUN_AS_NODE/w: /usr/bin/python3 setup.py egg_info --egg-base ../../build/arm_ctrl build --build-base /home/shiyuan/bald_dolphin_ws/build/arm_ctrl/build install --record /home/shiyuan/bald_dolphin_ws/build/arm_ctrl/install.log --single-version-externally-managed
[1.243s] DEBUG:colcon.colcon_core.event_handler.log_command:Invoked command in '/home/shiyuan/bald_dolphin_ws/src/arm_ctrl' returned '0': PYTHONPATH=/home/shiyuan/bald_dolphin_ws/build/arm_ctrl/prefix_override:/home/shiyuan/bald_dolphin_ws/install/arm_ctrl/lib/python3.10/site-packages:${PYTHONPATH} WSLENV=ELECTRON_RUN_AS_NODE/w: /usr/bin/python3 setup.py egg_info --egg-base ../../build/arm_ctrl build --build-base /home/shiyuan/bald_dolphin_ws/build/arm_ctrl/build install --record /home/shiyuan/bald_dolphin_ws/build/arm_ctrl/install.log --single-version-externally-managed
[1.254s] Level 1:colcon.colcon_core.environment:checking '/home/shiyuan/bald_dolphin_ws/install/arm_ctrl' for CMake module files
[1.254s] Level 1:colcon.colcon_core.environment:checking '/home/shiyuan/bald_dolphin_ws/install/arm_ctrl' for CMake config files
[1.255s] Level 1:colcon.colcon_core.environment:checking '/home/shiyuan/bald_dolphin_ws/install/arm_ctrl/lib'
[1.255s] Level 1:colcon.colcon_core.environment:checking '/home/shiyuan/bald_dolphin_ws/install/arm_ctrl/bin'
[1.255s] Level 1:colcon.colcon_core.environment:checking '/home/shiyuan/bald_dolphin_ws/install/arm_ctrl/lib/pkgconfig/arm_ctrl.pc'
[1.255s] Level 1:colcon.colcon_core.environment:checking '/home/shiyuan/bald_dolphin_ws/install/arm_ctrl/lib/python3.10/site-packages'
[1.255s] Level 1:colcon.colcon_core.shell:create_environment_hook('arm_ctrl', 'pythonpath')
[1.256s] INFO:colcon.colcon_core.shell:Creating environment descriptor '/home/shiyuan/bald_dolphin_ws/install/arm_ctrl/share/arm_ctrl/hook/pythonpath.dsv'
[1.256s] INFO:colcon.colcon_core.shell:Creating environment hook '/home/shiyuan/bald_dolphin_ws/install/arm_ctrl/share/arm_ctrl/hook/pythonpath.sh'
[1.256s] Level 1:colcon.colcon_core.environment:checking '/home/shiyuan/bald_dolphin_ws/install/arm_ctrl/bin'
[1.257s] Level 1:colcon.colcon_core.environment:create_environment_scripts_only(arm_ctrl)
[1.257s] INFO:colcon.colcon_core.shell:Creating package descriptor '/home/shiyuan/bald_dolphin_ws/install/arm_ctrl/share/arm_ctrl/package.dsv'
[1.258s] INFO:colcon.colcon_core.shell:Creating package script '/home/shiyuan/bald_dolphin_ws/install/arm_ctrl/share/arm_ctrl/package.sh'
[1.258s] Level 1:colcon.colcon_core.environment:create_file_with_runtime_dependencies(/home/shiyuan/bald_dolphin_ws/install/arm_ctrl/share/colcon-core/packages/arm_ctrl)
[1.259s] DEBUG:colcon.colcon_core.executor.sequential:run_until_complete 'arm_ctrl' finished with '0'
[1.259s] DEBUG:colcon.colcon_core.executor.sequential:run_until_complete 'kinematic_utils'
[1.259s] INFO:colcon.colcon_ros.task.ament_cmake.build:Building ROS package in '/home/shiyuan/bald_dolphin_ws/src/kinematic_utils' with build type 'ament_cmake'
[1.259s] INFO:colcon.colcon_cmake.task.cmake.build:Building CMake package in '/home/shiyuan/bald_dolphin_ws/src/kinematic_utils'
[1.260s] DEBUG:colcon.colcon_core.shell:Skip shell extension 'dsv' for command environment
[1.266s] DEBUG:colcon.colcon_core.event_handler.log_command:Invoking command in '/home/shiyuan/bald_dolphin_ws/build/kinematic_utils': CMAKE_PREFIX_PATH=${CMAKE_PREFIX_PATH}:/home/shiyuan/dev_ws/install/learning_urdf:/home/shiyuan/dev_ws/install/learning_topic:/home/shiyuan/dev_ws/install/learning_tf:/home/shiyuan/dev_ws/install/learning_service:/home/shiyuan/dev_ws/install/learning_qos:/home/shiyuan/dev_ws/install/learning_pkg_python:/home/shiyuan/dev_ws/install/learning_parameter:/home/shiyuan/dev_ws/install/learning_node:/home/shiyuan/dev_ws/install/learning_launch:/home/shiyuan/dev_ws/install/learning_action:/home/shiyuan/dev_ws/install/learning_gazebo:/opt/ros/humble WSLENV=ELECTRON_RUN_AS_NODE/w: /usr/bin/cmake /home/shiyuan/bald_dolphin_ws/src/kinematic_utils -DCMAKE_INSTALL_PREFIX=/home/shiyuan/bald_dolphin_ws/install/kinematic_utils
[3.255s] DEBUG:colcon.colcon_core.event_handler.log_command:Invoked command in '/home/shiyuan/bald_dolphin_ws/build/kinematic_utils' returned '1': CMAKE_PREFIX_PATH=${CMAKE_PREFIX_PATH}:/home/shiyuan/dev_ws/install/learning_urdf:/home/shiyuan/dev_ws/install/learning_topic:/home/shiyuan/dev_ws/install/learning_tf:/home/shiyuan/dev_ws/install/learning_service:/home/shiyuan/dev_ws/install/learning_qos:/home/shiyuan/dev_ws/install/learning_pkg_python:/home/shiyuan/dev_ws/install/learning_parameter:/home/shiyuan/dev_ws/install/learning_node:/home/shiyuan/dev_ws/install/learning_launch:/home/shiyuan/dev_ws/install/learning_action:/home/shiyuan/dev_ws/install/learning_gazebo:/opt/ros/humble WSLENV=ELECTRON_RUN_AS_NODE/w: /usr/bin/cmake /home/shiyuan/bald_dolphin_ws/src/kinematic_utils -DCMAKE_INSTALL_PREFIX=/home/shiyuan/bald_dolphin_ws/install/kinematic_utils
[3.262s] Level 1:colcon.colcon_core.environment:create_environment_scripts_only(kinematic_utils)
[3.264s] Level 1:colcon.colcon_core.environment:checking '/home/shiyuan/bald_dolphin_ws/install/kinematic_utils' for CMake module files
[3.264s] Level 1:colcon.colcon_core.environment:checking '/home/shiyuan/bald_dolphin_ws/install/kinematic_utils' for CMake config files
[3.264s] Level 1:colcon.colcon_core.environment:checking '/home/shiyuan/bald_dolphin_ws/install/kinematic_utils/bin'
[3.264s] Level 1:colcon.colcon_core.environment:checking '/home/shiyuan/bald_dolphin_ws/install/kinematic_utils/lib/pkgconfig/kinematic_utils.pc'
[3.264s] Level 1:colcon.colcon_core.environment:checking '/home/shiyuan/bald_dolphin_ws/install/kinematic_utils/lib/python3.10/site-packages'
[3.264s] Level 1:colcon.colcon_core.environment:checking '/home/shiyuan/bald_dolphin_ws/install/kinematic_utils/bin'
[3.265s] INFO:colcon.colcon_core.shell:Creating package descriptor '/home/shiyuan/bald_dolphin_ws/install/kinematic_utils/share/kinematic_utils/package.dsv'
[3.266s] INFO:colcon.colcon_core.shell:Creating package script '/home/shiyuan/bald_dolphin_ws/install/kinematic_utils/share/kinematic_utils/package.sh'
[3.266s] Level 1:colcon.colcon_core.environment:create_file_with_runtime_dependencies(/home/shiyuan/bald_dolphin_ws/install/kinematic_utils/share/colcon-core/packages/kinematic_utils)
[3.266s] DEBUG:colcon.colcon_core.executor.sequential:run_until_complete 'kinematic_utils' finished with '1'
[3.266s] DEBUG:colcon.colcon_core.executor.sequential:closing loop
[3.266s] DEBUG:colcon.colcon_core.executor.sequential:loop closed
[3.267s] DEBUG:colcon.colcon_core.event_reactor:joining thread
[3.267s] DEBUG:colcon.colcon_core.event_reactor:joined thread
[3.267s] INFO:colcon.colcon_core.shell:Creating prefix script '/home/shiyuan/bald_dolphin_ws/install/local_setup.sh'
[3.268s] INFO:colcon.colcon_core.shell:Creating prefix util module '/home/shiyuan/bald_dolphin_ws/install/_local_setup_util_sh.py'
[3.270s] INFO:colcon.colcon_core.shell:Creating prefix chain script '/home/shiyuan/bald_dolphin_ws/install/setup.sh'
