[0.018s] Invoking command in '/home/shiyuanduan/RapidTile/rapid_tile_ws/build/cpp_srvcli': CMAKE_PREFIX_PATH=${CMAKE_PREFIX_PATH}:/opt/ros/humble /usr/bin/cmake --build /home/shiyuanduan/RapidTile/rapid_tile_ws/build/cpp_srvcli -- -j16 -l16
[0.112s] [ 75%] Built target server
[0.112s] [100%] Built target client
[0.121s] Invoked command in '/home/shiyuanduan/RapidTile/rapid_tile_ws/build/cpp_srvcli' returned '0': CMAKE_PREFIX_PATH=${CMAKE_PREFIX_PATH}:/opt/ros/humble /usr/bin/cmake --build /home/shiyuanduan/RapidTile/rapid_tile_ws/build/cpp_srvcli -- -j16 -l16
[0.151s] Invoking command in '/home/shiyuanduan/RapidTile/rapid_tile_ws/build/cpp_srvcli': CMAKE_PREFIX_PATH=${CMAKE_PREFIX_PATH}:/opt/ros/humble /usr/bin/cmake --install /home/shiyuanduan/RapidTile/rapid_tile_ws/build/cpp_srvcli
[0.158s] -- Install configuration: ""
[0.158s] -- Up-to-date: /home/shiyuanduan/RapidTile/rapid_tile_ws/install/cpp_srvcli/lib/cpp_srvcli/server
[0.158s] -- Up-to-date: /home/shiyuanduan/RapidTile/rapid_tile_ws/install/cpp_srvcli/lib/cpp_srvcli/client
[0.159s] -- Up-to-date: /home/shiyuanduan/RapidTile/rapid_tile_ws/install/cpp_srvcli/share/ament_index/resource_index/package_run_dependencies/cpp_srvcli
[0.159s] -- Up-to-date: /home/shiyuanduan/RapidTile/rapid_tile_ws/install/cpp_srvcli/share/ament_index/resource_index/parent_prefix_path/cpp_srvcli
[0.159s] -- Up-to-date: /home/shiyuanduan/RapidTile/rapid_tile_ws/install/cpp_srvcli/share/cpp_srvcli/environment/ament_prefix_path.sh
[0.159s] -- Up-to-date: /home/shiyuanduan/RapidTile/rapid_tile_ws/install/cpp_srvcli/share/cpp_srvcli/environment/ament_prefix_path.dsv
[0.160s] -- Up-to-date: /home/shiyuanduan/RapidTile/rapid_tile_ws/install/cpp_srvcli/share/cpp_srvcli/environment/path.sh
[0.160s] -- Up-to-date: /home/shiyuanduan/RapidTile/rapid_tile_ws/install/cpp_srvcli/share/cpp_srvcli/environment/path.dsv
[0.160s] -- Up-to-date: /home/shiyuanduan/RapidTile/rapid_tile_ws/install/cpp_srvcli/share/cpp_srvcli/local_setup.bash
[0.160s] -- Up-to-date: /home/shiyuanduan/RapidTile/rapid_tile_ws/install/cpp_srvcli/share/cpp_srvcli/local_setup.sh
[0.160s] -- Up-to-date: /home/shiyuanduan/RapidTile/rapid_tile_ws/install/cpp_srvcli/share/cpp_srvcli/local_setup.zsh
[0.160s] -- Up-to-date: /home/shiyuanduan/RapidTile/rapid_tile_ws/install/cpp_srvcli/share/cpp_srvcli/local_setup.dsv
[0.160s] -- Installing: /home/shiyuanduan/RapidTile/rapid_tile_ws/install/cpp_srvcli/share/cpp_srvcli/package.dsv
[0.160s] -- Up-to-date: /home/shiyuanduan/RapidTile/rapid_tile_ws/install/cpp_srvcli/share/ament_index/resource_index/packages/cpp_srvcli
[0.160s] -- Up-to-date: /home/shiyuanduan/RapidTile/rapid_tile_ws/install/cpp_srvcli/share/cpp_srvcli/cmake/cpp_srvcliConfig.cmake
[0.160s] -- Up-to-date: /home/shiyuanduan/RapidTile/rapid_tile_ws/install/cpp_srvcli/share/cpp_srvcli/cmake/cpp_srvcliConfig-version.cmake
[0.161s] -- Up-to-date: /home/shiyuanduan/RapidTile/rapid_tile_ws/install/cpp_srvcli/share/cpp_srvcli/package.xml
[0.163s] Invoked command in '/home/shiyuanduan/RapidTile/rapid_tile_ws/build/cpp_srvcli' returned '0': CMAKE_PREFIX_PATH=${CMAKE_PREFIX_PATH}:/opt/ros/humble /usr/bin/cmake --install /home/shiyuanduan/RapidTile/rapid_tile_ws/build/cpp_srvcli
