[0.021s] Invoking command in '/home/shiyuanduan/RapidTile/rapid_tile_ws/build/cpp_srvcli': CMAKE_PREFIX_PATH=${CMAKE_PREFIX_PATH}:/home/shiyuanduan/RapidTile/rapid_tile_ws/install/arm_ctrl:/opt/ros/humble /usr/bin/cmake --build /home/shiyuanduan/RapidTile/rapid_tile_ws/build/cpp_srvcli -- -j16 -l16
[0.111s] [ 50%] Built target server
[0.118s] [100%] Built target client
[0.130s] Invoked command in '/home/shiyuanduan/RapidTile/rapid_tile_ws/build/cpp_srvcli' returned '0': CMAKE_PREFIX_PATH=${CMAKE_PREFIX_PATH}:/home/shiyuanduan/RapidTile/rapid_tile_ws/install/arm_ctrl:/opt/ros/humble /usr/bin/cmake --build /home/shiyuanduan/RapidTile/rapid_tile_ws/build/cpp_srvcli -- -j16 -l16
[0.163s] Invoking command in '/home/shiyuanduan/RapidTile/rapid_tile_ws/build/cpp_srvcli': CMAKE_PREFIX_PATH=${CMAKE_PREFIX_PATH}:/home/shiyuanduan/RapidTile/rapid_tile_ws/install/arm_ctrl:/opt/ros/humble /usr/bin/cmake --install /home/shiyuanduan/RapidTile/rapid_tile_ws/build/cpp_srvcli
[0.173s] -- Install configuration: ""
[0.174s] -- Up-to-date: /home/shiyuanduan/RapidTile/rapid_tile_ws/install/cpp_srvcli/lib/cpp_srvcli/server
[0.175s] -- Up-to-date: /home/shiyuanduan/RapidTile/rapid_tile_ws/install/cpp_srvcli/lib/cpp_srvcli/client
[0.175s] -- Up-to-date: /home/shiyuanduan/RapidTile/rapid_tile_ws/install/cpp_srvcli/share/ament_index/resource_index/package_run_dependencies/cpp_srvcli
[0.175s] -- Up-to-date: /home/shiyuanduan/RapidTile/rapid_tile_ws/install/cpp_srvcli/share/ament_index/resource_index/parent_prefix_path/cpp_srvcli
[0.176s] -- Up-to-date: /home/shiyuanduan/RapidTile/rapid_tile_ws/install/cpp_srvcli/share/cpp_srvcli/environment/ament_prefix_path.sh
[0.176s] -- Up-to-date: /home/shiyuanduan/RapidTile/rapid_tile_ws/install/cpp_srvcli/share/cpp_srvcli/environment/ament_prefix_path.dsv
[0.176s] -- Up-to-date: /home/shiyuanduan/RapidTile/rapid_tile_ws/install/cpp_srvcli/share/cpp_srvcli/environment/path.sh
[0.176s] -- Up-to-date: /home/shiyuanduan/RapidTile/rapid_tile_ws/install/cpp_srvcli/share/cpp_srvcli/environment/path.dsv
[0.176s] -- Up-to-date: /home/shiyuanduan/RapidTile/rapid_tile_ws/install/cpp_srvcli/share/cpp_srvcli/local_setup.bash
[0.176s] -- Up-to-date: /home/shiyuanduan/RapidTile/rapid_tile_ws/install/cpp_srvcli/share/cpp_srvcli/local_setup.sh
[0.176s] -- Up-to-date: /home/shiyuanduan/RapidTile/rapid_tile_ws/install/cpp_srvcli/share/cpp_srvcli/local_setup.zsh
[0.176s] -- Up-to-date: /home/shiyuanduan/RapidTile/rapid_tile_ws/install/cpp_srvcli/share/cpp_srvcli/local_setup.dsv
[0.177s] -- Installing: /home/shiyuanduan/RapidTile/rapid_tile_ws/install/cpp_srvcli/share/cpp_srvcli/package.dsv
[0.177s] -- Up-to-date: /home/shiyuanduan/RapidTile/rapid_tile_ws/install/cpp_srvcli/share/ament_index/resource_index/packages/cpp_srvcli
[0.178s] -- Up-to-date: /home/shiyuanduan/RapidTile/rapid_tile_ws/install/cpp_srvcli/share/cpp_srvcli/cmake/cpp_srvcliConfig.cmake
[0.178s] -- Up-to-date: /home/shiyuanduan/RapidTile/rapid_tile_ws/install/cpp_srvcli/share/cpp_srvcli/cmake/cpp_srvcliConfig-version.cmake
[0.178s] -- Up-to-date: /home/shiyuanduan/RapidTile/rapid_tile_ws/install/cpp_srvcli/share/cpp_srvcli/package.xml
[0.180s] Invoked command in '/home/shiyuanduan/RapidTile/rapid_tile_ws/build/cpp_srvcli' returned '0': CMAKE_PREFIX_PATH=${CMAKE_PREFIX_PATH}:/home/shiyuanduan/RapidTile/rapid_tile_ws/install/arm_ctrl:/opt/ros/humble /usr/bin/cmake --install /home/shiyuanduan/RapidTile/rapid_tile_ws/build/cpp_srvcli
